{"/home/d1g1tal/development/projects/tsbuild/src/constants.ts": {"path":"/home/d1g1tal/development/projects/tsbuild/src/constants.ts","statementMap":{"0":{"start":{"line":5,"column":18},"end":{"line":5,"column":null}},"1":{"start":{"line":6,"column":16},"end":{"line":6,"column":null}},"2":{"start":{"line":7,"column":17},"end":{"line":7,"column":null}},"3":{"start":{"line":8,"column":25},"end":{"line":8,"column":null}},"4":{"start":{"line":9,"column":28},"end":{"line":9,"column":null}},"5":{"start":{"line":10,"column":57},"end":{"line":25,"column":null}},"6":{"start":{"line":28,"column":63},"end":{"line":43,"column":null}},"7":{"start":{"line":45,"column":63},"end":{"line":51,"column":null}},"8":{"start":{"line":58,"column":19},"end":{"line":58,"column":null}},"9":{"start":{"line":58,"column":55},"end":{"line":58,"column":null}},"10":{"start":{"line":65,"column":27},"end":{"line":65,"column":null}},"11":{"start":{"line":65,"column":80},"end":{"line":65,"column":null}},"12":{"start":{"line":67,"column":17},"end":{"line":88,"column":null}},"13":{"start":{"line":90,"column":22},"end":{"line":95,"column":null}},"14":{"start":{"line":99,"column":17},"end":{"line":102,"column":null}},"15":{"start":{"line":104,"column":26},"end":{"line":104,"column":null}},"16":{"start":{"line":105,"column":28},"end":{"line":105,"column":null}},"17":{"start":{"line":106,"column":28},"end":{"line":106,"column":null}},"18":{"start":{"line":107,"column":26},"end":{"line":107,"column":null}},"19":{"start":{"line":108,"column":31},"end":{"line":108,"column":null}},"20":{"start":{"line":109,"column":25},"end":{"line":109,"column":null}},"21":{"start":{"line":110,"column":23},"end":{"line":110,"column":null}},"22":{"start":{"line":111,"column":22},"end":{"line":111,"column":null}},"23":{"start":{"line":112,"column":21},"end":{"line":112,"column":null}},"24":{"start":{"line":114,"column":24},"end":{"line":114,"column":null}},"25":{"start":{"line":115,"column":15},"end":{"line":115,"column":null}},"26":{"start":{"line":116,"column":16},"end":{"line":116,"column":null}},"27":{"start":{"line":117,"column":28},"end":{"line":117,"column":null}},"28":{"start":{"line":118,"column":48},"end":{"line":118,"column":null}},"29":{"start":{"line":119,"column":46},"end":{"line":119,"column":null}},"30":{"start":{"line":121,"column":43},"end":{"line":121,"column":null}},"31":{"start":{"line":123,"column":34},"end":{"line":123,"column":null}}},"fnMap":{"0":{"name":"(anonymous_0)","decl":{"start":{"line":58,"column":19},"end":{"line":58,"column":20}},"loc":{"start":{"line":58,"column":55},"end":{"line":58,"column":null}},"line":58},"1":{"name":"(anonymous_1)","decl":{"start":{"line":65,"column":27},"end":{"line":65,"column":28}},"loc":{"start":{"line":65,"column":80},"end":{"line":65,"column":null}},"line":65}},"branchMap":{"0":{"loc":{"start":{"line":65,"column":80},"end":{"line":65,"column":null}},"type":"cond-expr","locations":[{"start":{"line":65,"column":104},"end":{"line":65,"column":126}},{"start":{"line":65,"column":126},"end":{"line":65,"column":null}}],"line":65}},"s":{"0":54,"1":54,"2":54,"3":54,"4":54,"5":54,"6":54,"7":54,"8":54,"9":46,"10":54,"11":20,"12":54,"13":54,"14":54,"15":54,"16":54,"17":54,"18":54,"19":54,"20":54,"21":54,"22":54,"23":54,"24":54,"25":54,"26":54,"27":54,"28":54,"29":54,"30":54,"31":54},"f":{"0":46,"1":20},"b":{"0":[0,20]},"meta":{"lastBranch":1,"lastFunction":2,"lastStatement":32,"seen":{"s:5:18:5:Infinity":0,"s:6:16:6:Infinity":1,"s:7:17:7:Infinity":2,"s:8:25:8:Infinity":3,"s:9:28:9:Infinity":4,"s:10:57:25:Infinity":5,"s:28:63:43:Infinity":6,"s:45:63:51:Infinity":7,"s:58:19:58:Infinity":8,"f:58:19:58:20":0,"s:58:55:58:Infinity":9,"s:65:27:65:Infinity":10,"f:65:27:65:28":1,"s:65:80:65:Infinity":11,"b:65:104:65:126:65:126:65:Infinity":0,"s:67:17:88:Infinity":12,"s:90:22:95:Infinity":13,"s:99:17:102:Infinity":14,"s:104:26:104:Infinity":15,"s:105:28:105:Infinity":16,"s:106:28:106:Infinity":17,"s:107:26:107:Infinity":18,"s:108:31:108:Infinity":19,"s:109:25:109:Infinity":20,"s:110:23:110:Infinity":21,"s:111:22:111:Infinity":22,"s:112:21:112:Infinity":23,"s:114:24:114:Infinity":24,"s:115:15:115:Infinity":25,"s:116:16:116:Infinity":26,"s:117:28:117:Infinity":27,"s:118:48:118:Infinity":28,"s:119:46:119:Infinity":29,"s:121:43:121:Infinity":30,"s:123:34:123:Infinity":31}}}
,"/home/d1g1tal/development/projects/tsbuild/src/errors.ts": {"path":"/home/d1g1tal/development/projects/tsbuild/src/errors.ts","statementMap":{"0":{"start":{"line":18,"column":2},"end":{"line":18,"column":null}},"1":{"start":{"line":17,"column":46},"end":{"line":17,"column":61}},"2":{"start":{"line":19,"column":2},"end":{"line":19,"column":null}},"3":{"start":{"line":20,"column":2},"end":{"line":20,"column":null}},"4":{"start":{"line":34,"column":2},"end":{"line":34,"column":null}},"5":{"start":{"line":33,"column":46},"end":{"line":33,"column":68}},"6":{"start":{"line":35,"column":2},"end":{"line":35,"column":null}},"7":{"start":{"line":48,"column":2},"end":{"line":48,"column":null}},"8":{"start":{"line":49,"column":2},"end":{"line":49,"column":null}},"9":{"start":{"line":62,"column":2},"end":{"line":62,"column":null}},"10":{"start":{"line":63,"column":2},"end":{"line":63,"column":null}},"11":{"start":{"line":75,"column":25},"end":{"line":75,"column":null}},"12":{"start":{"line":76,"column":19},"end":{"line":76,"column":null}},"13":{"start":{"line":77,"column":2},"end":{"line":77,"column":null}},"14":{"start":{"line":86,"column":25},"end":{"line":90,"column":null}},"15":{"start":{"line":87,"column":1},"end":{"line":87,"column":null}},"16":{"start":{"line":87,"column":35},"end":{"line":87,"column":52}},"17":{"start":{"line":89,"column":1},"end":{"line":89,"column":null}}},"fnMap":{"0":{"name":"(anonymous_0)","decl":{"start":{"line":17,"column":1},"end":{"line":17,"column":13}},"loc":{"start":{"line":17,"column":64},"end":{"line":21,"column":null}},"line":17},"1":{"name":"(anonymous_1)","decl":{"start":{"line":33,"column":1},"end":{"line":33,"column":13}},"loc":{"start":{"line":33,"column":68},"end":{"line":36,"column":null}},"line":33},"2":{"name":"(anonymous_2)","decl":{"start":{"line":47,"column":1},"end":{"line":47,"column":13}},"loc":{"start":{"line":47,"column":30},"end":{"line":50,"column":null}},"line":47},"3":{"name":"(anonymous_3)","decl":{"start":{"line":61,"column":1},"end":{"line":61,"column":13}},"loc":{"start":{"line":61,"column":30},"end":{"line":64,"column":null}},"line":61},"4":{"name":"(anonymous_4)","decl":{"start":{"line":74,"column":1},"end":{"line":74,"column":13}},"loc":{"start":{"line":74,"column":71},"end":{"line":78,"column":null}},"line":74},"5":{"name":"(anonymous_5)","decl":{"start":{"line":86,"column":25},"end":{"line":86,"column":26}},"loc":{"start":{"line":86,"column":56},"end":{"line":90,"column":null}},"line":86}},"branchMap":{"0":{"loc":{"start":{"line":17,"column":46},"end":{"line":17,"column":64}},"type":"default-arg","locations":[{"start":{"line":17,"column":61},"end":{"line":17,"column":64}}],"line":17},"1":{"loc":{"start":{"line":74,"column":25},"end":{"line":74,"column":71}},"type":"default-arg","locations":[{"start":{"line":74,"column":43},"end":{"line":74,"column":71}}],"line":74},"2":{"loc":{"start":{"line":75,"column":25},"end":{"line":75,"column":null}},"type":"binary-expr","locations":[{"start":{"line":75,"column":25},"end":{"line":75,"column":50}},{"start":{"line":75,"column":50},"end":{"line":75,"column":null}}],"line":75},"3":{"loc":{"start":{"line":76,"column":19},"end":{"line":76,"column":null}},"type":"cond-expr","locations":[{"start":{"line":76,"column":34},"end":{"line":76,"column":65}},{"start":{"line":76,"column":65},"end":{"line":76,"column":null}}],"line":76},"4":{"loc":{"start":{"line":87,"column":1},"end":{"line":87,"column":null}},"type":"if","locations":[{"start":{"line":87,"column":1},"end":{"line":87,"column":null}},{"start":{},"end":{}}],"line":87},"5":{"loc":{"start":{"line":89,"column":18},"end":{"line":89,"column":77}},"type":"cond-expr","locations":[{"start":{"line":89,"column":50},"end":{"line":89,"column":62}},{"start":{"line":89,"column":62},"end":{"line":89,"column":77}}],"line":89}},"s":{"0":10,"1":10,"2":10,"3":10,"4":5,"5":5,"6":5,"7":3,"8":3,"9":1,"10":1,"11":10,"12":10,"13":10,"14":37,"15":5,"16":2,"17":3},"f":{"0":10,"1":5,"2":3,"3":1,"4":10,"5":5},"b":{"0":[10],"1":[10],"2":[10,1],"3":[8,2],"4":[2,3],"5":[2,1]},"meta":{"lastBranch":6,"lastFunction":6,"lastStatement":18,"seen":{"f:17:1:17:13":0,"b:17:61:17:64":0,"s:18:2:18:Infinity":0,"s:17:46:17:61":1,"s:19:2:19:Infinity":2,"s:20:2:20:Infinity":3,"f:33:1:33:13":1,"s:34:2:34:Infinity":4,"s:33:46:33:68":5,"s:35:2:35:Infinity":6,"f:47:1:47:13":2,"s:48:2:48:Infinity":7,"s:49:2:49:Infinity":8,"f:61:1:61:13":3,"s:62:2:62:Infinity":9,"s:63:2:63:Infinity":10,"f:74:1:74:13":4,"b:74:43:74:71":1,"s:75:25:75:Infinity":11,"b:75:25:75:50:75:50:75:Infinity":2,"s:76:19:76:Infinity":12,"b:76:34:76:65:76:65:76:Infinity":3,"s:77:2:77:Infinity":13,"s:86:25:90:Infinity":14,"f:86:25:86:26":5,"b:87:1:87:Infinity:undefined:undefined:undefined:undefined":4,"s:87:1:87:Infinity":15,"s:87:35:87:52":16,"s:89:1:89:Infinity":17,"b:89:50:89:62:89:62:89:77":5}}}
,"/home/d1g1tal/development/projects/tsbuild/src/file-manager.ts": {"path":"/home/d1g1tal/development/projects/tsbuild/src/file-manager.ts","statementMap":{"0":{"start":{"line":42,"column":36},"end":{"line":42,"column":null}},"1":{"start":{"line":43,"column":37},"end":{"line":43,"column":null}},"2":{"start":{"line":179,"column":14},"end":{"line":191,"column":null}},"3":{"start":{"line":51,"column":2},"end":{"line":51,"column":null}},"4":{"start":{"line":68,"column":2},"end":{"line":68,"column":null}},"5":{"start":{"line":70,"column":2},"end":{"line":76,"column":null}},"6":{"start":{"line":72,"column":3},"end":{"line":72,"column":null}},"7":{"start":{"line":75,"column":3},"end":{"line":75,"column":null}},"8":{"start":{"line":93,"column":2},"end":{"line":93,"column":null}},"9":{"start":{"line":93,"column":44},"end":{"line":93,"column":89}},"10":{"start":{"line":97,"column":2},"end":{"line":97,"column":null}},"11":{"start":{"line":108,"column":2},"end":{"line":108,"column":null}},"12":{"start":{"line":119,"column":2},"end":{"line":119,"column":null}},"13":{"start":{"line":119,"column":42},"end":{"line":119,"column":52}},"14":{"start":{"line":121,"column":45},"end":{"line":121,"column":null}},"15":{"start":{"line":122,"column":2},"end":{"line":124,"column":null}},"16":{"start":{"line":123,"column":3},"end":{"line":123,"column":null}},"17":{"start":{"line":126,"column":2},"end":{"line":126,"column":null}},"18":{"start":{"line":139,"column":2},"end":{"line":141,"column":null}},"19":{"start":{"line":140,"column":3},"end":{"line":140,"column":null}},"20":{"start":{"line":144,"column":47},"end":{"line":144,"column":null}},"21":{"start":{"line":145,"column":2},"end":{"line":147,"column":null}},"22":{"start":{"line":146,"column":3},"end":{"line":146,"column":null}},"23":{"start":{"line":146,"column":40},"end":{"line":146,"column":60}},"24":{"start":{"line":149,"column":2},"end":{"line":149,"column":null}},"25":{"start":{"line":157,"column":2},"end":{"line":157,"column":null}},"26":{"start":{"line":168,"column":2},"end":{"line":168,"column":null}},"27":{"start":{"line":169,"column":2},"end":{"line":169,"column":null}},"28":{"start":{"line":180,"column":2},"end":{"line":187,"column":null}},"29":{"start":{"line":182,"column":3},"end":{"line":182,"column":null}},"30":{"start":{"line":186,"column":3},"end":{"line":186,"column":null}},"31":{"start":{"line":190,"column":2},"end":{"line":190,"column":null}},"32":{"start":{"line":190,"column":31},"end":{"line":190,"column":59}},"33":{"start":{"line":199,"column":2},"end":{"line":199,"column":null}}},"fnMap":{"0":{"name":"(anonymous_0)","decl":{"start":{"line":50,"column":1},"end":{"line":50,"column":13}},"loc":{"start":{"line":50,"column":38},"end":{"line":52,"column":null}},"line":50},"1":{"name":"(anonymous_1)","decl":{"start":{"line":66,"column":7},"end":{"line":66,"column":35}},"loc":{"start":{"line":66,"column":35},"end":{"line":77,"column":null}},"line":66},"2":{"name":"(anonymous_2)","decl":{"start":{"line":92,"column":7},"end":{"line":92,"column":36}},"loc":{"start":{"line":92,"column":36},"end":{"line":98,"column":null}},"line":92},"3":{"name":"(anonymous_3)","decl":{"start":{"line":107,"column":1},"end":{"line":107,"column":69}},"loc":{"start":{"line":107,"column":69},"end":{"line":109,"column":null}},"line":107},"4":{"name":"(anonymous_4)","decl":{"start":{"line":118,"column":7},"end":{"line":118,"column":18}},"loc":{"start":{"line":118,"column":74},"end":{"line":127,"column":null}},"line":118},"5":{"name":"(anonymous_5)","decl":{"start":{"line":137,"column":1},"end":{"line":137,"column":20}},"loc":{"start":{"line":137,"column":127},"end":{"line":150,"column":null}},"line":137},"6":{"name":"(anonymous_6)","decl":{"start":{"line":156,"column":1},"end":{"line":156,"column":15}},"loc":{"start":{"line":156,"column":15},"end":{"line":158,"column":null}},"line":156},"7":{"name":"(anonymous_7)","decl":{"start":{"line":167,"column":15},"end":{"line":167,"column":25}},"loc":{"start":{"line":167,"column":120},"end":{"line":170,"column":null}},"line":167},"8":{"name":"(anonymous_8)","decl":{"start":{"line":179,"column":14},"end":{"line":179,"column":15}},"loc":{"start":{"line":179,"column":56},"end":{"line":191,"column":null}},"line":179},"9":{"name":"(anonymous_9)","decl":{"start":{"line":198,"column":6},"end":{"line":198,"column":24}},"loc":{"start":{"line":198,"column":36},"end":{"line":200,"column":null}},"line":198}},"branchMap":{"0":{"loc":{"start":{"line":70,"column":2},"end":{"line":76,"column":null}},"type":"if","locations":[{"start":{"line":70,"column":2},"end":{"line":76,"column":null}},{"start":{"line":73,"column":9},"end":{"line":76,"column":null}}],"line":70},"1":{"loc":{"start":{"line":93,"column":2},"end":{"line":93,"column":null}},"type":"if","locations":[{"start":{"line":93,"column":2},"end":{"line":93,"column":null}},{"start":{},"end":{}}],"line":93},"2":{"loc":{"start":{"line":93,"column":6},"end":{"line":93,"column":42}},"type":"binary-expr","locations":[{"start":{"line":93,"column":6},"end":{"line":93,"column":20}},{"start":{"line":93,"column":20},"end":{"line":93,"column":42}}],"line":93},"3":{"loc":{"start":{"line":97,"column":9},"end":{"line":97,"column":null}},"type":"binary-expr","locations":[{"start":{"line":97,"column":9},"end":{"line":97,"column":37}},{"start":{"line":97,"column":37},"end":{"line":97,"column":null}}],"line":97},"4":{"loc":{"start":{"line":119,"column":2},"end":{"line":119,"column":null}},"type":"if","locations":[{"start":{"line":119,"column":2},"end":{"line":119,"column":null}},{"start":{},"end":{}}],"line":119},"5":{"loc":{"start":{"line":139,"column":2},"end":{"line":141,"column":null}},"type":"if","locations":[{"start":{"line":139,"column":2},"end":{"line":141,"column":null}},{"start":{},"end":{}}],"line":139},"6":{"loc":{"start":{"line":140,"column":10},"end":{"line":140,"column":null}},"type":"cond-expr","locations":[{"start":{"line":140,"column":52},"end":{"line":140,"column":117}},{"start":{"line":140,"column":117},"end":{"line":140,"column":null}}],"line":140},"7":{"loc":{"start":{"line":146,"column":3},"end":{"line":146,"column":null}},"type":"if","locations":[{"start":{"line":146,"column":3},"end":{"line":146,"column":null}},{"start":{},"end":{}}],"line":146},"8":{"loc":{"start":{"line":180,"column":2},"end":{"line":187,"column":null}},"type":"if","locations":[{"start":{"line":180,"column":2},"end":{"line":187,"column":null}},{"start":{"line":183,"column":9},"end":{"line":187,"column":null}}],"line":180},"9":{"loc":{"start":{"line":190,"column":2},"end":{"line":190,"column":null}},"type":"if","locations":[{"start":{"line":190,"column":2},"end":{"line":190,"column":null}},{"start":{},"end":{}}],"line":190}},"s":{"0":64,"1":64,"2":54,"3":64,"4":48,"5":48,"6":35,"7":13,"8":34,"9":25,"10":34,"11":27,"12":3,"13":1,"14":2,"15":2,"16":2,"17":2,"18":16,"19":10,"20":6,"21":6,"22":13,"23":5,"24":6,"25":4,"26":2,"27":2,"28":54,"29":16,"30":38,"31":54,"32":33,"33":2},"f":{"0":64,"1":48,"2":34,"3":27,"4":3,"5":16,"6":4,"7":2,"8":54,"9":2},"b":{"0":[35,13],"1":[25,9],"2":[34,28],"3":[34,28],"4":[1,2],"5":[10,6],"6":[7,3],"7":[5,8],"8":[16,38],"9":[33,21]},"meta":{"lastBranch":10,"lastFunction":10,"lastStatement":34,"seen":{"s:42:36:42:Infinity":0,"s:43:37:43:Infinity":1,"s:179:14:191:Infinity":2,"f:50:1:50:13":0,"s:51:2:51:Infinity":3,"f:66:7:66:35":1,"s:68:2:68:Infinity":4,"b:70:2:76:Infinity:73:9:76:Infinity":0,"s:70:2:76:Infinity":5,"s:72:3:72:Infinity":6,"s:75:3:75:Infinity":7,"f:92:7:92:36":2,"b:93:2:93:Infinity:undefined:undefined:undefined:undefined":1,"s:93:2:93:Infinity":8,"b:93:6:93:20:93:20:93:42":2,"s:93:44:93:89":9,"s:97:2:97:Infinity":10,"b:97:9:97:37:97:37:97:Infinity":3,"f:107:1:107:69":3,"s:108:2:108:Infinity":11,"f:118:7:118:18":4,"b:119:2:119:Infinity:undefined:undefined:undefined:undefined":4,"s:119:2:119:Infinity":12,"s:119:42:119:52":13,"s:121:45:121:Infinity":14,"s:122:2:124:Infinity":15,"s:123:3:123:Infinity":16,"s:126:2:126:Infinity":17,"f:137:1:137:20":5,"b:139:2:141:Infinity:undefined:undefined:undefined:undefined":5,"s:139:2:141:Infinity":18,"s:140:3:140:Infinity":19,"b:140:52:140:117:140:117:140:Infinity":6,"s:144:47:144:Infinity":20,"s:145:2:147:Infinity":21,"b:146:3:146:Infinity:undefined:undefined:undefined:undefined":7,"s:146:3:146:Infinity":22,"s:146:40:146:60":23,"s:149:2:149:Infinity":24,"f:156:1:156:15":6,"s:157:2:157:Infinity":25,"f:167:15:167:25":7,"s:168:2:168:Infinity":26,"s:169:2:169:Infinity":27,"f:179:14:179:15":8,"b:180:2:187:Infinity:183:9:187:Infinity":8,"s:180:2:187:Infinity":28,"s:182:3:182:Infinity":29,"s:186:3:186:Infinity":30,"b:190:2:190:Infinity:undefined:undefined:undefined:undefined":9,"s:190:2:190:Infinity":31,"s:190:31:190:59":32,"f:198:6:198:24":9,"s:199:2:199:Infinity":33}}}
,"/home/d1g1tal/development/projects/tsbuild/src/files.ts": {"path":"/home/d1g1tal/development/projects/tsbuild/src/files.ts","statementMap":{"0":{"start":{"line":26,"column":2},"end":{"line":34,"column":null}},"1":{"start":{"line":27,"column":3},"end":{"line":27,"column":null}},"2":{"start":{"line":28,"column":3},"end":{"line":28,"column":null}},"3":{"start":{"line":31,"column":3},"end":{"line":31,"column":null}},"4":{"start":{"line":31,"column":61},"end":{"line":31,"column":74}},"5":{"start":{"line":33,"column":3},"end":{"line":33,"column":null}},"6":{"start":{"line":43,"column":2},"end":{"line":45,"column":null}},"7":{"start":{"line":44,"column":3},"end":{"line":44,"column":null}},"8":{"start":{"line":44,"column":53},"end":{"line":44,"column":114}},"9":{"start":{"line":57,"column":2},"end":{"line":57,"column":null}},"10":{"start":{"line":58,"column":2},"end":{"line":58,"column":null}},"11":{"start":{"line":68,"column":2},"end":{"line":68,"column":null}},"12":{"start":{"line":77,"column":2},"end":{"line":77,"column":null}},"13":{"start":{"line":86,"column":2},"end":{"line":86,"column":null}},"14":{"start":{"line":96,"column":2},"end":{"line":96,"column":null}},"15":{"start":{"line":96,"column":31},"end":{"line":96,"column":126}},"16":{"start":{"line":96,"column":86},"end":{"line":96,"column":125}},"17":{"start":{"line":106,"column":2},"end":{"line":106,"column":null}},"18":{"start":{"line":106,"column":31},"end":{"line":106,"column":124}},"19":{"start":{"line":106,"column":84},"end":{"line":106,"column":123}},"20":{"start":{"line":116,"column":2},"end":{"line":116,"column":null}},"21":{"start":{"line":126,"column":25},"end":{"line":126,"column":null}},"22":{"start":{"line":127,"column":2},"end":{"line":127,"column":null}},"23":{"start":{"line":128,"column":2},"end":{"line":128,"column":null}}},"fnMap":{"0":{"name":"(anonymous_0)","decl":{"start":{"line":18,"column":9},"end":{"line":18,"column":23}},"loc":{"start":{"line":18,"column":23},"end":{"line":18,"column":null}},"line":18},"1":{"name":"(anonymous_1)","decl":{"start":{"line":25,"column":14},"end":{"line":25,"column":21}},"loc":{"start":{"line":25,"column":64},"end":{"line":35,"column":null}},"line":25},"2":{"name":"(anonymous_2)","decl":{"start":{"line":41,"column":14},"end":{"line":41,"column":20}},"loc":{"start":{"line":41,"column":61},"end":{"line":46,"column":null}},"line":41},"3":{"name":"(anonymous_3)","decl":{"start":{"line":44,"column":52},"end":{"line":44,"column":53}},"loc":{"start":{"line":44,"column":53},"end":{"line":44,"column":114}},"line":44},"4":{"name":"(anonymous_4)","decl":{"start":{"line":55,"column":14},"end":{"line":55,"column":20}},"loc":{"start":{"line":55,"column":137},"end":{"line":59,"column":null}},"line":55},"5":{"name":"(anonymous_5)","decl":{"start":{"line":67,"column":14},"end":{"line":67,"column":55}},"loc":{"start":{"line":67,"column":125},"end":{"line":69,"column":null}},"line":67},"6":{"name":"(anonymous_6)","decl":{"start":{"line":76,"column":14},"end":{"line":76,"column":28}},"loc":{"start":{"line":76,"column":68},"end":{"line":78,"column":null}},"line":76},"7":{"name":"(anonymous_7)","decl":{"start":{"line":85,"column":8},"end":{"line":85,"column":22}},"loc":{"start":{"line":85,"column":48},"end":{"line":87,"column":null}},"line":85},"8":{"name":"(anonymous_8)","decl":{"start":{"line":95,"column":8},"end":{"line":95,"column":25}},"loc":{"start":{"line":95,"column":58},"end":{"line":97,"column":null}},"line":95},"9":{"name":"(anonymous_9)","decl":{"start":{"line":96,"column":21},"end":{"line":96,"column":22}},"loc":{"start":{"line":96,"column":31},"end":{"line":96,"column":126}},"line":96},"10":{"name":"(anonymous_10)","decl":{"start":{"line":96,"column":67},"end":{"line":96,"column":68}},"loc":{"start":{"line":96,"column":86},"end":{"line":96,"column":125}},"line":96},"11":{"name":"(anonymous_11)","decl":{"start":{"line":105,"column":8},"end":{"line":105,"column":23}},"loc":{"start":{"line":105,"column":56},"end":{"line":107,"column":null}},"line":105},"12":{"name":"(anonymous_12)","decl":{"start":{"line":106,"column":21},"end":{"line":106,"column":22}},"loc":{"start":{"line":106,"column":31},"end":{"line":106,"column":124}},"line":106},"13":{"name":"(anonymous_13)","decl":{"start":{"line":106,"column":65},"end":{"line":106,"column":66}},"loc":{"start":{"line":106,"column":84},"end":{"line":106,"column":123}},"line":106},"14":{"name":"(anonymous_14)","decl":{"start":{"line":115,"column":14},"end":{"line":115,"column":42}},"loc":{"start":{"line":115,"column":66},"end":{"line":117,"column":null}},"line":115},"15":{"name":"(anonymous_15)","decl":{"start":{"line":125,"column":14},"end":{"line":125,"column":33}},"loc":{"start":{"line":125,"column":69},"end":{"line":129,"column":null}},"line":125}},"branchMap":{"0":{"loc":{"start":{"line":31,"column":3},"end":{"line":31,"column":null}},"type":"if","locations":[{"start":{"line":31,"column":3},"end":{"line":31,"column":null}},{"start":{},"end":{}}],"line":31},"1":{"loc":{"start":{"line":43,"column":2},"end":{"line":45,"column":null}},"type":"if","locations":[{"start":{"line":43,"column":2},"end":{"line":45,"column":null}},{"start":{},"end":{}}],"line":43},"2":{"loc":{"start":{"line":55,"column":65},"end":{"line":55,"column":137}},"type":"default-arg","locations":[{"start":{"line":55,"column":93},"end":{"line":55,"column":137}}],"line":55},"3":{"loc":{"start":{"line":67,"column":71},"end":{"line":67,"column":125}},"type":"default-arg","locations":[{"start":{"line":67,"column":98},"end":{"line":67,"column":125}}],"line":67},"4":{"loc":{"start":{"line":86,"column":10},"end":{"line":86,"column":null}},"type":"cond-expr","locations":[{"start":{"line":86,"column":63},"end":{"line":86,"column":70}},{"start":{"line":86,"column":70},"end":{"line":86,"column":null}}],"line":86},"5":{"loc":{"start":{"line":86,"column":10},"end":{"line":86,"column":63}},"type":"binary-expr","locations":[{"start":{"line":86,"column":10},"end":{"line":86,"column":34}},{"start":{"line":86,"column":34},"end":{"line":86,"column":63}}],"line":86},"6":{"loc":{"start":{"line":96,"column":86},"end":{"line":96,"column":125}},"type":"cond-expr","locations":[{"start":{"line":96,"column":94},"end":{"line":96,"column":110}},{"start":{"line":96,"column":110},"end":{"line":96,"column":125}}],"line":96},"7":{"loc":{"start":{"line":106,"column":84},"end":{"line":106,"column":123}},"type":"cond-expr","locations":[{"start":{"line":106,"column":92},"end":{"line":106,"column":108}},{"start":{"line":106,"column":108},"end":{"line":106,"column":123}}],"line":106}},"s":{"0":16,"1":16,"2":8,"3":8,"4":7,"5":1,"6":6,"7":2,"8":2,"9":39,"10":39,"11":1,"12":0,"13":96,"14":11,"15":11,"16":11,"17":32,"18":32,"19":32,"20":61,"21":32,"22":32,"23":32},"f":{"0":0,"1":23,"2":23,"3":2,"4":23,"5":23,"6":23,"7":23,"8":23,"9":11,"10":11,"11":23,"12":32,"13":32,"14":23,"15":23},"b":{"0":[7,1],"1":[2,4],"2":[39],"3":[1],"4":[95,1],"5":[96,1],"6":[0,11],"7":[0,32]},"meta":{"lastBranch":8,"lastFunction":16,"lastStatement":24,"seen":{"f:18:9:18:23":0,"f:25:14:25:21":1,"s:26:2:34:Infinity":0,"s:27:3:27:Infinity":1,"s:28:3:28:Infinity":2,"b:31:3:31:Infinity:undefined:undefined:undefined:undefined":0,"s:31:3:31:Infinity":3,"s:31:61:31:74":4,"s:33:3:33:Infinity":5,"f:41:14:41:20":2,"b:43:2:45:Infinity:undefined:undefined:undefined:undefined":1,"s:43:2:45:Infinity":6,"s:44:3:44:Infinity":7,"f:44:52:44:53":3,"s:44:53:44:114":8,"f:55:14:55:20":4,"b:55:93:55:137":2,"s:57:2:57:Infinity":9,"s:58:2:58:Infinity":10,"f:67:14:67:55":5,"b:67:98:67:125":3,"s:68:2:68:Infinity":11,"f:76:14:76:28":6,"s:77:2:77:Infinity":12,"f:85:8:85:22":7,"s:86:2:86:Infinity":13,"b:86:63:86:70:86:70:86:Infinity":4,"b:86:10:86:34:86:34:86:63":5,"f:95:8:95:25":8,"s:96:2:96:Infinity":14,"f:96:21:96:22":9,"s:96:31:96:126":15,"f:96:67:96:68":10,"s:96:86:96:125":16,"b:96:94:96:110:96:110:96:125":6,"f:105:8:105:23":11,"s:106:2:106:Infinity":17,"f:106:21:106:22":12,"s:106:31:106:124":18,"f:106:65:106:66":13,"s:106:84:106:123":19,"b:106:92:106:108:106:108:106:123":7,"f:115:14:115:42":14,"s:116:2:116:Infinity":20,"f:125:14:125:33":15,"s:126:25:126:Infinity":21,"s:127:2:127:Infinity":22,"s:128:2:128:Infinity":23}}}
,"/home/d1g1tal/development/projects/tsbuild/src/incremental-build-cache.ts": {"path":"/home/d1g1tal/development/projects/tsbuild/src/incremental-build-cache.ts","statementMap":{"0":{"start":{"line":26,"column":2},"end":{"line":26,"column":null}},"1":{"start":{"line":27,"column":2},"end":{"line":27,"column":null}},"2":{"start":{"line":28,"column":2},"end":{"line":28,"column":null}},"3":{"start":{"line":30,"column":2},"end":{"line":30,"column":null}},"4":{"start":{"line":38,"column":2},"end":{"line":46,"column":null}},"5":{"start":{"line":39,"column":17},"end":{"line":39,"column":null}},"6":{"start":{"line":42,"column":3},"end":{"line":42,"column":null}},"7":{"start":{"line":45,"column":3},"end":{"line":45,"column":null}},"8":{"start":{"line":57,"column":16},"end":{"line":57,"column":null}},"9":{"start":{"line":59,"column":2},"end":{"line":59,"column":null}},"10":{"start":{"line":59,"column":29},"end":{"line":59,"column":36}},"11":{"start":{"line":61,"column":2},"end":{"line":63,"column":null}},"12":{"start":{"line":62,"column":3},"end":{"line":62,"column":null}},"13":{"start":{"line":72,"column":2},"end":{"line":72,"column":null}},"14":{"start":{"line":77,"column":2},"end":{"line":77,"column":null}},"15":{"start":{"line":77,"column":8},"end":{"line":77,"column":61}},"16":{"start":{"line":86,"column":2},"end":{"line":86,"column":null}},"17":{"start":{"line":94,"column":2},"end":{"line":94,"column":null}}},"fnMap":{"0":{"name":"(anonymous_0)","decl":{"start":{"line":25,"column":1},"end":{"line":25,"column":13}},"loc":{"start":{"line":25,"column":65},"end":{"line":31,"column":null}},"line":25},"1":{"name":"(anonymous_1)","decl":{"start":{"line":37,"column":15},"end":{"line":37,"column":64}},"loc":{"start":{"line":37,"column":64},"end":{"line":47,"column":null}},"line":37},"2":{"name":"(anonymous_2)","decl":{"start":{"line":56,"column":7},"end":{"line":56,"column":15}},"loc":{"start":{"line":56,"column":70},"end":{"line":64,"column":null}},"line":56},"3":{"name":"(anonymous_3)","decl":{"start":{"line":71,"column":7},"end":{"line":71,"column":12}},"loc":{"start":{"line":71,"column":75},"end":{"line":73,"column":null}},"line":71},"4":{"name":"(anonymous_4)","decl":{"start":{"line":76,"column":1},"end":{"line":76,"column":20}},"loc":{"start":{"line":76,"column":20},"end":{"line":78,"column":null}},"line":76},"5":{"name":"(anonymous_5)","decl":{"start":{"line":85,"column":1},"end":{"line":85,"column":17}},"loc":{"start":{"line":85,"column":50},"end":{"line":87,"column":null}},"line":85},"6":{"name":"(anonymous_6)","decl":{"start":{"line":93,"column":6},"end":{"line":93,"column":24}},"loc":{"start":{"line":93,"column":36},"end":{"line":95,"column":null}},"line":93}},"branchMap":{"0":{"loc":{"start":{"line":42,"column":10},"end":{"line":42,"column":null}},"type":"cond-expr","locations":[{"start":{"line":42,"column":38},"end":{"line":42,"column":46}},{"start":{"line":42,"column":46},"end":{"line":42,"column":null}}],"line":42},"1":{"loc":{"start":{"line":59,"column":2},"end":{"line":59,"column":null}},"type":"if","locations":[{"start":{"line":59,"column":2},"end":{"line":59,"column":null}},{"start":{},"end":{}}],"line":59}},"s":{"0":61,"1":61,"2":61,"3":61,"4":61,"5":61,"6":11,"7":48,"8":45,"9":45,"10":35,"11":10,"12":13,"13":32,"14":0,"15":0,"16":44,"17":1},"f":{"0":61,"1":61,"2":45,"3":32,"4":0,"5":44,"6":1},"b":{"0":[11,0],"1":[35,10]},"meta":{"lastBranch":2,"lastFunction":7,"lastStatement":18,"seen":{"f:25:1:25:13":0,"s:26:2:26:Infinity":0,"s:27:2:27:Infinity":1,"s:28:2:28:Infinity":2,"s:30:2:30:Infinity":3,"f:37:15:37:64":1,"s:38:2:46:Infinity":4,"s:39:17:39:Infinity":5,"s:42:3:42:Infinity":6,"b:42:38:42:46:42:46:42:Infinity":0,"s:45:3:45:Infinity":7,"f:56:7:56:15":2,"s:57:16:57:Infinity":8,"b:59:2:59:Infinity:undefined:undefined:undefined:undefined":1,"s:59:2:59:Infinity":9,"s:59:29:59:36":10,"s:61:2:63:Infinity":11,"s:62:3:62:Infinity":12,"f:71:7:71:12":3,"s:72:2:72:Infinity":13,"f:76:1:76:20":4,"s:77:2:77:Infinity":14,"s:77:8:77:61":15,"f:85:1:85:17":5,"s:86:2:86:Infinity":16,"f:93:6:93:24":6,"s:94:2:94:Infinity":17}}}
,"/home/d1g1tal/development/projects/tsbuild/src/json.ts": {"path":"/home/d1g1tal/development/projects/tsbuild/src/json.ts","statementMap":{"0":{"start":{"line":13,"column":2},"end":{"line":13,"column":null}},"1":{"start":{"line":22,"column":2},"end":{"line":22,"column":null}}},"fnMap":{"0":{"name":"(anonymous_0)","decl":{"start":{"line":12,"column":8},"end":{"line":12,"column":17}},"loc":{"start":{"line":12,"column":47},"end":{"line":14,"column":null}},"line":12},"1":{"name":"(anonymous_1)","decl":{"start":{"line":21,"column":8},"end":{"line":21,"column":21}},"loc":{"start":{"line":21,"column":45},"end":{"line":23,"column":null}},"line":21}},"branchMap":{},"s":{"0":1,"1":2},"f":{"0":20,"1":20},"b":{},"meta":{"lastBranch":0,"lastFunction":2,"lastStatement":2,"seen":{"f:12:8:12:17":0,"s:13:2:13:Infinity":0,"f:21:8:21:21":1,"s:22:2:22:Infinity":1}}}
,"/home/d1g1tal/development/projects/tsbuild/src/logger.ts": {"path":"/home/d1g1tal/development/projects/tsbuild/src/logger.ts","statementMap":{"0":{"start":{"line":11,"column":30},"end":{"line":17,"column":null}},"1":{"start":{"line":12,"column":1},"end":{"line":12,"column":null}},"2":{"start":{"line":12,"column":29},"end":{"line":12,"column":42}},"3":{"start":{"line":14,"column":1},"end":{"line":16,"column":null}},"4":{"start":{"line":15,"column":2},"end":{"line":15,"column":null}},"5":{"start":{"line":27,"column":24},"end":{"line":36,"column":null}},"6":{"start":{"line":28,"column":1},"end":{"line":28,"column":null}},"7":{"start":{"line":28,"column":65},"end":{"line":28,"column":77}},"8":{"start":{"line":30,"column":1},"end":{"line":35,"column":null}},"9":{"start":{"line":31,"column":15},"end":{"line":31,"column":null}},"10":{"start":{"line":32,"column":16},"end":{"line":32,"column":null}},"11":{"start":{"line":33,"column":15},"end":{"line":33,"column":null}},"12":{"start":{"line":34,"column":11},"end":{"line":34,"column":null}},"13":{"start":{"line":44,"column":27},"end":{"line":50,"column":null}},"14":{"start":{"line":45,"column":1},"end":{"line":45,"column":null}},"15":{"start":{"line":45,"column":20},"end":{"line":45,"column":53}},"16":{"start":{"line":47,"column":13},"end":{"line":47,"column":null}},"17":{"start":{"line":49,"column":1},"end":{"line":49,"column":null}},"18":{"start":{"line":56,"column":29},"end":{"line":62,"column":null}},"19":{"start":{"line":66,"column":2},"end":{"line":66,"column":null}},"20":{"start":{"line":74,"column":21},"end":{"line":74,"column":null}},"21":{"start":{"line":75,"column":2},"end":{"line":75,"column":null}},"22":{"start":{"line":83,"column":2},"end":{"line":83,"column":null}},"23":{"start":{"line":92,"column":17},"end":{"line":92,"column":null}},"24":{"start":{"line":93,"column":2},"end":{"line":93,"column":null}},"25":{"start":{"line":103,"column":2},"end":{"line":103,"column":null}},"26":{"start":{"line":113,"column":2},"end":{"line":113,"column":null}},"27":{"start":{"line":123,"column":2},"end":{"line":123,"column":null}},"28":{"start":{"line":133,"column":2},"end":{"line":133,"column":null}},"29":{"start":{"line":143,"column":2},"end":{"line":155,"column":null}},"30":{"start":{"line":144,"column":3},"end":{"line":152,"column":null}},"31":{"start":{"line":146,"column":4},"end":{"line":148,"column":null}},"32":{"start":{"line":147,"column":5},"end":{"line":147,"column":null}},"33":{"start":{"line":149,"column":4},"end":{"line":149,"column":null}},"34":{"start":{"line":151,"column":4},"end":{"line":151,"column":null}},"35":{"start":{"line":154,"column":3},"end":{"line":154,"column":null}},"36":{"start":{"line":164,"column":24},"end":{"line":164,"column":null}},"37":{"start":{"line":164,"column":64},"end":{"line":164,"column":92}},"38":{"start":{"line":165,"column":20},"end":{"line":165,"column":null}},"39":{"start":{"line":165,"column":51},"end":{"line":165,"column":82}},"40":{"start":{"line":166,"column":25},"end":{"line":166,"column":null}},"41":{"start":{"line":166,"column":70},"end":{"line":166,"column":99}},"42":{"start":{"line":167,"column":24},"end":{"line":167,"column":null}},"43":{"start":{"line":167,"column":68},"end":{"line":167,"column":96}},"44":{"start":{"line":169,"column":2},"end":{"line":177,"column":null}},"45":{"start":{"line":169,"column":15},"end":{"line":169,"column":18}},"46":{"start":{"line":169,"column":27},"end":{"line":169,"column":45}},"47":{"start":{"line":170,"column":33},"end":{"line":170,"column":null}},"48":{"start":{"line":171,"column":22},"end":{"line":171,"column":null}},"49":{"start":{"line":172,"column":23},"end":{"line":172,"column":null}},"50":{"start":{"line":173,"column":22},"end":{"line":173,"column":null}},"51":{"start":{"line":175,"column":18},"end":{"line":175,"column":null}},"52":{"start":{"line":176,"column":3},"end":{"line":176,"column":null}}},"fnMap":{"0":{"name":"(anonymous_0)","decl":{"start":{"line":11,"column":30},"end":{"line":11,"column":31}},"loc":{"start":{"line":11,"column":74},"end":{"line":17,"column":null}},"line":11},"1":{"name":"(anonymous_1)","decl":{"start":{"line":14,"column":19},"end":{"line":14,"column":20}},"loc":{"start":{"line":14,"column":45},"end":{"line":16,"column":2}},"line":14},"2":{"name":"(anonymous_2)","decl":{"start":{"line":27,"column":24},"end":{"line":27,"column":25}},"loc":{"start":{"line":27,"column":93},"end":{"line":36,"column":null}},"line":27},"3":{"name":"(anonymous_3)","decl":{"start":{"line":44,"column":27},"end":{"line":44,"column":28}},"loc":{"start":{"line":44,"column":79},"end":{"line":50,"column":null}},"line":44},"4":{"name":"(anonymous_4)","decl":{"start":{"line":54,"column":9},"end":{"line":54,"column":23}},"loc":{"start":{"line":54,"column":23},"end":{"line":54,"column":null}},"line":54},"5":{"name":"(anonymous_5)","decl":{"start":{"line":65,"column":8},"end":{"line":65,"column":22}},"loc":{"start":{"line":65,"column":22},"end":{"line":67,"column":null}},"line":65},"6":{"name":"(anonymous_6)","decl":{"start":{"line":73,"column":8},"end":{"line":73,"column":15}},"loc":{"start":{"line":73,"column":38},"end":{"line":76,"column":null}},"line":73},"7":{"name":"(anonymous_7)","decl":{"start":{"line":82,"column":8},"end":{"line":82,"column":18}},"loc":{"start":{"line":82,"column":44},"end":{"line":84,"column":null}},"line":82},"8":{"name":"(anonymous_8)","decl":{"start":{"line":91,"column":8},"end":{"line":91,"column":13}},"loc":{"start":{"line":91,"column":61},"end":{"line":94,"column":null}},"line":91},"9":{"name":"(anonymous_9)","decl":{"start":{"line":102,"column":8},"end":{"line":102,"column":46}},"loc":{"start":{"line":102,"column":84},"end":{"line":104,"column":null}},"line":102},"10":{"name":"(anonymous_10)","decl":{"start":{"line":112,"column":8},"end":{"line":112,"column":43}},"loc":{"start":{"line":112,"column":81},"end":{"line":114,"column":null}},"line":112},"11":{"name":"(anonymous_11)","decl":{"start":{"line":122,"column":8},"end":{"line":122,"column":44}},"loc":{"start":{"line":122,"column":82},"end":{"line":124,"column":null}},"line":122},"12":{"name":"(anonymous_12)","decl":{"start":{"line":132,"column":8},"end":{"line":132,"column":43}},"loc":{"start":{"line":132,"column":81},"end":{"line":134,"column":null}},"line":132},"13":{"name":"(anonymous_13)","decl":{"start":{"line":142,"column":8},"end":{"line":142,"column":12}},"loc":{"start":{"line":142,"column":75},"end":{"line":156,"column":null}},"line":142},"14":{"name":"(anonymous_14)","decl":{"start":{"line":163,"column":16},"end":{"line":163,"column":22}},"loc":{"start":{"line":163,"column":50},"end":{"line":178,"column":null}},"line":163},"15":{"name":"(anonymous_15)","decl":{"start":{"line":164,"column":37},"end":{"line":164,"column":38}},"loc":{"start":{"line":164,"column":64},"end":{"line":164,"column":92}},"line":164},"16":{"name":"(anonymous_16)","decl":{"start":{"line":165,"column":30},"end":{"line":165,"column":31}},"loc":{"start":{"line":165,"column":51},"end":{"line":165,"column":82}},"line":165},"17":{"name":"(anonymous_17)","decl":{"start":{"line":166,"column":42},"end":{"line":166,"column":43}},"loc":{"start":{"line":166,"column":70},"end":{"line":166,"column":99}},"line":166},"18":{"name":"(anonymous_18)","decl":{"start":{"line":167,"column":41},"end":{"line":167,"column":42}},"loc":{"start":{"line":167,"column":68},"end":{"line":167,"column":96}},"line":167}},"branchMap":{"0":{"loc":{"start":{"line":12,"column":1},"end":{"line":12,"column":null}},"type":"if","locations":[{"start":{"line":12,"column":1},"end":{"line":12,"column":null}},{"start":{},"end":{}}],"line":12},"1":{"loc":{"start":{"line":15,"column":9},"end":{"line":15,"column":null}},"type":"binary-expr","locations":[{"start":{"line":15,"column":9},"end":{"line":15,"column":33}},{"start":{"line":15,"column":33},"end":{"line":15,"column":68}},{"start":{"line":15,"column":68},"end":{"line":15,"column":93}},{"start":{"line":15,"column":93},"end":{"line":15,"column":null}}],"line":15},"2":{"loc":{"start":{"line":27,"column":59},"end":{"line":27,"column":93}},"type":"default-arg","locations":[{"start":{"line":27,"column":75},"end":{"line":27,"column":93}}],"line":27},"3":{"loc":{"start":{"line":28,"column":1},"end":{"line":28,"column":null}},"type":"if","locations":[{"start":{"line":28,"column":1},"end":{"line":28,"column":null}},{"start":{},"end":{}}],"line":28},"4":{"loc":{"start":{"line":28,"column":5},"end":{"line":28,"column":63}},"type":"binary-expr","locations":[{"start":{"line":28,"column":5},"end":{"line":28,"column":23}},{"start":{"line":28,"column":23},"end":{"line":28,"column":42}},{"start":{"line":28,"column":42},"end":{"line":28,"column":63}}],"line":28},"5":{"loc":{"start":{"line":30,"column":1},"end":{"line":35,"column":null}},"type":"switch","locations":[{"start":{"line":31,"column":2},"end":{"line":31,"column":null}},{"start":{"line":32,"column":2},"end":{"line":32,"column":null}},{"start":{"line":33,"column":2},"end":{"line":33,"column":null}},{"start":{"line":34,"column":2},"end":{"line":34,"column":null}}],"line":30},"6":{"loc":{"start":{"line":45,"column":1},"end":{"line":45,"column":null}},"type":"if","locations":[{"start":{"line":45,"column":1},"end":{"line":45,"column":null}},{"start":{},"end":{}}],"line":45},"7":{"loc":{"start":{"line":82,"column":18},"end":{"line":82,"column":44}},"type":"default-arg","locations":[{"start":{"line":82,"column":34},"end":{"line":82,"column":44}}],"line":82},"8":{"loc":{"start":{"line":91,"column":30},"end":{"line":91,"column":61}},"type":"default-arg","locations":[{"start":{"line":91,"column":48},"end":{"line":91,"column":61}}],"line":91},"9":{"loc":{"start":{"line":92,"column":17},"end":{"line":92,"column":null}},"type":"cond-expr","locations":[{"start":{"line":92,"column":26},"end":{"line":92,"column":35}},{"start":{"line":92,"column":35},"end":{"line":92,"column":null}}],"line":92},"10":{"loc":{"start":{"line":143,"column":2},"end":{"line":155,"column":null}},"type":"if","locations":[{"start":{"line":143,"column":2},"end":{"line":155,"column":null}},{"start":{"line":153,"column":9},"end":{"line":155,"column":null}}],"line":143},"11":{"loc":{"start":{"line":144,"column":3},"end":{"line":152,"column":null}},"type":"if","locations":[{"start":{"line":144,"column":3},"end":{"line":152,"column":null}},{"start":{"line":150,"column":10},"end":{"line":152,"column":null}}],"line":144},"12":{"loc":{"start":{"line":146,"column":4},"end":{"line":148,"column":null}},"type":"if","locations":[{"start":{"line":146,"column":4},"end":{"line":148,"column":null}},{"start":{},"end":{}}],"line":146},"13":{"loc":{"start":{"line":175,"column":18},"end":{"line":175,"column":null}},"type":"cond-expr","locations":[{"start":{"line":175,"column":37},"end":{"line":175,"column":46}},{"start":{"line":175,"column":46},"end":{"line":175,"column":null}}],"line":175}},"s":{"0":23,"1":22,"2":1,"3":21,"4":24,"5":23,"6":30,"7":14,"8":16,"9":2,"10":5,"11":5,"12":4,"13":23,"14":22,"15":1,"16":21,"17":21,"18":23,"19":1,"20":0,"21":0,"22":0,"23":2,"24":2,"25":2,"26":2,"27":2,"28":2,"29":19,"30":13,"31":7,"32":7,"33":7,"34":6,"35":6,"36":7,"37":9,"38":7,"39":9,"40":7,"41":9,"42":7,"43":9,"44":7,"45":7,"46":7,"47":9,"48":9,"49":9,"50":9,"51":9,"52":9},"f":{"0":22,"1":24,"2":30,"3":22,"4":0,"5":23,"6":23,"7":23,"8":23,"9":23,"10":23,"11":23,"12":23,"13":23,"14":23,"15":9,"16":9,"17":9,"18":9},"b":{"0":[1,21],"1":[24,23,19,15],"2":[30],"3":[14,16],"4":[30,24,17],"5":[16,5,5,4],"6":[1,21],"7":[0],"8":[2],"9":[1,1],"10":[13,6],"11":[7,6],"12":[7,0],"13":[7,2]},"meta":{"lastBranch":14,"lastFunction":19,"lastStatement":53,"seen":{"s:11:30:17:Infinity":0,"f:11:30:11:31":0,"b:12:1:12:Infinity:undefined:undefined:undefined:undefined":0,"s:12:1:12:Infinity":1,"s:12:29:12:42":2,"s:14:1:16:Infinity":3,"f:14:19:14:20":1,"s:15:2:15:Infinity":4,"b:15:9:15:33:15:33:15:68:15:68:15:93:15:93:15:Infinity":1,"s:27:24:36:Infinity":5,"f:27:24:27:25":2,"b:27:75:27:93":2,"b:28:1:28:Infinity:undefined:undefined:undefined:undefined":3,"s:28:1:28:Infinity":6,"b:28:5:28:23:28:23:28:42:28:42:28:63":4,"s:28:65:28:77":7,"b:31:2:31:Infinity:32:2:32:Infinity:33:2:33:Infinity:34:2:34:Infinity":5,"s:30:1:35:Infinity":8,"s:31:15:31:Infinity":9,"s:32:16:32:Infinity":10,"s:33:15:33:Infinity":11,"s:34:11:34:Infinity":12,"s:44:27:50:Infinity":13,"f:44:27:44:28":3,"b:45:1:45:Infinity:undefined:undefined:undefined:undefined":6,"s:45:1:45:Infinity":14,"s:45:20:45:53":15,"s:47:13:47:Infinity":16,"s:49:1:49:Infinity":17,"s:56:29:62:Infinity":18,"f:54:9:54:23":4,"f:65:8:65:22":5,"s:66:2:66:Infinity":19,"f:73:8:73:15":6,"s:74:21:74:Infinity":20,"s:75:2:75:Infinity":21,"f:82:8:82:18":7,"b:82:34:82:44":7,"s:83:2:83:Infinity":22,"f:91:8:91:13":8,"b:91:48:91:61":8,"s:92:17:92:Infinity":23,"b:92:26:92:35:92:35:92:Infinity":9,"s:93:2:93:Infinity":24,"f:102:8:102:46":9,"s:103:2:103:Infinity":25,"f:112:8:112:43":10,"s:113:2:113:Infinity":26,"f:122:8:122:44":11,"s:123:2:123:Infinity":27,"f:132:8:132:43":12,"s:133:2:133:Infinity":28,"f:142:8:142:12":13,"b:143:2:155:Infinity:153:9:155:Infinity":10,"s:143:2:155:Infinity":29,"b:144:3:152:Infinity:150:10:152:Infinity":11,"s:144:3:152:Infinity":30,"b:146:4:148:Infinity:undefined:undefined:undefined:undefined":12,"s:146:4:148:Infinity":31,"s:147:5:147:Infinity":32,"s:149:4:149:Infinity":33,"s:151:4:151:Infinity":34,"s:154:3:154:Infinity":35,"f:163:16:163:22":14,"s:164:24:164:Infinity":36,"f:164:37:164:38":15,"s:164:64:164:92":37,"s:165:20:165:Infinity":38,"f:165:30:165:31":16,"s:165:51:165:82":39,"s:166:25:166:Infinity":40,"f:166:42:166:43":17,"s:166:70:166:99":41,"s:167:24:167:Infinity":42,"f:167:41:167:42":18,"s:167:68:167:96":43,"s:169:2:177:Infinity":44,"s:169:15:169:18":45,"s:169:27:169:45":46,"s:170:33:170:Infinity":47,"s:171:22:171:Infinity":48,"s:172:23:172:Infinity":49,"s:173:22:173:Infinity":50,"s:175:18:175:Infinity":51,"b:175:37:175:46:175:46:175:Infinity":13,"s:176:3:176:Infinity":52}}}
,"/home/d1g1tal/development/projects/tsbuild/src/paths.ts": {"path":"/home/d1g1tal/development/projects/tsbuild/src/paths.ts","statementMap":{"0":{"start":{"line":17,"column":2},"end":{"line":17,"column":null}},"1":{"start":{"line":27,"column":2},"end":{"line":27,"column":null}},"2":{"start":{"line":36,"column":2},"end":{"line":36,"column":null}},"3":{"start":{"line":45,"column":2},"end":{"line":45,"column":null}},"4":{"start":{"line":54,"column":2},"end":{"line":54,"column":null}},"5":{"start":{"line":64,"column":2},"end":{"line":64,"column":null}},"6":{"start":{"line":64,"column":27},"end":{"line":64,"column":40}},"7":{"start":{"line":66,"column":25},"end":{"line":66,"column":null}},"8":{"start":{"line":69,"column":2},"end":{"line":69,"column":null}},"9":{"start":{"line":69,"column":31},"end":{"line":69,"column":43}},"10":{"start":{"line":72,"column":2},"end":{"line":83,"column":null}},"11":{"start":{"line":74,"column":3},"end":{"line":74,"column":null}},"12":{"start":{"line":74,"column":28},"end":{"line":74,"column":40}},"13":{"start":{"line":76,"column":14},"end":{"line":76,"column":null}},"14":{"start":{"line":78,"column":3},"end":{"line":78,"column":null}},"15":{"start":{"line":78,"column":20},"end":{"line":78,"column":32}},"16":{"start":{"line":80,"column":3},"end":{"line":80,"column":null}},"17":{"start":{"line":80,"column":20},"end":{"line":80,"column":74}},"18":{"start":{"line":82,"column":3},"end":{"line":82,"column":null}},"19":{"start":{"line":86,"column":2},"end":{"line":90,"column":null}},"20":{"start":{"line":87,"column":14},"end":{"line":87,"column":null}},"21":{"start":{"line":89,"column":3},"end":{"line":89,"column":null}},"22":{"start":{"line":92,"column":2},"end":{"line":92,"column":null}},"23":{"start":{"line":104,"column":2},"end":{"line":104,"column":null}}},"fnMap":{"0":{"name":"(anonymous_0)","decl":{"start":{"line":9,"column":9},"end":{"line":9,"column":23}},"loc":{"start":{"line":9,"column":23},"end":{"line":9,"column":null}},"line":9},"1":{"name":"(anonymous_1)","decl":{"start":{"line":16,"column":8},"end":{"line":16,"column":20}},"loc":{"start":{"line":16,"column":60},"end":{"line":18,"column":null}},"line":16},"2":{"name":"(anonymous_2)","decl":{"start":{"line":26,"column":8},"end":{"line":26,"column":17}},"loc":{"start":{"line":26,"column":57},"end":{"line":28,"column":null}},"line":26},"3":{"name":"(anonymous_3)","decl":{"start":{"line":35,"column":8},"end":{"line":35,"column":14}},"loc":{"start":{"line":35,"column":40},"end":{"line":37,"column":null}},"line":35},"4":{"name":"(anonymous_4)","decl":{"start":{"line":44,"column":14},"end":{"line":44,"column":42}},"loc":{"start":{"line":44,"column":78},"end":{"line":46,"column":null}},"line":44},"5":{"name":"(anonymous_5)","decl":{"start":{"line":53,"column":14},"end":{"line":53,"column":37}},"loc":{"start":{"line":53,"column":73},"end":{"line":55,"column":null}},"line":53},"6":{"name":"(anonymous_6)","decl":{"start":{"line":63,"column":8},"end":{"line":63,"column":31}},"loc":{"start":{"line":63,"column":60},"end":{"line":93,"column":null}},"line":63},"7":{"name":"(anonymous_7)","decl":{"start":{"line":103,"column":8},"end":{"line":103,"column":38}},"loc":{"start":{"line":103,"column":96},"end":{"line":105,"column":null}},"line":103}},"branchMap":{"0":{"loc":{"start":{"line":64,"column":2},"end":{"line":64,"column":null}},"type":"if","locations":[{"start":{"line":64,"column":2},"end":{"line":64,"column":null}},{"start":{},"end":{}}],"line":64},"1":{"loc":{"start":{"line":69,"column":2},"end":{"line":69,"column":null}},"type":"if","locations":[{"start":{"line":69,"column":2},"end":{"line":69,"column":null}},{"start":{},"end":{}}],"line":69},"2":{"loc":{"start":{"line":72,"column":2},"end":{"line":83,"column":null}},"type":"if","locations":[{"start":{"line":72,"column":2},"end":{"line":83,"column":null}},{"start":{},"end":{}}],"line":72},"3":{"loc":{"start":{"line":74,"column":3},"end":{"line":74,"column":null}},"type":"if","locations":[{"start":{"line":74,"column":3},"end":{"line":74,"column":null}},{"start":{},"end":{}}],"line":74},"4":{"loc":{"start":{"line":78,"column":3},"end":{"line":78,"column":null}},"type":"if","locations":[{"start":{"line":78,"column":3},"end":{"line":78,"column":null}},{"start":{},"end":{}}],"line":78},"5":{"loc":{"start":{"line":80,"column":3},"end":{"line":80,"column":null}},"type":"if","locations":[{"start":{"line":80,"column":3},"end":{"line":80,"column":null}},{"start":{},"end":{}}],"line":80},"6":{"loc":{"start":{"line":80,"column":27},"end":{"line":80,"column":74}},"type":"binary-expr","locations":[{"start":{"line":80,"column":27},"end":{"line":80,"column":48}},{"start":{"line":80,"column":48},"end":{"line":80,"column":74}}],"line":80},"7":{"loc":{"start":{"line":86,"column":2},"end":{"line":90,"column":null}},"type":"if","locations":[{"start":{"line":86,"column":2},"end":{"line":90,"column":null}},{"start":{},"end":{}}],"line":86},"8":{"loc":{"start":{"line":86,"column":6},"end":{"line":86,"column":101}},"type":"binary-expr","locations":[{"start":{"line":86,"column":6},"end":{"line":86,"column":30}},{"start":{"line":86,"column":30},"end":{"line":86,"column":54}},{"start":{"line":86,"column":54},"end":{"line":86,"column":74}},{"start":{"line":86,"column":74},"end":{"line":86,"column":101}}],"line":86},"9":{"loc":{"start":{"line":89,"column":10},"end":{"line":89,"column":null}},"type":"binary-expr","locations":[{"start":{"line":89,"column":10},"end":{"line":89,"column":23}},{"start":{"line":89,"column":23},"end":{"line":89,"column":null}}],"line":89}},"s":{"0":74,"1":37,"2":0,"3":38,"4":0,"5":29,"6":1,"7":28,"8":28,"9":4,"10":24,"11":10,"12":1,"13":9,"14":9,"15":3,"16":6,"17":5,"18":1,"19":14,"20":6,"21":6,"22":8,"23":250},"f":{"0":0,"1":27,"2":27,"3":27,"4":27,"5":27,"6":27,"7":27},"b":{"0":[1,28],"1":[4,24],"2":[10,14],"3":[1,9],"4":[3,6],"5":[5,1],"6":[5,4],"7":[6,8],"8":[14,12,6,6],"9":[6,4]},"meta":{"lastBranch":10,"lastFunction":8,"lastStatement":24,"seen":{"f:9:9:9:23":0,"f:16:8:16:20":1,"s:17:2:17:Infinity":0,"f:26:8:26:17":2,"s:27:2:27:Infinity":1,"f:35:8:35:14":3,"s:36:2:36:Infinity":2,"f:44:14:44:42":4,"s:45:2:45:Infinity":3,"f:53:14:53:37":5,"s:54:2:54:Infinity":4,"f:63:8:63:31":6,"b:64:2:64:Infinity:undefined:undefined:undefined:undefined":0,"s:64:2:64:Infinity":5,"s:64:27:64:40":6,"s:66:25:66:Infinity":7,"b:69:2:69:Infinity:undefined:undefined:undefined:undefined":1,"s:69:2:69:Infinity":8,"s:69:31:69:43":9,"b:72:2:83:Infinity:undefined:undefined:undefined:undefined":2,"s:72:2:83:Infinity":10,"b:74:3:74:Infinity:undefined:undefined:undefined:undefined":3,"s:74:3:74:Infinity":11,"s:74:28:74:40":12,"s:76:14:76:Infinity":13,"b:78:3:78:Infinity:undefined:undefined:undefined:undefined":4,"s:78:3:78:Infinity":14,"s:78:20:78:32":15,"b:80:3:80:Infinity:undefined:undefined:undefined:undefined":5,"s:80:3:80:Infinity":16,"s:80:20:80:74":17,"b:80:27:80:48:80:48:80:74":6,"s:82:3:82:Infinity":18,"b:86:2:90:Infinity:undefined:undefined:undefined:undefined":7,"s:86:2:90:Infinity":19,"b:86:6:86:30:86:30:86:54:86:54:86:74:86:74:86:101":8,"s:87:14:87:Infinity":20,"s:89:3:89:Infinity":21,"b:89:10:89:23:89:23:89:Infinity":9,"s:92:2:92:Infinity":22,"f:103:8:103:38":7,"s:104:2:104:Infinity":23}}}
,"/home/d1g1tal/development/projects/tsbuild/src/process-manager.ts": {"path":"/home/d1g1tal/development/projects/tsbuild/src/process-manager.ts","statementMap":{"0":{"start":{"line":4,"column":21},"end":{"line":8,"column":null}},"1":{"start":{"line":12,"column":26},"end":{"line":12,"column":null}},"2":{"start":{"line":13,"column":49},"end":{"line":13,"column":null}},"3":{"start":{"line":38,"column":22},"end":{"line":42,"column":null}},"4":{"start":{"line":45,"column":23},"end":{"line":57,"column":null}},"5":{"start":{"line":63,"column":35},"end":{"line":66,"column":null}},"6":{"start":{"line":16,"column":2},"end":{"line":16,"column":null}},"7":{"start":{"line":17,"column":2},"end":{"line":17,"column":null}},"8":{"start":{"line":18,"column":2},"end":{"line":18,"column":null}},"9":{"start":{"line":26,"column":2},"end":{"line":26,"column":null}},"10":{"start":{"line":31,"column":2},"end":{"line":31,"column":null}},"11":{"start":{"line":32,"column":2},"end":{"line":32,"column":null}},"12":{"start":{"line":33,"column":2},"end":{"line":33,"column":null}},"13":{"start":{"line":34,"column":2},"end":{"line":34,"column":null}},"14":{"start":{"line":39,"column":2},"end":{"line":39,"column":null}},"15":{"start":{"line":39,"column":29},"end":{"line":39,"column":36}},"16":{"start":{"line":40,"column":2},"end":{"line":40,"column":null}},"17":{"start":{"line":40,"column":51},"end":{"line":40,"column":69}},"18":{"start":{"line":41,"column":2},"end":{"line":41,"column":null}},"19":{"start":{"line":46,"column":2},"end":{"line":46,"column":null}},"20":{"start":{"line":47,"column":2},"end":{"line":47,"column":null}},"21":{"start":{"line":50,"column":2},"end":{"line":50,"column":null}},"22":{"start":{"line":50,"column":51},"end":{"line":50,"column":69}},"23":{"start":{"line":52,"column":2},"end":{"line":52,"column":null}},"24":{"start":{"line":56,"column":2},"end":{"line":56,"column":null}},"25":{"start":{"line":64,"column":2},"end":{"line":64,"column":null}},"26":{"start":{"line":65,"column":2},"end":{"line":65,"column":null}},"27":{"start":{"line":69,"column":39},"end":{"line":69,"column":null}}},"fnMap":{"0":{"name":"(anonymous_0)","decl":{"start":{"line":15,"column":1},"end":{"line":15,"column":15}},"loc":{"start":{"line":15,"column":15},"end":{"line":19,"column":null}},"line":15},"1":{"name":"(anonymous_1)","decl":{"start":{"line":25,"column":1},"end":{"line":25,"column":14}},"loc":{"start":{"line":25,"column":41},"end":{"line":27,"column":null}},"line":25},"2":{"name":"(anonymous_2)","decl":{"start":{"line":30,"column":1},"end":{"line":30,"column":15}},"loc":{"start":{"line":30,"column":15},"end":{"line":35,"column":null}},"line":30},"3":{"name":"(anonymous_3)","decl":{"start":{"line":38,"column":22},"end":{"line":38,"column":34}},"loc":{"start":{"line":38,"column":34},"end":{"line":42,"column":null}},"line":38},"4":{"name":"(anonymous_4)","decl":{"start":{"line":45,"column":23},"end":{"line":45,"column":35}},"loc":{"start":{"line":45,"column":35},"end":{"line":57,"column":null}},"line":45},"5":{"name":"(anonymous_5)","decl":{"start":{"line":63,"column":35},"end":{"line":63,"column":36}},"loc":{"start":{"line":63,"column":55},"end":{"line":66,"column":null}},"line":63}},"branchMap":{"0":{"loc":{"start":{"line":39,"column":2},"end":{"line":39,"column":null}},"type":"if","locations":[{"start":{"line":39,"column":2},"end":{"line":39,"column":null}},{"start":{},"end":{}}],"line":39}},"s":{"0":69,"1":69,"2":69,"3":8,"4":7,"5":4,"6":69,"7":69,"8":69,"9":96,"10":81,"11":81,"12":81,"13":81,"14":8,"15":0,"16":8,"17":11,"18":8,"19":7,"20":7,"21":7,"22":5,"23":7,"24":7,"25":4,"26":4,"27":69},"f":{"0":69,"1":96,"2":81,"3":8,"4":7,"5":4},"b":{"0":[0,8]},"meta":{"lastBranch":1,"lastFunction":6,"lastStatement":28,"seen":{"s:4:21:8:Infinity":0,"s:12:26:12:Infinity":1,"s:13:49:13:Infinity":2,"s:38:22:42:Infinity":3,"s:45:23:57:Infinity":4,"s:63:35:66:Infinity":5,"f:15:1:15:15":0,"s:16:2:16:Infinity":6,"s:17:2:17:Infinity":7,"s:18:2:18:Infinity":8,"f:25:1:25:14":1,"s:26:2:26:Infinity":9,"f:30:1:30:15":2,"s:31:2:31:Infinity":10,"s:32:2:32:Infinity":11,"s:33:2:33:Infinity":12,"s:34:2:34:Infinity":13,"f:38:22:38:34":3,"b:39:2:39:Infinity:undefined:undefined:undefined:undefined":0,"s:39:2:39:Infinity":14,"s:39:29:39:36":15,"s:40:2:40:Infinity":16,"s:40:51:40:69":17,"s:41:2:41:Infinity":18,"f:45:23:45:35":4,"s:46:2:46:Infinity":19,"s:47:2:47:Infinity":20,"s:50:2:50:Infinity":21,"s:50:51:50:69":22,"s:52:2:52:Infinity":23,"s:56:2:56:Infinity":24,"f:63:35:63:36":5,"s:64:2:64:Infinity":25,"s:65:2:65:Infinity":26,"s:69:39:69:Infinity":27}}}
,"/home/d1g1tal/development/projects/tsbuild/src/text-formatter.ts": {"path":"/home/d1g1tal/development/projects/tsbuild/src/text-formatter.ts","statementMap":{"0":{"start":{"line":4,"column":36},"end":{"line":4,"column":null}},"1":{"start":{"line":5,"column":23},"end":{"line":5,"column":null}},"2":{"start":{"line":6,"column":6},"end":{"line":6,"column":null}},"3":{"start":{"line":7,"column":25},"end":{"line":7,"column":null}},"4":{"start":{"line":20,"column":21},"end":{"line":23,"column":null}},"5":{"start":{"line":22,"column":1},"end":{"line":22,"column":null}},"6":{"start":{"line":34,"column":19},"end":{"line":36,"column":null}},"7":{"start":{"line":35,"column":1},"end":{"line":35,"column":null}},"8":{"start":{"line":47,"column":20},"end":{"line":49,"column":null}},"9":{"start":{"line":48,"column":1},"end":{"line":48,"column":null}},"10":{"start":{"line":48,"column":34},"end":{"line":48,"column":null}},"11":{"start":{"line":58,"column":30},"end":{"line":58,"column":null}},"12":{"start":{"line":58,"column":97},"end":{"line":58,"column":null}},"13":{"start":{"line":66,"column":57},"end":{"line":66,"column":null}},"14":{"start":{"line":67,"column":41},"end":{"line":67,"column":null}},"15":{"start":{"line":68,"column":40},"end":{"line":68,"column":null}},"16":{"start":{"line":69,"column":39},"end":{"line":69,"column":null}},"17":{"start":{"line":70,"column":42},"end":{"line":70,"column":null}},"18":{"start":{"line":71,"column":45},"end":{"line":71,"column":null}},"19":{"start":{"line":72,"column":43},"end":{"line":72,"column":null}},"20":{"start":{"line":73,"column":42},"end":{"line":73,"column":null}},"21":{"start":{"line":74,"column":49},"end":{"line":74,"column":null}},"22":{"start":{"line":75,"column":41},"end":{"line":75,"column":null}},"23":{"start":{"line":76,"column":39},"end":{"line":76,"column":null}},"24":{"start":{"line":77,"column":41},"end":{"line":77,"column":null}},"25":{"start":{"line":78,"column":42},"end":{"line":78,"column":null}},"26":{"start":{"line":79,"column":40},"end":{"line":79,"column":null}},"27":{"start":{"line":80,"column":43},"end":{"line":80,"column":null}},"28":{"start":{"line":81,"column":40},"end":{"line":81,"column":null}},"29":{"start":{"line":82,"column":41},"end":{"line":82,"column":null}},"30":{"start":{"line":83,"column":40},"end":{"line":83,"column":null}},"31":{"start":{"line":84,"column":43},"end":{"line":84,"column":null}},"32":{"start":{"line":85,"column":41},"end":{"line":85,"column":null}},"33":{"start":{"line":86,"column":43},"end":{"line":86,"column":null}},"34":{"start":{"line":87,"column":44},"end":{"line":87,"column":null}},"35":{"start":{"line":88,"column":42},"end":{"line":88,"column":null}},"36":{"start":{"line":89,"column":45},"end":{"line":89,"column":null}},"37":{"start":{"line":90,"column":42},"end":{"line":90,"column":null}},"38":{"start":{"line":91,"column":43},"end":{"line":91,"column":null}},"39":{"start":{"line":92,"column":47},"end":{"line":92,"column":null}},"40":{"start":{"line":93,"column":45},"end":{"line":93,"column":null}},"41":{"start":{"line":94,"column":47},"end":{"line":94,"column":null}},"42":{"start":{"line":95,"column":48},"end":{"line":95,"column":null}},"43":{"start":{"line":96,"column":46},"end":{"line":96,"column":null}},"44":{"start":{"line":97,"column":49},"end":{"line":97,"column":null}},"45":{"start":{"line":98,"column":46},"end":{"line":98,"column":null}},"46":{"start":{"line":99,"column":47},"end":{"line":99,"column":null}},"47":{"start":{"line":100,"column":49},"end":{"line":100,"column":null}},"48":{"start":{"line":101,"column":47},"end":{"line":101,"column":null}},"49":{"start":{"line":102,"column":49},"end":{"line":102,"column":null}},"50":{"start":{"line":103,"column":50},"end":{"line":103,"column":null}},"51":{"start":{"line":104,"column":48},"end":{"line":104,"column":null}},"52":{"start":{"line":105,"column":51},"end":{"line":105,"column":null}},"53":{"start":{"line":106,"column":48},"end":{"line":106,"column":null}},"54":{"start":{"line":107,"column":49},"end":{"line":107,"column":null}}},"fnMap":{"0":{"name":"(anonymous_0)","decl":{"start":{"line":20,"column":21},"end":{"line":20,"column":22}},"loc":{"start":{"line":20,"column":216},"end":{"line":23,"column":null}},"line":20},"1":{"name":"(anonymous_1)","decl":{"start":{"line":34,"column":19},"end":{"line":34,"column":20}},"loc":{"start":{"line":34,"column":108},"end":{"line":36,"column":null}},"line":34},"2":{"name":"(anonymous_2)","decl":{"start":{"line":47,"column":20},"end":{"line":47,"column":21}},"loc":{"start":{"line":47,"column":123},"end":{"line":49,"column":null}},"line":47},"3":{"name":"(anonymous_3)","decl":{"start":{"line":48,"column":8},"end":{"line":48,"column":9}},"loc":{"start":{"line":48,"column":34},"end":{"line":48,"column":null}},"line":48},"4":{"name":"(anonymous_4)","decl":{"start":{"line":58,"column":30},"end":{"line":58,"column":31}},"loc":{"start":{"line":58,"column":97},"end":{"line":58,"column":null}},"line":58}},"branchMap":{"0":{"loc":{"start":{"line":4,"column":8},"end":{"line":4,"column":18}},"type":"default-arg","locations":[{"start":{"line":4,"column":14},"end":{"line":4,"column":18}}],"line":4},"1":{"loc":{"start":{"line":4,"column":18},"end":{"line":4,"column":32}},"type":"default-arg","locations":[{"start":{"line":4,"column":29},"end":{"line":4,"column":32}}],"line":4},"2":{"loc":{"start":{"line":6,"column":6},"end":{"line":6,"column":null}},"type":"binary-expr","locations":[{"start":{"line":6,"column":6},"end":{"line":6,"column":42}},{"start":{"line":6,"column":42},"end":{"line":6,"column":54}},{"start":{"line":6,"column":54},"end":{"line":6,"column":null}}],"line":6},"3":{"loc":{"start":{"line":7,"column":25},"end":{"line":7,"column":null}},"type":"binary-expr","locations":[{"start":{"line":7,"column":25},"end":{"line":7,"column":50}},{"start":{"line":7,"column":50},"end":{"line":7,"column":75}},{"start":{"line":7,"column":75},"end":{"line":7,"column":99}},{"start":{"line":7,"column":99},"end":{"line":7,"column":119}},{"start":{"line":7,"column":119},"end":{"line":7,"column":null}}],"line":7},"4":{"loc":{"start":{"line":20,"column":85},"end":{"line":20,"column":130}},"type":"default-arg","locations":[{"start":{"line":20,"column":92},"end":{"line":20,"column":130}}],"line":20},"5":{"loc":{"start":{"line":20,"column":130},"end":{"line":20,"column":177}},"type":"default-arg","locations":[{"start":{"line":20,"column":137},"end":{"line":20,"column":177}}],"line":20},"6":{"loc":{"start":{"line":20,"column":177},"end":{"line":20,"column":216}},"type":"default-arg","locations":[{"start":{"line":20,"column":184},"end":{"line":20,"column":216}}],"line":20},"7":{"loc":{"start":{"line":22,"column":16},"end":{"line":22,"column":null}},"type":"cond-expr","locations":[{"start":{"line":22,"column":27},"end":{"line":22,"column":34}},{"start":{"line":22,"column":34},"end":{"line":22,"column":null}}],"line":22},"8":{"loc":{"start":{"line":35,"column":8},"end":{"line":35,"column":null}},"type":"cond-expr","locations":[{"start":{"line":35,"column":20},"end":{"line":35,"column":49}},{"start":{"line":35,"column":49},"end":{"line":35,"column":null}}],"line":35},"9":{"loc":{"start":{"line":47,"column":50},"end":{"line":47,"column":74}},"type":"default-arg","locations":[{"start":{"line":47,"column":68},"end":{"line":47,"column":74}}],"line":47},"10":{"loc":{"start":{"line":47,"column":74},"end":{"line":47,"column":123}},"type":"default-arg","locations":[{"start":{"line":47,"column":87},"end":{"line":47,"column":123}}],"line":47},"11":{"loc":{"start":{"line":48,"column":34},"end":{"line":48,"column":null}},"type":"cond-expr","locations":[{"start":{"line":48,"column":48},"end":{"line":48,"column":114}},{"start":{"line":48,"column":114},"end":{"line":48,"column":null}}],"line":48}},"s":{"0":70,"1":70,"2":70,"3":70,"4":70,"5":4,"6":70,"7":833,"8":70,"9":2870,"10":836,"11":70,"12":2870,"13":70,"14":70,"15":70,"16":70,"17":70,"18":70,"19":70,"20":70,"21":70,"22":70,"23":70,"24":70,"25":70,"26":70,"27":70,"28":70,"29":70,"30":70,"31":70,"32":70,"33":70,"34":70,"35":70,"36":70,"37":70,"38":70,"39":70,"40":70,"41":70,"42":70,"43":70,"44":70,"45":70,"46":70,"47":70,"48":70,"49":70,"50":70,"51":70,"52":70,"53":70,"54":70},"f":{"0":4,"1":833,"2":2870,"3":836,"4":2870},"b":{"0":[70],"1":[70],"2":[70,3,3],"3":[70,69,68,2,67],"4":[4],"5":[4],"6":[4],"7":[4,0],"8":[829,4],"9":[2870],"10":[2870],"11":[833,3]},"meta":{"lastBranch":12,"lastFunction":5,"lastStatement":55,"seen":{"s:4:36:4:Infinity":0,"b:4:14:4:18":0,"b:4:29:4:32":1,"s:5:23:5:Infinity":1,"s:6:6:6:Infinity":2,"b:6:6:6:42:6:42:6:54:6:54:6:Infinity":2,"s:7:25:7:Infinity":3,"b:7:25:7:50:7:50:7:75:7:75:7:99:7:99:7:119:7:119:7:Infinity":3,"s:20:21:23:Infinity":4,"f:20:21:20:22":0,"b:20:92:20:130":4,"b:20:137:20:177":5,"b:20:184:20:216":6,"s:22:1:22:Infinity":5,"b:22:27:22:34:22:34:22:Infinity":7,"s:34:19:36:Infinity":6,"f:34:19:34:20":1,"s:35:1:35:Infinity":7,"b:35:20:35:49:35:49:35:Infinity":8,"s:47:20:49:Infinity":8,"f:47:20:47:21":2,"b:47:68:47:74":9,"b:47:87:47:123":10,"s:48:1:48:Infinity":9,"f:48:8:48:9":3,"s:48:34:48:Infinity":10,"b:48:48:48:114:48:114:48:Infinity":11,"s:58:30:58:Infinity":11,"f:58:30:58:31":4,"s:58:97:58:Infinity":12,"s:66:57:66:Infinity":13,"s:67:41:67:Infinity":14,"s:68:40:68:Infinity":15,"s:69:39:69:Infinity":16,"s:70:42:70:Infinity":17,"s:71:45:71:Infinity":18,"s:72:43:72:Infinity":19,"s:73:42:73:Infinity":20,"s:74:49:74:Infinity":21,"s:75:41:75:Infinity":22,"s:76:39:76:Infinity":23,"s:77:41:77:Infinity":24,"s:78:42:78:Infinity":25,"s:79:40:79:Infinity":26,"s:80:43:80:Infinity":27,"s:81:40:81:Infinity":28,"s:82:41:82:Infinity":29,"s:83:40:83:Infinity":30,"s:84:43:84:Infinity":31,"s:85:41:85:Infinity":32,"s:86:43:86:Infinity":33,"s:87:44:87:Infinity":34,"s:88:42:88:Infinity":35,"s:89:45:89:Infinity":36,"s:90:42:90:Infinity":37,"s:91:43:91:Infinity":38,"s:92:47:92:Infinity":39,"s:93:45:93:Infinity":40,"s:94:47:94:Infinity":41,"s:95:48:95:Infinity":42,"s:96:46:96:Infinity":43,"s:97:49:97:Infinity":44,"s:98:46:98:Infinity":45,"s:99:47:99:Infinity":46,"s:100:49:100:Infinity":47,"s:101:47:101:Infinity":48,"s:102:49:102:Infinity":49,"s:103:50:103:Infinity":50,"s:104:48:104:Infinity":51,"s:105:51:105:Infinity":52,"s:106:48:106:Infinity":53,"s:107:49:107:Infinity":54}}}
,"/home/d1g1tal/development/projects/tsbuild/src/type-script-project.ts": {"path":"/home/d1g1tal/development/projects/tsbuild/src/type-script-project.ts","statementMap":{"0":{"start":{"line":21,"column":23},"end":{"line":21,"column":null}},"1":{"start":{"line":22,"column":21},"end":{"line":22,"column":null}},"2":{"start":{"line":22,"column":38},"end":{"line":22,"column":null}},"3":{"start":{"line":23,"column":47},"end":{"line":23,"column":null}},"4":{"start":{"line":23,"column":67},"end":{"line":23,"column":80}},"5":{"start":{"line":23,"column":162},"end":{"line":23,"column":171}},"6":{"start":{"line":26,"column":0},"end":{"line":299,"column":null}},"7":{"start":{"line":27,"column":7},"end":{"line":501,"column":null}},"8":{"start":{"line":27,"column":7},"end":{"line":27,"column":13}},"9":{"start":{"line":28,"column":1},"end":{"line":28,"column":null}},"10":{"start":{"line":29,"column":1},"end":{"line":29,"column":null}},"11":{"start":{"line":30,"column":1},"end":{"line":30,"column":null}},"12":{"start":{"line":31,"column":1},"end":{"line":31,"column":null}},"13":{"start":{"line":32,"column":1},"end":{"line":32,"column":null}},"14":{"start":{"line":33,"column":1},"end":{"line":33,"column":null}},"15":{"start":{"line":34,"column":1},"end":{"line":34,"column":null}},"16":{"start":{"line":35,"column":1},"end":{"line":35,"column":null}},"17":{"start":{"line":43,"column":2},"end":{"line":43,"column":null}},"18":{"start":{"line":44,"column":2},"end":{"line":44,"column":null}},"19":{"start":{"line":46,"column":167},"end":{"line":46,"column":null}},"20":{"start":{"line":49,"column":2},"end":{"line":49,"column":null}},"21":{"start":{"line":49,"column":56},"end":{"line":49,"column":80}},"22":{"start":{"line":52,"column":2},"end":{"line":52,"column":null}},"23":{"start":{"line":53,"column":2},"end":{"line":53,"column":null}},"24":{"start":{"line":54,"column":2},"end":{"line":54,"column":null}},"25":{"start":{"line":63,"column":2},"end":{"line":63,"column":null}},"26":{"start":{"line":71,"column":2},"end":{"line":71,"column":null}},"27":{"start":{"line":73,"column":2},"end":{"line":108,"column":null}},"28":{"start":{"line":74,"column":52},"end":{"line":74,"column":null}},"29":{"start":{"line":75,"column":28},"end":{"line":75,"column":null}},"30":{"start":{"line":77,"column":3},"end":{"line":86,"column":null}},"31":{"start":{"line":79,"column":4},"end":{"line":79,"column":null}},"32":{"start":{"line":79,"column":36},"end":{"line":79,"column":55}},"33":{"start":{"line":82,"column":4},"end":{"line":82,"column":null}},"34":{"start":{"line":82,"column":58},"end":{"line":82,"column":101}},"35":{"start":{"line":85,"column":4},"end":{"line":85,"column":null}},"36":{"start":{"line":85,"column":67},"end":{"line":85,"column":100}},"37":{"start":{"line":88,"column":3},"end":{"line":92,"column":null}},"38":{"start":{"line":89,"column":4},"end":{"line":91,"column":null}},"39":{"start":{"line":90,"column":5},"end":{"line":90,"column":null}},"40":{"start":{"line":94,"column":3},"end":{"line":94,"column":null}},"41":{"start":{"line":99,"column":3},"end":{"line":107,"column":null}},"42":{"start":{"line":100,"column":4},"end":{"line":100,"column":null}},"43":{"start":{"line":101,"column":4},"end":{"line":103,"column":null}},"44":{"start":{"line":102,"column":5},"end":{"line":102,"column":null}},"45":{"start":{"line":102,"column":31},"end":{"line":102,"column":100}},"46":{"start":{"line":106,"column":4},"end":{"line":106,"column":null}},"47":{"start":{"line":106,"column":73},"end":{"line":106,"column":106}},"48":{"start":{"line":106,"column":92},"end":{"line":106,"column":104}},"49":{"start":{"line":123,"column":2},"end":{"line":123,"column":null}},"50":{"start":{"line":126,"column":26},"end":{"line":126,"column":null}},"51":{"start":{"line":128,"column":2},"end":{"line":130,"column":null}},"52":{"start":{"line":129,"column":3},"end":{"line":129,"column":null}},"53":{"start":{"line":132,"column":2},"end":{"line":132,"column":null}},"54":{"start":{"line":141,"column":18},"end":{"line":141,"column":null}},"55":{"start":{"line":145,"column":2},"end":{"line":148,"column":null}},"56":{"start":{"line":147,"column":3},"end":{"line":147,"column":null}},"57":{"start":{"line":151,"column":2},"end":{"line":158,"column":null}},"58":{"start":{"line":152,"column":3},"end":{"line":157,"column":null}},"59":{"start":{"line":153,"column":43},"end":{"line":153,"column":null}},"60":{"start":{"line":154,"column":4},"end":{"line":154,"column":null}},"61":{"start":{"line":156,"column":4},"end":{"line":156,"column":null}},"62":{"start":{"line":160,"column":2},"end":{"line":160,"column":null}},"63":{"start":{"line":160,"column":49},"end":{"line":160,"column":98}},"64":{"start":{"line":164,"column":41},"end":{"line":164,"column":null}},"65":{"start":{"line":165,"column":2},"end":{"line":172,"column":null}},"66":{"start":{"line":166,"column":3},"end":{"line":171,"column":null}},"67":{"start":{"line":169,"column":4},"end":{"line":169,"column":null}},"68":{"start":{"line":170,"column":4},"end":{"line":170,"column":null}},"69":{"start":{"line":170,"column":119},"end":{"line":170,"column":144}},"70":{"start":{"line":174,"column":2},"end":{"line":229,"column":null}},"71":{"start":{"line":175,"column":55},"end":{"line":212,"column":null}},"72":{"start":{"line":214,"column":3},"end":{"line":218,"column":null}},"73":{"start":{"line":215,"column":4},"end":{"line":215,"column":null}},"74":{"start":{"line":215,"column":83},"end":{"line":215,"column":117}},"75":{"start":{"line":217,"column":4},"end":{"line":217,"column":null}},"76":{"start":{"line":217,"column":64},"end":{"line":217,"column":74}},"77":{"start":{"line":220,"column":39},"end":{"line":220,"column":null}},"78":{"start":{"line":221,"column":3},"end":{"line":223,"column":null}},"79":{"start":{"line":222,"column":4},"end":{"line":222,"column":null}},"80":{"start":{"line":225,"column":3},"end":{"line":225,"column":null}},"81":{"start":{"line":227,"column":3},"end":{"line":227,"column":null}},"82":{"start":{"line":228,"column":3},"end":{"line":228,"column":null}},"83":{"start":{"line":236,"column":34},"end":{"line":236,"column":null}},"84":{"start":{"line":238,"column":2},"end":{"line":240,"column":null}},"85":{"start":{"line":239,"column":3},"end":{"line":239,"column":null}},"86":{"start":{"line":242,"column":18},"end":{"line":251,"column":null}},"87":{"start":{"line":243,"column":3},"end":{"line":243,"column":null}},"88":{"start":{"line":243,"column":101},"end":{"line":243,"column":108}},"89":{"start":{"line":247,"column":3},"end":{"line":250,"column":null}},"90":{"start":{"line":248,"column":4},"end":{"line":248,"column":null}},"91":{"start":{"line":249,"column":4},"end":{"line":249,"column":null}},"92":{"start":{"line":253,"column":24},"end":{"line":253,"column":null}},"93":{"start":{"line":255,"column":2},"end":{"line":255,"column":null}},"94":{"start":{"line":255,"column":103},"end":{"line":255,"column":155}},"95":{"start":{"line":255,"column":129},"end":{"line":255,"column":153}},"96":{"start":{"line":257,"column":2},"end":{"line":257,"column":null}},"97":{"start":{"line":262,"column":2},"end":{"line":262,"column":null}},"98":{"start":{"line":263,"column":2},"end":{"line":263,"column":null}},"99":{"start":{"line":264,"column":2},"end":{"line":264,"column":null}},"100":{"start":{"line":265,"column":2},"end":{"line":265,"column":null}},"101":{"start":{"line":275,"column":2},"end":{"line":275,"column":null}},"102":{"start":{"line":275,"column":41},"end":{"line":275,"column":92}},"103":{"start":{"line":278,"column":2},"end":{"line":293,"column":null}},"104":{"start":{"line":301,"column":2},"end":{"line":301,"column":null}},"105":{"start":{"line":301,"column":42},"end":{"line":301,"column":49}},"106":{"start":{"line":303,"column":2},"end":{"line":303,"column":null}},"107":{"start":{"line":304,"column":2},"end":{"line":304,"column":null}},"108":{"start":{"line":306,"column":20},"end":{"line":306,"column":null}},"109":{"start":{"line":309,"column":2},"end":{"line":325,"column":null}},"110":{"start":{"line":311,"column":3},"end":{"line":324,"column":null}},"111":{"start":{"line":312,"column":4},"end":{"line":312,"column":null}},"112":{"start":{"line":313,"column":4},"end":{"line":313,"column":null}},"113":{"start":{"line":316,"column":18},"end":{"line":316,"column":null}},"114":{"start":{"line":317,"column":4},"end":{"line":317,"column":null}},"115":{"start":{"line":317,"column":24},"end":{"line":317,"column":61}},"116":{"start":{"line":320,"column":18},"end":{"line":320,"column":null}},"117":{"start":{"line":321,"column":4},"end":{"line":323,"column":null}},"118":{"start":{"line":322,"column":5},"end":{"line":322,"column":null}},"119":{"start":{"line":327,"column":2},"end":{"line":327,"column":null}},"120":{"start":{"line":330,"column":2},"end":{"line":330,"column":null}},"121":{"start":{"line":333,"column":2},"end":{"line":333,"column":null}},"122":{"start":{"line":343,"column":8},"end":{"line":343,"column":null}},"123":{"start":{"line":344,"column":2},"end":{"line":346,"column":null}},"124":{"start":{"line":345,"column":3},"end":{"line":345,"column":null}},"125":{"start":{"line":348,"column":17},"end":{"line":348,"column":null}},"126":{"start":{"line":349,"column":19},"end":{"line":349,"column":null}},"127":{"start":{"line":350,"column":21},"end":{"line":350,"column":null}},"128":{"start":{"line":352,"column":51},"end":{"line":364,"column":null}},"129":{"start":{"line":366,"column":21},"end":{"line":382,"column":null}},"130":{"start":{"line":384,"column":37},"end":{"line":384,"column":null}},"131":{"start":{"line":388,"column":2},"end":{"line":399,"column":null}},"132":{"start":{"line":408,"column":57},"end":{"line":408,"column":null}},"133":{"start":{"line":410,"column":2},"end":{"line":422,"column":null}},"134":{"start":{"line":411,"column":24},"end":{"line":411,"column":null}},"135":{"start":{"line":413,"column":3},"end":{"line":421,"column":null}},"136":{"start":{"line":414,"column":4},"end":{"line":418,"column":null}},"137":{"start":{"line":415,"column":22},"end":{"line":415,"column":null}},"138":{"start":{"line":417,"column":5},"end":{"line":417,"column":null}},"139":{"start":{"line":417,"column":41},"end":{"line":417,"column":96}},"140":{"start":{"line":420,"column":4},"end":{"line":420,"column":null}},"141":{"start":{"line":424,"column":2},"end":{"line":424,"column":null}},"142":{"start":{"line":432,"column":55},"end":{"line":432,"column":null}},"143":{"start":{"line":434,"column":2},"end":{"line":434,"column":null}},"144":{"start":{"line":446,"column":2},"end":{"line":449,"column":null}},"145":{"start":{"line":447,"column":3},"end":{"line":447,"column":null}},"146":{"start":{"line":447,"column":49},"end":{"line":447,"column":79}},"147":{"start":{"line":448,"column":3},"end":{"line":448,"column":null}},"148":{"start":{"line":452,"column":2},"end":{"line":452,"column":null}},"149":{"start":{"line":454,"column":2},"end":{"line":454,"column":null}},"150":{"start":{"line":454,"column":48},"end":{"line":454,"column":69}},"151":{"start":{"line":465,"column":2},"end":{"line":465,"column":null}},"152":{"start":{"line":468,"column":26},"end":{"line":468,"column":null}},"153":{"start":{"line":469,"column":2},"end":{"line":480,"column":null}},"154":{"start":{"line":470,"column":3},"end":{"line":479,"column":null}},"155":{"start":{"line":471,"column":21},"end":{"line":471,"column":null}},"156":{"start":{"line":472,"column":21},"end":{"line":472,"column":null}},"157":{"start":{"line":473,"column":4},"end":{"line":478,"column":null}},"158":{"start":{"line":474,"column":5},"end":{"line":474,"column":null}},"159":{"start":{"line":475,"column":5},"end":{"line":475,"column":null}},"160":{"start":{"line":477,"column":5},"end":{"line":477,"column":null}},"161":{"start":{"line":483,"column":21},"end":{"line":483,"column":null}},"162":{"start":{"line":484,"column":20},"end":{"line":484,"column":null}},"163":{"start":{"line":485,"column":75},"end":{"line":485,"column":null}},"164":{"start":{"line":486,"column":32},"end":{"line":486,"column":null}},"165":{"start":{"line":488,"column":2},"end":{"line":496,"column":null}},"166":{"start":{"line":489,"column":3},"end":{"line":489,"column":null}},"167":{"start":{"line":490,"column":2},"end":{"line":496,"column":null}},"168":{"start":{"line":491,"column":3},"end":{"line":491,"column":null}},"169":{"start":{"line":493,"column":3},"end":{"line":493,"column":null}},"170":{"start":{"line":494,"column":3},"end":{"line":494,"column":null}},"171":{"start":{"line":495,"column":3},"end":{"line":495,"column":null}},"172":{"start":{"line":495,"column":64},"end":{"line":495,"column":119}},"173":{"start":{"line":499,"column":2},"end":{"line":499,"column":null}},"174":{"start":{"line":70,"column":1},"end":{"line":27,"column":51}},"175":{"start":{"line":122,"column":1},"end":{"line":27,"column":51}
[...]
75,"14":75,"15":3,"16":5,"17":72,"18":44,"19":82,"20":6,"21":61,"22":30,"23":623},"b":{"0":[32,43],"1":[42,31],"2":[3,0],"3":[1,724],"4":[0,1],"5":[1,1],"6":[5,4],"7":[0,1],"8":[1,0],"9":[6,2],"10":[8,6,2,0,2,0,2,2],"11":[75,0],"12":[0,0],"13":[0,75],"14":[75,1],"15":[74,36],"16":[110,106],"17":[36,0],"18":[75,74,62,60,57],"19":[23,52],"20":[75,59],"21":[0,3],"22":[3,3],"23":[1,3],"24":[4,1,1],"25":[1,0],"26":[4,5],"27":[9,5,5,5],"28":[21,98],"29":[4,17],"30":[4,0],"31":[11,87],"32":[3,8],"33":[11,11,11,3],"34":[2,6],"35":[2,0,0],"36":[2,0],"37":[34,53],"38":[87,86,84,75,63,56],"39":[31,3],"40":[1,30],"41":[28,2],"42":[31,0],"43":[3,31],"44":[41,12],"45":[44,0],"46":[0,44],"47":[41,3],"48":[39,2],"49":[39,0],"50":[3,0],"51":[1,40],"52":[39,1],"53":[41,0],"54":[3,44],"55":[3,41],"56":[2,1],"57":[3,116],"58":[119,117,14],"59":[3,0],"60":[6,4],"61":[2,1],"62":[3,3],"63":[1,1],"64":[4,87],"65":[58,33],"66":[4,619],"67":[13,606],"68":[619,609,47,13],"69":[6,7],"70":[13,8],"71":[0,6],"72":[5,614],"73":[619,5,5],"74":[3,4],"75":[7,3,3],"76":[2,1],"77":[3,3,3,3],"78":[36]},"meta":{"lastBranch":79,"lastFunction":24,"lastStatement":211,"seen":{"s:36:37:36:Infinity":0,"f:36:37:36:38":0,"s:36:95:36:Infinity":1,"s:500:34:500:Infinity":2,"f:55:9:55:23":1,"f:73:8:73:19":2,"s:74:15:74:Infinity":3,"s:76:24:76:Infinity":4,"s:78:24:78:Infinity":5,"s:80:22:80:Infinity":6,"s:82:24:82:Infinity":7,"s:84:21:84:Infinity":8,"f:92:11:92:21":3,"s:93:3:93:Infinity":9,"f:101:11:101:20":4,"s:102:17:102:Infinity":10,"s:103:3:103:Infinity":11,"b:103:44:103:48:103:48:103:Infinity":0,"f:111:11:111:18":5,"s:112:15:112:Infinity":12,"s:113:3:113:Infinity":13,"b:113:40:113:44:113:44:113:Infinity":1,"f:121:11:121:36":6,"s:122:31:122:Infinity":14,"s:123:22:123:Infinity":15,"s:125:3:132:Infinity":16,"s:126:4:126:Infinity":17,"s:128:14:128:Infinity":18,"b:129:4:129:Infinity:undefined:undefined:undefined:undefined":2,"s:129:4:129:Infinity":19,"s:129:48:129:57":20,"s:131:4:131:Infinity":21,"s:134:3:134:Infinity":22,"f:142:11:142:27":7,"s:143:3:143:Infinity":23,"f:150:11:150:29":8,"s:151:3:151:Infinity":24,"b:153:3:162:Infinity:undefined:undefined:undefined:undefined":3,"s:153:3:162:Infinity":25,"b:154:4:156:Infinity:undefined:undefined:undefined:undefined":4,"s:154:4:156:Infinity":26,"b:154:8:154:45:154:45:154:86":5,"s:155:5:155:Infinity":27,"s:158:21:158:Infinity":28,"s:159:18:159:Infinity":29,"f:159:32:159:33":9,"s:159:46:159:111":30,"b:159:46:159:78:159:78:159:111":6,"s:161:4:161:Infinity":31,"f:161:33:161:34":10,"s:161:47:161:80":32,"b:161:117:161:133:161:133:161:151":7,"f:170:11:170:33":11,"s:171:20:171:Infinity":33,"b:173:3:188:Infinity:undefined:undefined:undefined:undefined":8,"s:173:3:188:Infinity":34,"s:175:20:175:Infinity":35,"s:176:4:185:Infinity":36,"s:176:17:176:20":37,"s:177:18:177:Infinity":38,"s:178:18:178:Infinity":39,"b:180:5:184:Infinity:182:12:184:Infinity":9,"s:180:5:184:Infinity":40,"b:180:10:180:24:180:24:180:41:180:41:180:55:180:55:180:71:180:71:180:85:180:85:180:100:180:100:180:115:180:115:180:128":10,"s:181:6:181:Infinity":41,"s:183:6:183:Infinity":42,"s:186:4:186:Infinity":43,"s:187:4:187:Infinity":44,"s:190:3:190:Infinity":45,"f:198:11:198:30":12,"s:199:3:199:Infinity":46,"s:199:37:199:55":47,"s:201:3:201:Infinity":48,"s:203:3:203:Infinity":49,"f:211:11:211:25":13,"s:212:17:212:Infinity":50,"b:214:3:223:Infinity:216:10:223:Infinity":11,"s:214:3:223:Infinity":51,"s:215:4:215:Infinity":52,"s:217:17:217:Infinity":53,"b:218:4:222:Infinity:220:11:222:Infinity":12,"s:218:4:222:Infinity":54,"s:219:5:219:Infinity":55,"s:221:5:221:Infinity":56,"f:230:11:230:24":14,"b:232:3:232:Infinity:undefined:undefined:undefined:undefined":13,"s:232:3:232:Infinity":57,"s:232:34:232:41":58,"s:234:20:234:Infinity":59,"s:236:3:243:Infinity":60,"b:236:26:236:44:236:44:236:48":14,"b:237:4:242:Infinity:240:4:242:Infinity":15,"s:237:4:242:Infinity":61,"b:237:8:237:55:237:55:237:99":16,"s:239:5:239:Infinity":62,"b:240:4:242:Infinity:undefined:undefined:undefined:undefined":17,"s:240:4:242:Infinity":63,"s:241:5:241:Infinity":64,"s:245:9:245:Infinity":65,"b:245:9:245:51:245:46:245:79:245:74:245:110:245:105:245:139:245:134:245:Infinity":18,"b:247:3:249:Infinity:undefined:undefined:undefined:undefined":19,"s:247:3:249:Infinity":66,"b:247:7:247:23:247:23:247:36":20,"s:248:4:248:Infinity":67,"f:256:11:256:28":15,"b:257:3:257:Infinity:undefined:undefined:undefined:undefined":21,"s:257:3:257:Infinity":68,"b:257:7:257:23:257:23:257:52":22,"s:257:54:257:61":69,"s:259:3:267:Infinity":70,"b:260:4:266:Infinity:undefined:undefined:undefined:undefined":23,"s:260:4:266:Infinity":71,"b:260:4:260:37:260:37:260:58:260:58:260:97":24,"s:261:5:265:Infinity":72,"b:262:6:264:Infinity:undefined:undefined:undefined:undefined":25,"s:262:6:264:Infinity":73,"s:263:7:263:Infinity":74,"f:276:11:276:39":16,"s:277:16:277:Infinity":75,"s:278:3:285:Infinity":76,"s:279:17:279:Infinity":77,"b:280:4:284:Infinity:282:11:284:Infinity":26,"s:280:4:284:Infinity":78,"b:280:8:280:24:280:24:280:41:280:41:280:61:280:61:280:76":27,"s:281:5:281:Infinity":79,"s:283:5:283:Infinity":80,"s:286:3:286:Infinity":81,"s:290:2:434:Infinity":82,"b:291:3:433:Infinity:327:3:433:Infinity":28,"s:291:3:433:Infinity":83,"b:293:4:326:Infinity:307:11:326:Infinity":29,"s:293:4:326:Infinity":84,"s:295:30:295:Infinity":85,"s:297:23:297:Infinity":86,"b:299:5:306:Infinity:undefined:undefined:undefined:undefined":30,"s:299:5:306:Infinity":87,"s:300:31:300:Infinity":88,"s:301:29:301:Infinity":89,"s:305:6:305:Infinity":90,"s:311:5:311:Infinity":91,"s:313:65:313:Infinity":92,"s:315:5:320:Infinity":93,"s:316:31:316:Infinity":94,"s:317:29:317:Infinity":95,"s:319:6:319:Infinity":96,"s:323:5:325:Infinity":97,"s:323:18:323:43":98,"s:324:6:324:Infinity":99,"b:327:3:433:Infinity:350:3:433:Infinity":31,"s:327:3:433:Infinity":100,"b:331:4:349:Infinity:334:4:349:Infinity":32,"s:331:4:349:Infinity":101,"b:331:8:331:29:331:13:331:66:331:66:331:109:331:109:331:132":33,"s:333:5:333:Infinity":102,"b:334:4:349:Infinity:undefined:undefined:undefined:undefined":34,"s:334:4:349:Infinity":103,"s:338:30:338:Infinity":104,"s:339:28:339:Infinity":105,"b:339:28:339:61:339:61:339:97:339:97:339:Infinity":35,"s:340:23:340:Infinity":106,"b:342:5:348:Infinity:undefined:undefined:undefined:undefined":36,"s:342:5:348:Infinity":107,"s:343:31:343:Infinity":108,"s:344:29:344:Infinity":109,"s:346:24:346:Infinity":110,"s:347:6:347:Infinity":111,"b:350:3:433:Infinity:372:3:433:Infinity":37,"s:350:3:433:Infinity":112,"b:350:3:350:41:350:36:350:72:350:67:350:104:350:99:350:132:350:127:350:164:350:159:350:191":38,"b:352:4:366:Infinity:undefined:undefined:undefined:undefined":39,"s:352:4:366:Infinity":113,"s:353:18:353:Infinity":114,"s:354:5:354:Infinity":115,"b:357:5:361:Infinity:359:5:361:Infinity":40,"s:357:5:361:Infinity":116,"s:358:6:358:Infinity":117,"b:359:5:361:Infinity:undefined:undefined:undefined:undefined":41,"s:359:5:361:Infinity":118,"s:360:6:360:Infinity":119,"b:363:5:365:Infinity:undefined:undefined:undefined:undefined":42,"s:363:5:365:Infinity":120,"s:364:6:364:Infinity":121,"b:369:4:369:Infinity:undefined:undefined:undefined:undefined":43,"s:369:4:369:Infinity":122,"s:369:37:369:60":123,"s:371:4:371:Infinity":124,"b:372:3:433:Infinity:undefined:undefined:undefined:undefined":44,"s:372:3:433:Infinity":125,"s:374:4:388:Infinity":126,"b:375:5:387:Infinity:undefined:undefined:undefined:undefined":45,"s:375:5:387:Infinity":127,"s:376:23:376:Infinity":128,"s:377:6:377:Infinity":129,"b:381:6:386:Infinity:384:6:386:Infinity":46,"s:381:6:386:Infinity":130,"f:381:31:381:32":17,"s:381:45:381:88":131,"s:383:7:383:Infinity":132,"b:384:6:386:Infinity:undefined:undefined:undefined:undefined":47,"s:384:6:386:Infinity":133,"f:384:38:384:39":18,"s:384:52:384:94":134,"s:385:7:385:Infinity":135,"s:390:4:390:Infinity":136,"s:392:29:392:Infinity":137,"b:395:4:410:Infinity:400:11:410:Infinity":48,"s:395:4:410:Infinity":138,"s:396:24:396:Infinity":139,"b:397:5:399:Infinity:undefined:undefined:undefined:undefined":49,"s:397:5:399:Infinity":140,"s:398:6:398:Infinity":141,"s:402:19:402:Infinity":142,"s:403:19:403:Infinity":143,"s:404:5:404:Infinity":144,"s:405:5:409:Infinity":145,"b:406:6:408:Infinity:undefined:undefined:undefined:undefined":50,"s:406:6:408:Infinity":146,"s:407:7:407:Infinity":147,"s:413:22:413:Infinity":148,"s:414:19:414:Infinity":149,"b:414:54:414:62:414:62:414:103":51,"b:414:88:414:98:414:98:414:103":52,"s:416:19:416:Infinity":150,"s:417:4:432:Infinity":151,"b:417:34:417:133:417:133:417:137":53,"f:417:74:417:75":19,"s:417:81:417:113":152,"b:418:5:431:Infinity:420:5:431:Infinity":54,"s:418:5:431:Infinity":153,"s:419:6:419:Infinity":154,"b:420:5:431:Infinity:undefined:undefined:undefined:undefined":55,"s:420:5:431:Infinity":155,"s:421:6:421:Infinity":156,"s:422:20:422:Infinity":157,"s:423:20:423:Infinity":158,"s:424:25:424:Infinity":159,"b:426:6:430:Infinity:428:13:430:Infinity":56,"s:426:6:430:Infinity":160,"s:427:7:427:Infinity":161,"s:429:7:429:Infinity":162,"s:445:2:464:Infinity":163,"s:447:3:447:Infinity":164,"b:450:3:463:Infinity:undefined:undefined:undefined:undefined":57,"s:450:3:463:Infinity":165,"b:450:3:450:39:450:34:450:68:450:68:450:80":58,"b:451:4:451:Infinity:undefined:undefined:undefined:undefined":59,"s:451:4:451:Infinity":166,"s:451:32:451:85":167,"s:453:21:453:Infinity":168,"s:454:18:454:Infinity":169,"f:454:37:454:38":20,"s:454:47:454:128":170,"b:454:47:454:88:454:88:454:128":60,"s:455:18:455:Infinity":171,"s:456:22:456:Infinity":172,"b:458:4:462:Infinity:460:11:462:Infinity":61,"s:458:4:462:Infinity":173,"b:458:8:458:57:458:57:458:103":62,"s:459:5:459:Infinity":174,"b:459:105:459:111:459:111:459:113":63,"s:461:5:461:Infinity":175,"s:467:2:472:Infinity":176,"s:470:21:470:Infinity":177,"s:471:3:471:Infinity":178,"s:471:55:471:94":179,"b:475:2:475:Infinity:undefined:undefined:undefined:undefined":64,"s:475:2:475:Infinity":180,"s:475:30:475:98":181,"b:477:2:479:Infinity:undefined:undefined:undefined:undefined":65,"s:477:2:479:Infinity":182,"s:478:3:478:Infinity":183,"s:481:2:483:Infinity":184,"s:482:3:482:Infinity":185,"s:486:25:486:Infinity":186,"s:489:25:489:Infinity":187,"s:491:2:491:Infinity":188,"f:500:34:500:35":21,"s:500:54:500:Infinity":189,"f:508:8:508:20":22,"s:509:13:509:Infinity":190,"s:510:48:510:Infinity":191,"f:517:11:517:21":23,"b:519:3:522:Infinity:undefined:undefined:undefined:undefined":66,"s:519:3:522:Infinity":192,"s:520:4:520:Infinity":193,"s:521:4:521:Infinity":194,"b:525:3:536:Infinity:undefined:undefined:undefined:undefined":67,"s:525:3:536:Infinity":195,"b:525:3:525:37:525:32:525:67:525:67:525:91:525:72:525:130":68,"s:526:21:526:Infinity":196,"b:527:4:535:Infinity:undefined:undefined:undefined:undefined":69,"s:527:4:535:Infinity":197,"b:527:8:527:32:527:32:527:66":70,"s:529:25:529:Infinity":198,"b:529:51:529:90:529:90:529:Infinity":71,"s:530:5:534:Infinity":199,"b:539:3:549:Infinity:undefined:undefined:undefined:undefined":72,"s:539:3:549:Infinity":200,"b:539:3:539:36:539:36:539:49:539:41:539:75":73,"s:540:4:548:Infinity":201,"b:541:5:547:Infinity:undefined:undefined:undefined:undefined":74,"s:541:5:547:Infinity":202,"b:541:5:541:47:541:47:541:77:541:77:541:125":75,"s:542:6:546:Infinity":203,"b:543:7:545:Infinity:undefined:undefined:undefined:undefined":76,"s:543:7:545:Infinity":204,"b:543:11:543:27:543:11:543:57:543:52:543:79:543:79:543:122":77,"s:544:8:544:Infinity":205,"s:552:3:552:Infinity":206,"s:555:2:555:Infinity":207,"s:558:2:560:Infinity":208,"b:558:41:558:44":78,"s:559:3:559:Infinity":209,"s:562:2:562:Infinity":210}}}
,"/home/d1g1tal/development/projects/tsbuild/src/plugins/decorator-metadata.ts": {"path":"/home/d1g1tal/development/projects/tsbuild/src/plugins/decorator-metadata.ts","statementMap":{"0":{"start":{"line":9,"column":31},"end":{"line":19,"column":null}},"1":{"start":{"line":22,"column":50},"end":{"line":48,"column":null}},"2":{"start":{"line":32,"column":2},"end":{"line":32,"column":null}},"3":{"start":{"line":33,"column":2},"end":{"line":46,"column":null}},"4":{"start":{"line":34,"column":18},"end":{"line":34,"column":null}},"5":{"start":{"line":36,"column":3},"end":{"line":43,"column":null}},"6":{"start":{"line":37,"column":36},"end":{"line":37,"column":null}},"7":{"start":{"line":39,"column":4},"end":{"line":41,"column":null}},"8":{"start":{"line":40,"column":5},"end":{"line":40,"column":null}},"9":{"start":{"line":42,"column":4},"end":{"line":42,"column":null}},"10":{"start":{"line":45,"column":3},"end":{"line":45,"column":null}}},"fnMap":{"0":{"name":"(anonymous_0)","decl":{"start":{"line":30,"column":1},"end":{"line":30,"column":7}},"loc":{"start":{"line":30,"column":20},"end":{"line":47,"column":null}},"line":30},"1":{"name":"(anonymous_1)","decl":{"start":{"line":33,"column":27},"end":{"line":33,"column":34}},"loc":{"start":{"line":33,"column":70},"end":{"line":46,"column":3}},"line":33}},"branchMap":{"0":{"loc":{"start":{"line":36,"column":3},"end":{"line":43,"column":null}},"type":"if","locations":[{"start":{"line":36,"column":3},"end":{"line":43,"column":null}},{"start":{},"end":{}}],"line":36}},"s":{"0":1,"1":1,"2":3,"3":3,"4":2,"5":2,"6":1,"7":1,"8":2,"9":1,"10":2},"f":{"0":3,"1":2},"b":{"0":[1,1]},"meta":{"lastBranch":1,"lastFunction":2,"lastStatement":11,"seen":{"s:9:31:19:Infinity":0,"s:22:50:48:Infinity":1,"f:30:1:30:7":0,"s:32:2:32:Infinity":2,"s:33:2:46:Infinity":3,"f:33:27:33:34":1,"s:34:18:34:Infinity":4,"b:36:3:43:Infinity:undefined:undefined:undefined:undefined":0,"s:36:3:43:Infinity":5,"s:37:36:37:Infinity":6,"s:39:4:41:Infinity":7,"s:40:5:40:Infinity":8,"s:42:4:42:Infinity":9,"s:45:3:45:Infinity":10}}}
,"/home/d1g1tal/development/projects/tsbuild/src/plugins/external-modules.ts": {"path":"/home/d1g1tal/development/projects/tsbuild/src/plugins/external-modules.ts","statementMap":{"0":{"start":{"line":7,"column":14},"end":{"line":9,"column":null}},"1":{"start":{"line":8,"column":1},"end":{"line":8,"column":null}},"2":{"start":{"line":8,"column":35},"end":{"line":8,"column":128}},"3":{"start":{"line":11,"column":37},"end":{"line":30,"column":null}},"4":{"start":{"line":12,"column":1},"end":{"line":29,"column":null}},"5":{"start":{"line":19,"column":20},"end":{"line":19,"column":null}},"6":{"start":{"line":20,"column":3},"end":{"line":27,"column":null}},"7":{"start":{"line":21,"column":4},"end":{"line":26,"column":null}},"8":{"start":{"line":22,"column":35},"end":{"line":22,"column":null}},"9":{"start":{"line":23,"column":37},"end":{"line":23,"column":null}},"10":{"start":{"line":24,"column":31},"end":{"line":24,"column":null}},"11":{"start":{"line":25,"column":14},"end":{"line":25,"column":null}}},"fnMap":{"0":{"name":"(anonymous_0)","decl":{"start":{"line":7,"column":14},"end":{"line":7,"column":15}},"loc":{"start":{"line":7,"column":60},"end":{"line":9,"column":null}},"line":7},"1":{"name":"(anonymous_1)","decl":{"start":{"line":8,"column":22},"end":{"line":8,"column":23}},"loc":{"start":{"line":8,"column":35},"end":{"line":8,"column":128}},"line":8},"2":{"name":"(anonymous_2)","decl":{"start":{"line":11,"column":37},"end":{"line":11,"column":38}},"loc":{"start":{"line":11,"column":119},"end":{"line":30,"column":null}},"line":11},"3":{"name":"(anonymous_3)","decl":{"start":{"line":18,"column":2},"end":{"line":18,"column":8}},"loc":{"start":{"line":18,"column":21},"end":{"line":28,"column":null}},"line":18},"4":{"name":"(anonymous_4)","decl":{"start":{"line":20,"column":37},"end":{"line":20,"column":38}},"loc":{"start":{"line":20,"column":80},"end":{"line":27,"column":4}},"line":20}},"branchMap":{"0":{"loc":{"start":{"line":8,"column":35},"end":{"line":8,"column":128}},"type":"cond-expr","locations":[{"start":{"line":8,"column":63},"end":{"line":8,"column":82}},{"start":{"line":8,"column":82},"end":{"line":8,"column":128}}],"line":8},"1":{"loc":{"start":{"line":8,"column":82},"end":{"line":8,"column":128}},"type":"binary-expr","locations":[{"start":{"line":8,"column":82},"end":{"line":8,"column":100}},{"start":{"line":8,"column":100},"end":{"line":8,"column":128}}],"line":8},"2":{"loc":{"start":{"line":11,"column":40},"end":{"line":11,"column":59}},"type":"default-arg","locations":[{"start":{"line":11,"column":55},"end":{"line":11,"column":59}}],"line":11},"3":{"loc":{"start":{"line":11,"column":59},"end":{"line":11,"column":75}},"type":"default-arg","locations":[{"start":{"line":11,"column":72},"end":{"line":11,"column":75}}],"line":11},"4":{"loc":{"start":{"line":21,"column":4},"end":{"line":26,"column":null}},"type":"switch","locations":[{"start":{"line":22,"column":5},"end":{"line":22,"column":null}},{"start":{"line":23,"column":5},"end":{"line":23,"column":null}},{"start":{"line":24,"column":5},"end":{"line":24,"column":null}},{"start":{"line":25,"column":5},"end":{"line":25,"column":null}}],"line":21}},"s":{"0":20,"1":25,"2":11,"3":20,"4":11,"5":10,"6":10,"7":15,"8":5,"9":3,"10":3,"11":4},"f":{"0":25,"1":11,"2":11,"3":10,"4":15},"b":{"0":[2,9],"1":[9,5],"2":[11],"3":[11],"4":[5,3,3,4]},"meta":{"lastBranch":5,"lastFunction":5,"lastStatement":12,"seen":{"s:7:14:9:Infinity":0,"f:7:14:7:15":0,"s:8:1:8:Infinity":1,"f:8:22:8:23":1,"s:8:35:8:128":2,"b:8:63:8:82:8:82:8:128":0,"b:8:82:8:100:8:100:8:128":1,"s:11:37:30:Infinity":3,"f:11:37:11:38":2,"b:11:55:11:59":2,"b:11:72:11:75":3,"s:12:1:29:Infinity":4,"f:18:2:18:8":3,"s:19:20:19:Infinity":5,"s:20:3:27:Infinity":6,"f:20:37:20:38":4,"b:22:5:22:Infinity:23:5:23:Infinity:24:5:24:Infinity:25:5:25:Infinity":4,"s:21:4:26:Infinity":7,"s:22:35:22:Infinity":8,"s:23:37:23:Infinity":9,"s:24:31:24:Infinity":10,"s:25:14:25:Infinity":11}}}
,"/home/d1g1tal/development/projects/tsbuild/src/plugins/output.ts": {"path":"/home/d1g1tal/development/projects/tsbuild/src/plugins/output.ts","statementMap":{"0":{"start":{"line":8,"column":17},"end":{"line":8,"column":null}},"1":{"start":{"line":17,"column":7},"end":{"line":17,"column":null}},"2":{"start":{"line":19,"column":1},"end":{"line":19,"column":null}},"3":{"start":{"line":26,"column":28},"end":{"line":37,"column":null}},"4":{"start":{"line":27,"column":1},"end":{"line":36,"column":null}},"5":{"start":{"line":34,"column":3},"end":{"line":34,"column":null}},"6":{"start":{"line":34,"column":85},"end":{"line":34,"column":136}}},"fnMap":{"0":{"name":"fileMapper","decl":{"start":{"line":15,"column":15},"end":{"line":15,"column":26}},"loc":{"start":{"line":15,"column":73},"end":{"line":20,"column":null}},"line":15},"1":{"name":"(anonymous_1)","decl":{"start":{"line":26,"column":28},"end":{"line":26,"column":42}},"loc":{"start":{"line":26,"column":42},"end":{"line":37,"column":null}},"line":26},"2":{"name":"(anonymous_2)","decl":{"start":{"line":33,"column":2},"end":{"line":33,"column":8}},"loc":{"start":{"line":33,"column":21},"end":{"line":35,"column":null}},"line":33},"3":{"name":"(anonymous_3)","decl":{"start":{"line":34,"column":15},"end":{"line":34,"column":22}},"loc":{"start":{"line":34,"column":85},"end":{"line":34,"column":136}},"line":34}},"branchMap":{"0":{"loc":{"start":{"line":17,"column":7},"end":{"line":17,"column":null}},"type":"cond-expr","locations":[{"start":{"line":17,"column":99},"end":{"line":17,"column":129}},{"start":{"line":17,"column":129},"end":{"line":17,"column":null}}],"line":17},"1":{"loc":{"start":{"line":17,"column":7},"end":{"line":17,"column":99}},"type":"binary-expr","locations":[{"start":{"line":17,"column":7},"end":{"line":17,"column":52}},{"start":{"line":17,"column":52},"end":{"line":17,"column":76}},{"start":{"line":17,"column":76},"end":{"line":17,"column":99}}],"line":17}},"s":{"0":20,"1":36,"2":36,"3":20,"4":28,"5":27,"6":25},"f":{"0":36,"1":28,"2":27,"3":25},"b":{"0":[3,33],"1":[36,31,3]},"meta":{"lastBranch":2,"lastFunction":4,"lastStatement":7,"seen":{"s:8:17:8:Infinity":0,"f:15:15:15:26":0,"s:17:7:17:Infinity":1,"b:17:99:17:129:17:129:17:Infinity":0,"b:17:7:17:52:17:52:17:76:17:76:17:99":1,"s:19:1:19:Infinity":2,"s:26:28:37:Infinity":3,"f:26:28:26:42":1,"s:27:1:36:Infinity":4,"f:33:2:33:8":2,"s:34:3:34:Infinity":5,"f:34:15:34:22":3,"s:34:85:34:136":6}}}
}
