{"/home/d1g1tal/development/projects/tsbuild/src/constants.ts": {"path":"/home/d1g1tal/development/projects/tsbuild/src/constants.ts","statementMap":{"0":{"start":{"line":5,"column":18},"end":{"line":5,"column":null}},"1":{"start":{"line":6,"column":16},"end":{"line":6,"column":null}},"2":{"start":{"line":7,"column":17},"end":{"line":7,"column":null}},"3":{"start":{"line":8,"column":25},"end":{"line":8,"column":null}},"4":{"start":{"line":9,"column":28},"end":{"line":9,"column":null}},"5":{"start":{"line":10,"column":57},"end":{"line":25,"column":null}},"6":{"start":{"line":28,"column":63},"end":{"line":43,"column":null}},"7":{"start":{"line":45,"column":63},"end":{"line":51,"column":null}},"8":{"start":{"line":58,"column":19},"end":{"line":58,"column":null}},"9":{"start":{"line":58,"column":55},"end":{"line":58,"column":null}},"10":{"start":{"line":65,"column":27},"end":{"line":65,"column":null}},"11":{"start":{"line":65,"column":80},"end":{"line":65,"column":null}},"12":{"start":{"line":67,"column":22},"end":{"line":72,"column":null}},"13":{"start":{"line":76,"column":17},"end":{"line":79,"column":null}},"14":{"start":{"line":81,"column":26},"end":{"line":81,"column":null}},"15":{"start":{"line":82,"column":28},"end":{"line":82,"column":null}},"16":{"start":{"line":83,"column":28},"end":{"line":83,"column":null}},"17":{"start":{"line":84,"column":26},"end":{"line":84,"column":null}},"18":{"start":{"line":85,"column":31},"end":{"line":85,"column":null}},"19":{"start":{"line":86,"column":25},"end":{"line":86,"column":null}},"20":{"start":{"line":87,"column":23},"end":{"line":87,"column":null}},"21":{"start":{"line":88,"column":22},"end":{"line":88,"column":null}},"22":{"start":{"line":89,"column":21},"end":{"line":89,"column":null}},"23":{"start":{"line":91,"column":24},"end":{"line":91,"column":null}},"24":{"start":{"line":92,"column":15},"end":{"line":92,"column":null}},"25":{"start":{"line":93,"column":16},"end":{"line":93,"column":null}},"26":{"start":{"line":94,"column":28},"end":{"line":94,"column":null}},"27":{"start":{"line":95,"column":48},"end":{"line":95,"column":null}},"28":{"start":{"line":96,"column":46},"end":{"line":96,"column":null}},"29":{"start":{"line":98,"column":43},"end":{"line":98,"column":null}},"30":{"start":{"line":100,"column":34},"end":{"line":100,"column":null}}},"fnMap":{"0":{"name":"(anonymous_0)","decl":{"start":{"line":58,"column":19},"end":{"line":58,"column":20}},"loc":{"start":{"line":58,"column":55},"end":{"line":58,"column":null}},"line":58},"1":{"name":"(anonymous_1)","decl":{"start":{"line":65,"column":27},"end":{"line":65,"column":28}},"loc":{"start":{"line":65,"column":80},"end":{"line":65,"column":null}},"line":65}},"branchMap":{"0":{"loc":{"start":{"line":65,"column":80},"end":{"line":65,"column":null}},"type":"cond-expr","locations":[{"start":{"line":65,"column":104},"end":{"line":65,"column":126}},{"start":{"line":65,"column":126},"end":{"line":65,"column":null}}],"line":65}},"s":{"0":54,"1":54,"2":54,"3":54,"4":54,"5":54,"6":54,"7":54,"8":54,"9":49,"10":54,"11":23,"12":54,"13":54,"14":54,"15":54,"16":54,"17":54,"18":54,"19":54,"20":54,"21":54,"22":54,"23":54,"24":54,"25":54,"26":54,"27":54,"28":54,"29":54,"30":54},"f":{"0":49,"1":23},"b":{"0":[0,23]},"meta":{"lastBranch":1,"lastFunction":2,"lastStatement":31,"seen":{"s:5:18:5:Infinity":0,"s:6:16:6:Infinity":1,"s:7:17:7:Infinity":2,"s:8:25:8:Infinity":3,"s:9:28:9:Infinity":4,"s:10:57:25:Infinity":5,"s:28:63:43:Infinity":6,"s:45:63:51:Infinity":7,"s:58:19:58:Infinity":8,"f:58:19:58:20":0,"s:58:55:58:Infinity":9,"s:65:27:65:Infinity":10,"f:65:27:65:28":1,"s:65:80:65:Infinity":11,"b:65:104:65:126:65:126:65:Infinity":0,"s:67:22:72:Infinity":12,"s:76:17:79:Infinity":13,"s:81:26:81:Infinity":14,"s:82:28:82:Infinity":15,"s:83:28:83:Infinity":16,"s:84:26:84:Infinity":17,"s:85:31:85:Infinity":18,"s:86:25:86:Infinity":19,"s:87:23:87:Infinity":20,"s:88:22:88:Infinity":21,"s:89:21:89:Infinity":22,"s:91:24:91:Infinity":23,"s:92:15:92:Infinity":24,"s:93:16:93:Infinity":25,"s:94:28:94:Infinity":26,"s:95:48:95:Infinity":27,"s:96:46:96:Infinity":28,"s:98:43:98:Infinity":29,"s:100:34:100:Infinity":30}}}
,"/home/d1g1tal/development/projects/tsbuild/src/entry-points.ts": {"path":"/home/d1g1tal/development/projects/tsbuild/src/entry-points.ts","statementMap":{"0":{"start":{"line":4,"column":25},"end":{"line":4,"column":null}},"1":{"start":{"line":7,"column":61},"end":{"line":13,"column":null}},"2":{"start":{"line":39,"column":26},"end":{"line":39,"column":null}},"3":{"start":{"line":40,"column":26},"end":{"line":40,"column":null}},"4":{"start":{"line":42,"column":1},"end":{"line":42,"column":null}},"5":{"start":{"line":42,"column":102},"end":{"line":42,"column":119}},"6":{"start":{"line":44,"column":25},"end":{"line":44,"column":null}},"7":{"start":{"line":46,"column":1},"end":{"line":51,"column":null}},"8":{"start":{"line":47,"column":2},"end":{"line":50,"column":null}},"9":{"start":{"line":48,"column":16},"end":{"line":48,"column":null}},"10":{"start":{"line":49,"column":3},"end":{"line":49,"column":null}},"11":{"start":{"line":53,"column":1},"end":{"line":53,"column":null}},"12":{"start":{"line":62,"column":1},"end":{"line":62,"column":null}},"13":{"start":{"line":62,"column":40},"end":{"line":62,"column":59}},"14":{"start":{"line":64,"column":1},"end":{"line":67,"column":null}},"15":{"start":{"line":65,"column":16},"end":{"line":65,"column":null}},"16":{"start":{"line":66,"column":2},"end":{"line":66,"column":null}},"17":{"start":{"line":66,"column":35},"end":{"line":66,"column":48}},"18":{"start":{"line":69,"column":1},"end":{"line":69,"column":null}},"19":{"start":{"line":79,"column":1},"end":{"line":79,"column":null}},"20":{"start":{"line":79,"column":24},"end":{"line":79,"column":54}},"21":{"start":{"line":81,"column":23},"end":{"line":81,"column":null}},"22":{"start":{"line":82,"column":21},"end":{"line":82,"column":null}},"23":{"start":{"line":83,"column":1},"end":{"line":83,"column":null}},"24":{"start":{"line":95,"column":48},"end":{"line":95,"column":null}},"25":{"start":{"line":97,"column":1},"end":{"line":112,"column":null}},"26":{"start":{"line":98,"column":2},"end":{"line":111,"column":null}},"27":{"start":{"line":99,"column":22},"end":{"line":99,"column":null}},"28":{"start":{"line":100,"column":3},"end":{"line":100,"column":null}},"29":{"start":{"line":100,"column":21},"end":{"line":100,"column":75}},"30":{"start":{"line":102,"column":3},"end":{"line":110,"column":null}},"31":{"start":{"line":103,"column":4},"end":{"line":103,"column":null}},"32":{"start":{"line":103,"column":33},"end":{"line":103,"column":42}},"33":{"start":{"line":105,"column":23},"end":{"line":105,"column":null}},"34":{"start":{"line":106,"column":4},"end":{"line":106,"column":null}},"35":{"start":{"line":106,"column":36},"end":{"line":106,"column":45}},"36":{"start":{"line":108,"column":23},"end":{"line":108,"column":null}},"37":{"start":{"line":109,"column":4},"end":{"line":109,"column":null}},"38":{"start":{"line":109,"column":22},"end":{"line":109,"column":94}},"39":{"start":{"line":114,"column":1},"end":{"line":123,"column":null}},"40":{"start":{"line":115,"column":21},"end":{"line":115,"column":null}},"41":{"start":{"line":117,"column":2},"end":{"line":122,"column":null}},"42":{"start":{"line":118,"column":3},"end":{"line":121,"column":null}},"43":{"start":{"line":119,"column":23},"end":{"line":119,"column":null}},"44":{"start":{"line":120,"column":4},"end":{"line":120,"column":null}},"45":{"start":{"line":120,"column":22},"end":{"line":120,"column":53}},"46":{"start":{"line":125,"column":1},"end":{"line":131,"column":null}},"47":{"start":{"line":126,"column":21},"end":{"line":126,"column":null}},"48":{"start":{"line":127,"column":2},"end":{"line":130,"column":null}},"49":{"start":{"line":128,"column":22},"end":{"line":128,"column":null}},"50":{"start":{"line":129,"column":3},"end":{"line":129,"column":null}},"51":{"start":{"line":129,"column":21},"end":{"line":129,"column":55}},"52":{"start":{"line":133,"column":1},"end":{"line":133,"column":null}}},"fnMap":{"0":{"name":"outputToSourcePath","decl":{"start":{"line":38,"column":9},"end":{"line":38,"column":28}},"loc":{"start":{"line":38,"column":109},"end":{"line":54,"column":null}},"line":38},"1":{"name":"resolveConditionalExport","decl":{"start":{"line":61,"column":9},"end":{"line":61,"column":34}},"loc":{"start":{"line":61,"column":106},"end":{"line":70,"column":null}},"line":61},"2":{"name":"subpathToEntryName","decl":{"start":{"line":78,"column":9},"end":{"line":78,"column":28}},"loc":{"start":{"line":78,"column":75},"end":{"line":84,"column":null}},"line":78},"3":{"name":"inferEntryPoints","decl":{"start":{"line":94,"column":9},"end":{"line":94,"column":26}},"loc":{"start":{"line":94,"column":134},"end":{"line":134,"column":null}},"line":94}},"branchMap":{"0":{"loc":{"start":{"line":42,"column":1},"end":{"line":42,"column":null}},"type":"if","locations":[{"start":{"line":42,"column":1},"end":{"line":42,"column":null}},{"start":{},"end":{}}],"line":42},"1":{"loc":{"start":{"line":42,"column":5},"end":{"line":42,"column":100}},"type":"binary-expr","locations":[{"start":{"line":42,"column":5},"end":{"line":42,"column":61}},{"start":{"line":42,"column":61},"end":{"line":42,"column":100}}],"line":42},"2":{"loc":{"start":{"line":47,"column":2},"end":{"line":50,"column":null}},"type":"if","locations":[{"start":{"line":47,"column":2},"end":{"line":50,"column":null}},{"start":{},"end":{}}],"line":47},"3":{"loc":{"start":{"line":62,"column":1},"end":{"line":62,"column":null}},"type":"if","locations":[{"start":{"line":62,"column":1},"end":{"line":62,"column":null}},{"start":{},"end":{}}],"line":62},"4":{"loc":{"start":{"line":66,"column":2},"end":{"line":66,"column":null}},"type":"if","locations":[{"start":{"line":66,"column":2},"end":{"line":66,"column":null}},{"start":{},"end":{}}],"line":66},"5":{"loc":{"start":{"line":79,"column":1},"end":{"line":79,"column":null}},"type":"if","locations":[{"start":{"line":79,"column":1},"end":{"line":79,"column":null}},{"start":{},"end":{}}],"line":79},"6":{"loc":{"start":{"line":79,"column":31},"end":{"line":79,"column":54}},"type":"binary-expr","locations":[{"start":{"line":79,"column":31},"end":{"line":79,"column":46}},{"start":{"line":79,"column":46},"end":{"line":79,"column":54}}],"line":79},"7":{"loc":{"start":{"line":83,"column":8},"end":{"line":83,"column":null}},"type":"cond-expr","locations":[{"start":{"line":83,"column":29},"end":{"line":83,"column":45}},{"start":{"line":83,"column":45},"end":{"line":83,"column":null}}],"line":83},"8":{"loc":{"start":{"line":94,"column":68},"end":{"line":94,"column":134}},"type":"default-arg","locations":[{"start":{"line":94,"column":88},"end":{"line":94,"column":134}}],"line":94},"9":{"loc":{"start":{"line":97,"column":1},"end":{"line":112,"column":null}},"type":"if","locations":[{"start":{"line":97,"column":1},"end":{"line":112,"column":null}},{"start":{},"end":{}}],"line":97},"10":{"loc":{"start":{"line":98,"column":2},"end":{"line":111,"column":null}},"type":"if","locations":[{"start":{"line":98,"column":2},"end":{"line":111,"column":null}},{"start":{"line":101,"column":9},"end":{"line":111,"column":null}}],"line":98},"11":{"loc":{"start":{"line":100,"column":3},"end":{"line":100,"column":null}},"type":"if","locations":[{"start":{"line":100,"column":3},"end":{"line":100,"column":null}},{"start":{},"end":{}}],"line":100},"12":{"loc":{"start":{"line":100,"column":33},"end":{"line":100,"column":60}},"type":"binary-expr","locations":[{"start":{"line":100,"column":33},"end":{"line":100,"column":53}},{"start":{"line":100,"column":53},"end":{"line":100,"column":60}}],"line":100},"13":{"loc":{"start":{"line":103,"column":4},"end":{"line":103,"column":null}},"type":"if","locations":[{"start":{"line":103,"column":4},"end":{"line":103,"column":null}},{"start":{},"end":{}}],"line":103},"14":{"loc":{"start":{"line":106,"column":4},"end":{"line":106,"column":null}},"type":"if","locations":[{"start":{"line":106,"column":4},"end":{"line":106,"column":null}},{"start":{},"end":{}}],"line":106},"15":{"loc":{"start":{"line":109,"column":4},"end":{"line":109,"column":null}},"type":"if","locations":[{"start":{"line":109,"column":4},"end":{"line":109,"column":null}},{"start":{},"end":{}}],"line":109},"16":{"loc":{"start":{"line":114,"column":1},"end":{"line":123,"column":null}},"type":"if","locations":[{"start":{"line":114,"column":1},"end":{"line":123,"column":null}},{"start":{},"end":{}}],"line":114},"17":{"loc":{"start":{"line":115,"column":21},"end":{"line":115,"column":null}},"type":"cond-expr","locations":[{"start":{"line":115,"column":59},"end":{"line":115,"column":110}},{"start":{"line":115,"column":110},"end":{"line":115,"column":null}}],"line":115},"18":{"loc":{"start":{"line":115,"column":62},"end":{"line":115,"column":87}},"type":"binary-expr","locations":[{"start":{"line":115,"column":62},"end":{"line":115,"column":82}},{"start":{"line":115,"column":82},"end":{"line":115,"column":87}}],"line":115},"19":{"loc":{"start":{"line":118,"column":3},"end":{"line":121,"column":null}},"type":"if","locations":[{"start":{"line":118,"column":3},"end":{"line":121,"column":null}},{"start":{},"end":{}}],"line":118},"20":{"loc":{"start":{"line":120,"column":4},"end":{"line":120,"column":null}},"type":"if","locations":[{"start":{"line":120,"column":4},"end":{"line":120,"column":null}},{"start":{},"end":{}}],"line":120},"21":{"loc":{"start":{"line":125,"column":1},"end":{"line":131,"column":null}},"type":"if","locations":[{"start":{"line":125,"column":1},"end":{"line":131,"column":null}},{"start":{},"end":{}}],"line":125},"22":{"loc":{"start":{"line":126,"column":21},"end":{"line":126,"column":null}},"type":"binary-expr","locations":[{"start":{"line":126,"column":21},"end":{"line":126,"column":43}},{"start":{"line":126,"column":43},"end":{"line":126,"column":null}}],"line":126},"23":{"loc":{"start":{"line":127,"column":2},"end":{"line":130,"column":null}},"type":"if","locations":[{"start":{"line":127,"column":2},"end":{"line":130,"column":null}},{"start":{},"end":{}}],"line":127},"24":{"loc":{"start":{"line":129,"column":3},"end":{"line":129,"column":null}},"type":"if","locations":[{"start":{"line":129,"column":3},"end":{"line":129,"column":null}},{"start":{},"end":{}}],"line":129},"25":{"loc":{"start":{"line":133,"column":8},"end":{"line":133,"column":null}},"type":"cond-expr","locations":[{"start":{"line":133,"column":46},"end":{"line":133,"column":60}},{"start":{"line":133,"column":60},"end":{"line":133,"column":null}}],"line":133}},"s":{"0":20,"1":20,"2":37,"3":37,"4":37,"5":5,"6":32,"7":32,"8":48,"9":31,"10":31,"11":1,"12":17,"13":8,"14":9,"15":13,"16":13,"17":6,"18":3,"19":16,"20":9,"21":7,"22":7,"23":7,"24":23,"25":23,"26":13,"27":4,"28":4,"29":3,"30":9,"31":14,"32":2,"33":12,"34":12,"35":1,"36":11,"37":11,"38":10,"39":23,"40":6,"41":6,"42":7,"43":6,"44":6,"45":5,"46":23,"47":9,"48":9,"49":4,"50":4,"51":3,"52":23},"f":{"0":37,"1":17,"2":16,"3":23},"b":{"0":[5,32],"1":[37,5],"2":[31,17],"3":[8,9],"4":[6,7],"5":[9,7],"6":[9,2],"7":[5,2],"8":[23],"9":[13,10],"10":[4,9],"11":[3,1],"12":[3,1],"13":[2,12],"14":[1,11],"15":[10,1],"16":[6,17],"17":[2,4],"18":[2,1],"19":[6,1],"20":[5,1],"21":[9,14],"22":[9,7],"23":[4,5],"24":[3,1],"25":[17,6]},"meta":{"lastBranch":26,"lastFunction":4,"lastStatement":53,"seen":{"s:4:25:4:Infinity":0,"s:7:61:13:Infinity":1,"f:38:9:38:28":0,"s:39:26:39:Infinity":2,"s:40:26:40:Infinity":3,"b:42:1:42:Infinity:undefined:undefined:undefined:undefined":0,"s:42:1:42:Infinity":4,"b:42:5:42:61:42:61:42:100":1,"s:42:102:42:119":5,"s:44:25:44:Infinity":6,"s:46:1:51:Infinity":7,"b:47:2:50:Infinity:undefined:undefined:undefined:undefined":2,"s:47:2:50:Infinity":8,"s:48:16:48:Infinity":9,"s:49:3:49:Infinity":10,"s:53:1:53:Infinity":11,"f:61:9:61:34":1,"b:62:1:62:Infinity:undefined:undefined:undefined:undefined":3,"s:62:1:62:Infinity":12,"s:62:40:62:59":13,"s:64:1:67:Infinity":14,"s:65:16:65:Infinity":15,"b:66:2:66:Infinity:undefined:undefined:undefined:undefined":4,"s:66:2:66:Infinity":16,"s:66:35:66:48":17,"s:69:1:69:Infinity":18,"f:78:9:78:28":2,"b:79:1:79:Infinity:undefined:undefined:undefined:undefined":5,"s:79:1:79:Infinity":19,"s:79:24:79:54":20,"b:79:31:79:46:79:46:79:54":6,"s:81:23:81:Infinity":21,"s:82:21:82:Infinity":22,"s:83:1:83:Infinity":23,"b:83:29:83:45:83:45:83:Infinity":7,"f:94:9:94:26":3,"b:94:88:94:134":8,"s:95:48:95:Infinity":24,"b:97:1:112:Infinity:undefined:undefined:undefined:undefined":9,"s:97:1:112:Infinity":25,"b:98:2:111:Infinity:101:9:111:Infinity":10,"s:98:2:111:Infinity":26,"s:99:22:99:Infinity":27,"b:100:3:100:Infinity:undefined:undefined:undefined:undefined":11,"s:100:3:100:Infinity":28,"s:100:21:100:75":29,"b:100:33:100:53:100:53:100:60":12,"s:102:3:110:Infinity":30,"b:103:4:103:Infinity:undefined:undefined:undefined:undefined":13,"s:103:4:103:Infinity":31,"s:103:33:103:42":32,"s:105:23:105:Infinity":33,"b:106:4:106:Infinity:undefined:undefined:undefined:undefined":14,"s:106:4:106:Infinity":34,"s:106:36:106:45":35,"s:108:23:108:Infinity":36,"b:109:4:109:Infinity:undefined:undefined:undefined:undefined":15,"s:109:4:109:Infinity":37,"s:109:22:109:94":38,"b:114:1:123:Infinity:undefined:undefined:undefined:undefined":16,"s:114:1:123:Infinity":39,"s:115:21:115:Infinity":40,"b:115:59:115:110:115:110:115:Infinity":17,"b:115:62:115:82:115:82:115:87":18,"s:117:2:122:Infinity":41,"b:118:3:121:Infinity:undefined:undefined:undefined:undefined":19,"s:118:3:121:Infinity":42,"s:119:23:119:Infinity":43,"b:120:4:120:Infinity:undefined:undefined:undefined:undefined":20,"s:120:4:120:Infinity":44,"s:120:22:120:53":45,"b:125:1:131:Infinity:undefined:undefined:undefined:undefined":21,"s:125:1:131:Infinity":46,"s:126:21:126:Infinity":47,"b:126:21:126:43:126:43:126:Infinity":22,"b:127:2:130:Infinity:undefined:undefined:undefined:undefined":23,"s:127:2:130:Infinity":48,"s:128:22:128:Infinity":49,"b:129:3:129:Infinity:undefined:undefined:undefined:undefined":24,"s:129:3:129:Infinity":50,"s:129:21:129:55":51,"s:133:1:133:Infinity":52,"b:133:46:133:60:133:60:133:Infinity":25}}}
,"/home/d1g1tal/development/projects/tsbuild/src/errors.ts": {"path":"/home/d1g1tal/development/projects/tsbuild/src/errors.ts","statementMap":{"0":{"start":{"line":18,"column":2},"end":{"line":18,"column":null}},"1":{"start":{"line":17,"column":46},"end":{"line":17,"column":61}},"2":{"start":{"line":19,"column":2},"end":{"line":19,"column":null}},"3":{"start":{"line":20,"column":2},"end":{"line":20,"column":null}},"4":{"start":{"line":34,"column":2},"end":{"line":34,"column":null}},"5":{"start":{"line":33,"column":46},"end":{"line":33,"column":68}},"6":{"start":{"line":35,"column":2},"end":{"line":35,"column":null}},"7":{"start":{"line":48,"column":2},"end":{"line":48,"column":null}},"8":{"start":{"line":49,"column":2},"end":{"line":49,"column":null}},"9":{"start":{"line":62,"column":2},"end":{"line":62,"column":null}},"10":{"start":{"line":63,"column":2},"end":{"line":63,"column":null}},"11":{"start":{"line":75,"column":25},"end":{"line":75,"column":null}},"12":{"start":{"line":76,"column":19},"end":{"line":76,"column":null}},"13":{"start":{"line":77,"column":2},"end":{"line":77,"column":null}},"14":{"start":{"line":78,"column":2},"end":{"line":78,"column":null}},"15":{"start":{"line":87,"column":25},"end":{"line":91,"column":null}},"16":{"start":{"line":88,"column":1},"end":{"line":88,"column":null}},"17":{"start":{"line":88,"column":35},"end":{"line":88,"column":52}},"18":{"start":{"line":90,"column":1},"end":{"line":90,"column":null}}},"fnMap":{"0":{"name":"(anonymous_0)","decl":{"start":{"line":17,"column":1},"end":{"line":17,"column":13}},"loc":{"start":{"line":17,"column":64},"end":{"line":21,"column":null}},"line":17},"1":{"name":"(anonymous_1)","decl":{"start":{"line":33,"column":1},"end":{"line":33,"column":13}},"loc":{"start":{"line":33,"column":68},"end":{"line":36,"column":null}},"line":33},"2":{"name":"(anonymous_2)","decl":{"start":{"line":47,"column":1},"end":{"line":47,"column":13}},"loc":{"start":{"line":47,"column":30},"end":{"line":50,"column":null}},"line":47},"3":{"name":"(anonymous_3)","decl":{"start":{"line":61,"column":1},"end":{"line":61,"column":13}},"loc":{"start":{"line":61,"column":30},"end":{"line":64,"column":null}},"line":61},"4":{"name":"(anonymous_4)","decl":{"start":{"line":74,"column":1},"end":{"line":74,"column":13}},"loc":{"start":{"line":74,"column":71},"end":{"line":79,"column":null}},"line":74},"5":{"name":"(anonymous_5)","decl":{"start":{"line":87,"column":25},"end":{"line":87,"column":26}},"loc":{"start":{"line":87,"column":56},"end":{"line":91,"column":null}},"line":87}},"branchMap":{"0":{"loc":{"start":{"line":17,"column":46},"end":{"line":17,"column":64}},"type":"default-arg","locations":[{"start":{"line":17,"column":61},"end":{"line":17,"column":64}}],"line":17},"1":{"loc":{"start":{"line":74,"column":25},"end":{"line":74,"column":71}},"type":"default-arg","locations":[{"start":{"line":74,"column":43},"end":{"line":74,"column":71}}],"line":74},"2":{"loc":{"start":{"line":75,"column":25},"end":{"line":75,"column":null}},"type":"binary-expr","locations":[{"start":{"line":75,"column":25},"end":{"line":75,"column":50}},{"start":{"line":75,"column":50},"end":{"line":75,"column":null}}],"line":75},"3":{"loc":{"start":{"line":76,"column":19},"end":{"line":76,"column":null}},"type":"cond-expr","locations":[{"start":{"line":76,"column":34},"end":{"line":76,"column":65}},{"start":{"line":76,"column":65},"end":{"line":76,"column":null}}],"line":76},"4":{"loc":{"start":{"line":88,"column":1},"end":{"line":88,"column":null}},"type":"if","locations":[{"start":{"line":88,"column":1},"end":{"line":88,"column":null}},{"start":{},"end":{}}],"line":88},"5":{"loc":{"start":{"line":90,"column":18},"end":{"line":90,"column":77}},"type":"cond-expr","locations":[{"start":{"line":90,"column":50},"end":{"line":90,"column":62}},{"start":{"line":90,"column":62},"end":{"line":90,"column":77}}],"line":90}},"s":{"0":21,"1":21,"2":21,"3":21,"4":5,"5":5,"6":5,"7":14,"8":14,"9":1,"10":1,"11":11,"12":11,"13":11,"14":11,"15":37,"16":5,"17":2,"18":3},"f":{"0":21,"1":5,"2":14,"3":1,"4":11,"5":5},"b":{"0":[21],"1":[11],"2":[11,1],"3":[9,2],"4":[2,3],"5":[2,1]},"meta":{"lastBranch":6,"lastFunction":6,"lastStatement":19,"seen":{"f:17:1:17:13":0,"b:17:61:17:64":0,"s:18:2:18:Infinity":0,"s:17:46:17:61":1,"s:19:2:19:Infinity":2,"s:20:2:20:Infinity":3,"f:33:1:33:13":1,"s:34:2:34:Infinity":4,"s:33:46:33:68":5,"s:35:2:35:Infinity":6,"f:47:1:47:13":2,"s:48:2:48:Infinity":7,"s:49:2:49:Infinity":8,"f:61:1:61:13":3,"s:62:2:62:Infinity":9,"s:63:2:63:Infinity":10,"f:74:1:74:13":4,"b:74:43:74:71":1,"s:75:25:75:Infinity":11,"b:75:25:75:50:75:50:75:Infinity":2,"s:76:19:76:Infinity":12,"b:76:34:76:65:76:65:76:Infinity":3,"s:77:2:77:Infinity":13,"s:78:2:78:Infinity":14,"s:87:25:91:Infinity":15,"f:87:25:87:26":5,"b:88:1:88:Infinity:undefined:undefined:undefined:undefined":4,"s:88:1:88:Infinity":16,"s:88:35:88:52":17,"s:90:1:90:Infinity":18,"b:90:50:90:62:90:62:90:77":5}}}
,"/home/d1g1tal/development/projects/tsbuild/src/file-manager.ts": {"path":"/home/d1g1tal/development/projects/tsbuild/src/file-manager.ts","statementMap":{"0":{"start":{"line":42,"column":36},"end":{"line":42,"column":null}},"1":{"start":{"line":43,"column":37},"end":{"line":43,"column":null}},"2":{"start":{"line":179,"column":14},"end":{"line":191,"column":null}},"3":{"start":{"line":51,"column":2},"end":{"line":51,"column":null}},"4":{"start":{"line":68,"column":2},"end":{"line":68,"column":null}},"5":{"start":{"line":70,"column":2},"end":{"line":76,"column":null}},"6":{"start":{"line":72,"column":3},"end":{"line":72,"column":null}},"7":{"start":{"line":75,"column":3},"end":{"line":75,"column":null}},"8":{"start":{"line":93,"column":2},"end":{"line":93,"column":null}},"9":{"start":{"line":93,"column":44},"end":{"line":93,"column":89}},"10":{"start":{"line":97,"column":2},"end":{"line":97,"column":null}},"11":{"start":{"line":108,"column":2},"end":{"line":108,"column":null}},"12":{"start":{"line":119,"column":2},"end":{"line":119,"column":null}},"13":{"start":{"line":119,"column":42},"end":{"line":119,"column":52}},"14":{"start":{"line":121,"column":45},"end":{"line":121,"column":null}},"15":{"start":{"line":122,"column":2},"end":{"line":124,"column":null}},"16":{"start":{"line":123,"column":3},"end":{"line":123,"column":null}},"17":{"start":{"line":126,"column":2},"end":{"line":126,"column":null}},"18":{"start":{"line":139,"column":2},"end":{"line":141,"column":null}},"19":{"start":{"line":140,"column":3},"end":{"line":140,"column":null}},"20":{"start":{"line":144,"column":47},"end":{"line":144,"column":null}},"21":{"start":{"line":145,"column":2},"end":{"line":147,"column":null}},"22":{"start":{"line":146,"column":3},"end":{"line":146,"column":null}},"23":{"start":{"line":146,"column":40},"end":{"line":146,"column":60}},"24":{"start":{"line":149,"column":2},"end":{"line":149,"column":null}},"25":{"start":{"line":157,"column":2},"end":{"line":157,"column":null}},"26":{"start":{"line":168,"column":2},"end":{"line":168,"column":null}},"27":{"start":{"line":169,"column":2},"end":{"line":169,"column":null}},"28":{"start":{"line":180,"column":2},"end":{"line":187,"column":null}},"29":{"start":{"line":182,"column":3},"end":{"line":182,"column":null}},"30":{"start":{"line":186,"column":3},"end":{"line":186,"column":null}},"31":{"start":{"line":190,"column":2},"end":{"line":190,"column":null}},"32":{"start":{"line":190,"column":31},"end":{"line":190,"column":59}},"33":{"start":{"line":199,"column":2},"end":{"line":199,"column":null}}},"fnMap":{"0":{"name":"(anonymous_0)","decl":{"start":{"line":50,"column":1},"end":{"line":50,"column":13}},"loc":{"start":{"line":50,"column":38},"end":{"line":52,"column":null}},"line":50},"1":{"name":"(anonymous_1)","decl":{"start":{"line":66,"column":7},"end":{"line":66,"column":35}},"loc":{"start":{"line":66,"column":35},"end":{"line":77,"column":null}},"line":66},"2":{"name":"(anonymous_2)","decl":{"start":{"line":92,"column":7},"end":{"line":92,"column":36}},"loc":{"start":{"line":92,"column":36},"end":{"line":98,"column":null}},"line":92},"3":{"name":"(anonymous_3)","decl":{"start":{"line":107,"column":1},"end":{"line":107,"column":69}},"loc":{"start":{"line":107,"column":69},"end":{"line":109,"column":null}},"line":107},"4":{"name":"(anonymous_4)","decl":{"start":{"line":118,"column":7},"end":{"line":118,"column":18}},"loc":{"start":{"line":118,"column":74},"end":{"line":127,"column":null}},"line":118},"5":{"name":"(anonymous_5)","decl":{"start":{"line":137,"column":1},"end":{"line":137,"column":20}},"loc":{"start":{"line":137,"column":127},"end":{"line":150,"column":null}},"line":137},"6":{"name":"(anonymous_6)","decl":{"start":{"line":156,"column":1},"end":{"line":156,"column":15}},"loc":{"start":{"line":156,"column":15},"end":{"line":158,"column":null}},"line":156},"7":{"name":"(anonymous_7)","decl":{"start":{"line":167,"column":15},"end":{"line":167,"column":25}},"loc":{"start":{"line":167,"column":120},"end":{"line":170,"column":null}},"line":167},"8":{"name":"(anonymous_8)","decl":{"start":{"line":179,"column":14},"end":{"line":179,"column":15}},"loc":{"start":{"line":179,"column":56},"end":{"line":191,"column":null}},"line":179},"9":{"name":"(anonymous_9)","decl":{"start":{"line":198,"column":6},"end":{"line":198,"column":24}},"loc":{"start":{"line":198,"column":36},"end":{"line":200,"column":null}},"line":198}},"branchMap":{"0":{"loc":{"start":{"line":70,"column":2},"end":{"line":76,"column":null}},"type":"if","locations":[{"start":{"line":70,"column":2},"end":{"line":76,"column":null}},{"start":{"line":73,"column":9},"end":{"line":76,"column":null}}],"line":70},"1":{"loc":{"start":{"line":93,"column":2},"end":{"line":93,"column":null}},"type":"if","locations":[{"start":{"line":93,"column":2},"end":{"line":93,"column":null}},{"start":{},"end":{}}],"line":93},"2":{"loc":{"start":{"line":93,"column":6},"end":{"line":93,"column":42}},"type":"binary-expr","locations":[{"start":{"line":93,"column":6},"end":{"line":93,"column":20}},{"start":{"line":93,"column":20},"end":{"line":93,"column":42}}],"line":93},"3":{"loc":{"start":{"line":97,"column":9},"end":{"line":97,"column":null}},"type":"binary-expr","locations":[{"start":{"line":97,"column":9},"end":{"line":97,"column":37}},{"start":{"line":97,"column":37},"end":{"line":97,"column":null}}],"line":97},"4":{"loc":{"start":{"line":119,"column":2},"end":{"line":119,"column":null}},"type":"if","locations":[{"start":{"line":119,"column":2},"end":{"line":119,"column":null}},{"start":{},"end":{}}],"line":119},"5":{"loc":{"start":{"line":139,"column":2},"end":{"line":141,"column":null}},"type":"if","locations":[{"start":{"line":139,"column":2},"end":{"line":141,"column":null}},{"start":{},"end":{}}],"line":139},"6":{"loc":{"start":{"line":140,"column":10},"end":{"line":140,"column":null}},"type":"cond-expr","locations":[{"start":{"line":140,"column":52},"end":{"line":140,"column":117}},{"start":{"line":140,"column":117},"end":{"line":140,"column":null}}],"line":140},"7":{"loc":{"start":{"line":146,"column":3},"end":{"line":146,"column":null}},"type":"if","locations":[{"start":{"line":146,"column":3},"end":{"line":146,"column":null}},{"start":{},"end":{}}],"line":146},"8":{"loc":{"start":{"line":180,"column":2},"end":{"line":187,"column":null}},"type":"if","locations":[{"start":{"line":180,"column":2},"end":{"line":187,"column":null}},{"start":{"line":183,"column":9},"end":{"line":187,"column":null}}],"line":180},"9":{"loc":{"start":{"line":190,"column":2},"end":{"line":190,"column":null}},"type":"if","locations":[{"start":{"line":190,"column":2},"end":{"line":190,"column":null}},{"start":{},"end":{}}],"line":190}},"s":{"0":67,"1":67,"2":56,"3":67,"4":51,"5":51,"6":38,"7":13,"8":37,"9":27,"10":37,"11":28,"12":3,"13":1,"14":2,"15":2,"16":2,"17":2,"18":17,"19":11,"20":6,"21":6,"22":13,"23":5,"24":6,"25":4,"26":2,"27":2,"28":56,"29":16,"30":40,"31":56,"32":35,"33":2},"f":{"0":67,"1":51,"2":37,"3":28,"4":3,"5":17,"6":4,"7":2,"8":56,"9":2},"b":{"0":[38,13],"1":[27,10],"2":[37,31],"3":[37,31],"4":[1,2],"5":[11,6],"6":[8,3],"7":[5,8],"8":[16,40],"9":[35,21]},"meta":{"lastBranch":10,"lastFunction":10,"lastStatement":34,"seen":{"s:42:36:42:Infinity":0,"s:43:37:43:Infinity":1,"s:179:14:191:Infinity":2,"f:50:1:50:13":0,"s:51:2:51:Infinity":3,"f:66:7:66:35":1,"s:68:2:68:Infinity":4,"b:70:2:76:Infinity:73:9:76:Infinity":0,"s:70:2:76:Infinity":5,"s:72:3:72:Infinity":6,"s:75:3:75:Infinity":7,"f:92:7:92:36":2,"b:93:2:93:Infinity:undefined:undefined:undefined:undefined":1,"s:93:2:93:Infinity":8,"b:93:6:93:20:93:20:93:42":2,"s:93:44:93:89":9,"s:97:2:97:Infinity":10,"b:97:9:97:37:97:37:97:Infinity":3,"f:107:1:107:69":3,"s:108:2:108:Infinity":11,"f:118:7:118:18":4,"b:119:2:119:Infinity:undefined:undefined:undefined:undefined":4,"s:119:2:119:Infinity":12,"s:119:42:119:52":13,"s:121:45:121:Infinity":14,"s:122:2:124:Infinity":15,"s:123:3:123:Infinity":16,"s:126:2:126:Infinity":17,"f:137:1:137:20":5,"b:139:2:141:Infinity:undefined:undefined:undefined:undefined":5,"s:139:2:141:Infinity":18,"s:140:3:140:Infinity":19,"b:140:52:140:117:140:117:140:Infinity":6,"s:144:47:144:Infinity":20,"s:145:2:147:Infinity":21,"b:146:3:146:Infinity:undefined:undefined:undefined:undefined":7,"s:146:3:146:Infinity":22,"s:146:40:146:60":23,"s:149:2:149:Infinity":24,"f:156:1:156:15":6,"s:157:2:157:Infinity":25,"f:167:15:167:25":7,"s:168:2:168:Infinity":26,"s:169:2:169:Infinity":27,"f:179:14:179:15":8,"b:180:2:187:Infinity:183:9:187:Infinity":8,"s:180:2:187:Infinity":28,"s:182:3:182:Infinity":29,"s:186:3:186:Infinity":30,"b:190:2:190:Infinity:undefined:undefined:undefined:undefined":9,"s:190:2:190:Infinity":31,"s:190:31:190:59":32,"f:198:6:198:24":9,"s:199:2:199:Infinity":33}}}
,"/home/d1g1tal/development/projects/tsbuild/src/files.ts": {"path":"/home/d1g1tal/development/projects/tsbuild/src/files.ts","statementMap":{"0":{"start":{"line":26,"column":2},"end":{"line":34,"column":null}},"1":{"start":{"line":27,"column":3},"end":{"line":27,"column":null}},"2":{"start":{"line":28,"column":3},"end":{"line":28,"column":null}},"3":{"start":{"line":31,"column":3},"end":{"line":31,"column":null}},"4":{"start":{"line":31,"column":61},"end":{"line":31,"column":74}},"5":{"start":{"line":33,"column":3},"end":{"line":33,"column":null}},"6":{"start":{"line":43,"column":2},"end":{"line":45,"column":null}},"7":{"start":{"line":44,"column":3},"end":{"line":44,"column":null}},"8":{"start":{"line":44,"column":53},"end":{"line":44,"column":114}},"9":{"start":{"line":57,"column":2},"end":{"line":57,"column":null}},"10":{"start":{"line":58,"column":2},"end":{"line":58,"column":null}},"11":{"start":{"line":68,"column":2},"end":{"line":68,"column":null}},"12":{"start":{"line":77,"column":2},"end":{"line":77,"column":null}},"13":{"start":{"line":86,"column":2},"end":{"line":86,"column":null}},"14":{"start":{"line":96,"column":2},"end":{"line":96,"column":null}},"15":{"start":{"line":96,"column":31},"end":{"line":96,"column":126}},"16":{"start":{"line":96,"column":86},"end":{"line":96,"column":125}},"17":{"start":{"line":106,"column":2},"end":{"line":106,"column":null}},"18":{"start":{"line":106,"column":31},"end":{"line":106,"column":124}},"19":{"start":{"line":106,"column":84},"end":{"line":106,"column":123}},"20":{"start":{"line":116,"column":2},"end":{"line":116,"column":null}},"21":{"start":{"line":126,"column":25},"end":{"line":126,"column":null}},"22":{"start":{"line":127,"column":2},"end":{"line":127,"column":null}},"23":{"start":{"line":128,"column":2},"end":{"line":128,"column":null}}},"fnMap":{"0":{"name":"(anonymous_0)","decl":{"start":{"line":18,"column":9},"end":{"line":18,"column":23}},"loc":{"start":{"line":18,"column":23},"end":{"line":18,"column":null}},"line":18},"1":{"name":"(anonymous_1)","decl":{"start":{"line":25,"column":14},"end":{"line":25,"column":21}},"loc":{"start":{"line":25,"column":64},"end":{"line":35,"column":null}},"line":25},"2":{"name":"(anonymous_2)","decl":{"start":{"line":41,"column":14},"end":{"line":41,"column":20}},"loc":{"start":{"line":41,"column":61},"end":{"line":46,"column":null}},"line":41},"3":{"name":"(anonymous_3)","decl":{"start":{"line":44,"column":52},"end":{"line":44,"column":53}},"loc":{"start":{"line":44,"column":53},"end":{"line":44,"column":114}},"line":44},"4":{"name":"(anonymous_4)","decl":{"start":{"line":55,"column":14},"end":{"line":55,"column":20}},"loc":{"start":{"line":55,"column":137},"end":{"line":59,"column":null}},"line":55},"5":{"name":"(anonymous_5)","decl":{"start":{"line":67,"column":14},"end":{"line":67,"column":55}},"loc":{"start":{"line":67,"column":125},"end":{"line":69,"column":null}},"line":67},"6":{"name":"(anonymous_6)","decl":{"start":{"line":76,"column":14},"end":{"line":76,"column":28}},"loc":{"start":{"line":76,"column":68},"end":{"line":78,"column":null}},"line":76},"7":{"name":"(anonymous_7)","decl":{"start":{"line":85,"column":8},"end":{"line":85,"column":22}},"loc":{"start":{"line":85,"column":48},"end":{"line":87,"column":null}},"line":85},"8":{"name":"(anonymous_8)","decl":{"start":{"line":95,"column":8},"end":{"line":95,"column":25}},"loc":{"start":{"line":95,"column":58},"end":{"line":97,"column":null}},"line":95},"9":{"name":"(anonymous_9)","decl":{"start":{"line":96,"column":21},"end":{"line":96,"column":22}},"loc":{"start":{"line":96,"column":31},"end":{"line":96,"column":126}},"line":96},"10":{"name":"(anonymous_10)","decl":{"start":{"line":96,"column":67},"end":{"line":96,"column":68}},"loc":{"start":{"line":96,"column":86},"end":{"line":96,"column":125}},"line":96},"11":{"name":"(anonymous_11)","decl":{"start":{"line":105,"column":8},"end":{"line":105,"column":23}},"loc":{"start":{"line":105,"column":56},"end":{"line":107,"column":null}},"line":105},"12":{"name":"(anonymous_12)","decl":{"start":{"line":106,"column":21},"end":{"line":106,"column":22}},"loc":{"start":{"line":106,"column":31},"end":{"line":106,"column":124}},"line":106},"13":{"name":"(anonymous_13)","decl":{"start":{"line":106,"column":65},"end":{"line":106,"column":66}},"loc":{"start":{"line":106,"column":84},"end":{"line":106,"column":123}},"line":106},"14":{"name":"(anonymous_14)","decl":{"start":{"line":115,"column":14},"end":{"line":115,"column":42}},"loc":{"start":{"line":115,"column":66},"end":{"line":117,"column":null}},"line":115},"15":{"name":"(anonymous_15)","decl":{"start":{"line":125,"column":14},"end":{"line":125,"column":33}},"loc":{"start":{"line":125,"column":69},"end":{"line":129,"column":null}},"line":125}},"branchMap":{"0":{"loc":{"start":{"line":31,"column":3},"end":{"line":31,"column":null}},"type":"if","locations":[{"start":{"line":31,"column":3},"end":{"line":31,"column":null}},{"start":{},"end":{}}],"line":31},"1":{"loc":{"start":{"line":43,"column":2},"end":{"line":45,"column":null}},"type":"if","locations":[{"start":{"line":43,"column":2},"end":{"line":45,"column":null}},{"start":{},"end":{}}],"line":43},"2":{"loc":{"start":{"line":55,"column":65},"end":{"line":55,"column":137}},"type":"default-arg","locations":[{"start":{"line":55,"column":93},"end":{"line":55,"column":137}}],"line":55},"3":{"loc":{"start":{"line":67,"column":71},"end":{"line":67,"column":125}},"type":"default-arg","locations":[{"start":{"line":67,"column":98},"end":{"line":67,"column":125}}],"line":67},"4":{"loc":{"start":{"line":86,"column":10},"end":{"line":86,"column":null}},"type":"cond-expr","locations":[{"start":{"line":86,"column":63},"end":{"line":86,"column":70}},{"start":{"line":86,"column":70},"end":{"line":86,"column":null}}],"line":86},"5":{"loc":{"start":{"line":86,"column":10},"end":{"line":86,"column":63}},"type":"binary-expr","locations":[{"start":{"line":86,"column":10},"end":{"line":86,"column":34}},{"start":{"line":86,"column":34},"end":{"line":86,"column":63}}],"line":86},"6":{"loc":{"start":{"line":96,"column":86},"end":{"line":96,"column":125}},"type":"cond-expr","locations":[{"start":{"line":96,"column":94},"end":{"line":96,"column":110}},{"start":{"line":96,"column":110},"end":{"line":96,"column":125}}],"line":96},"7":{"loc":{"start":{"line":106,"column":84},"end":{"line":106,"column":123}},"type":"cond-expr","locations":[{"start":{"line":106,"column":92},"end":{"line":106,"column":108}},{"start":{"line":106,"column":108},"end":{"line":106,"column":123}}],"line":106}},"s":{"0":19,"1":19,"2":8,"3":11,"4":10,"5":1,"6":9,"7":2,"8":2,"9":42,"10":42,"11":1,"12":0,"13":104,"14":13,"15":13,"16":11,"17":35,"18":35,"19":35,"20":66,"21":35,"22":35,"23":35},"f":{"0":0,"1":23,"2":23,"3":2,"4":23,"5":23,"6":23,"7":23,"8":23,"9":13,"10":11,"11":23,"12":35,"13":35,"14":23,"15":23},"b":{"0":[10,1],"1":[2,7],"2":[42],"3":[1],"4":[103,1],"5":[104,1],"6":[0,11],"7":[0,35]},"meta":{"lastBranch":8,"lastFunction":16,"lastStatement":24,"seen":{"f:18:9:18:23":0,"f:25:14:25:21":1,"s:26:2:34:Infinity":0,"s:27:3:27:Infinity":1,"s:28:3:28:Infinity":2,"b:31:3:31:Infinity:undefined:undefined:undefined:undefined":0,"s:31:3:31:Infinity":3,"s:31:61:31:74":4,"s:33:3:33:Infinity":5,"f:41:14:41:20":2,"b:43:2:45:Infinity:undefined:undefined:undefined:undefined":1,"s:43:2:45:Infinity":6,"s:44:3:44:Infinity":7,"f:44:52:44:53":3,"s:44:53:44:114":8,"f:55:14:55:20":4,"b:55:93:55:137":2,"s:57:2:57:Infinity":9,"s:58:2:58:Infinity":10,"f:67:14:67:55":5,"b:67:98:67:125":3,"s:68:2:68:Infinity":11,"f:76:14:76:28":6,"s:77:2:77:Infinity":12,"f:85:8:85:22":7,"s:86:2:86:Infinity":13,"b:86:63:86:70:86:70:86:Infinity":4,"b:86:10:86:34:86:34:86:63":5,"f:95:8:95:25":8,"s:96:2:96:Infinity":14,"f:96:21:96:22":9,"s:96:31:96:126":15,"f:96:67:96:68":10,"s:96:86:96:125":16,"b:96:94:96:110:96:110:96:125":6,"f:105:8:105:23":11,"s:106:2:106:Infinity":17,"f:106:21:106:22":12,"s:106:31:106:124":18,"f:106:65:106:66":13,"s:106:84:106:123":19,"b:106:92:106:108:106:108:106:123":7,"f:115:14:115:42":14,"s:116:2:116:Infinity":20,"f:125:14:125:33":15,"s:126:25:126:Infinity":21,"s:127:2:127:Infinity":22,"s:128:2:128:Infinity":23}}}
,"/home/d1g1tal/development/projects/tsbuild/src/incremental-build-cache.ts": {"path":"/home/d1g1tal/development/projects/tsbuild/src/incremental-build-cache.ts","statementMap":{"0":{"start":{"line":20,"column":23},"end":{"line":20,"column":null}},"1":{"start":{"line":28,"column":2},"end":{"line":28,"column":null}},"2":{"start":{"line":29,"column":2},"end":{"line":29,"column":null}},"3":{"start":{"line":30,"column":2},"end":{"line":30,"column":null}},"4":{"start":{"line":32,"column":2},"end":{"line":32,"column":null}},"5":{"start":{"line":40,"column":2},"end":{"line":48,"column":null}},"6":{"start":{"line":41,"column":17},"end":{"line":41,"column":null}},"7":{"start":{"line":44,"column":3},"end":{"line":44,"column":null}},"8":{"start":{"line":47,"column":3},"end":{"line":47,"column":null}},"9":{"start":{"line":60,"column":2},"end":{"line":60,"column":null}},"10":{"start":{"line":60,"column":26},"end":{"line":60,"column":33}},"11":{"start":{"line":62,"column":16},"end":{"line":62,"column":null}},"12":{"start":{"line":64,"column":2},"end":{"line":64,"column":null}},"13":{"start":{"line":64,"column":29},"end":{"line":64,"column":36}},"14":{"start":{"line":66,"column":2},"end":{"line":68,"column":null}},"15":{"start":{"line":67,"column":3},"end":{"line":67,"column":null}},"16":{"start":{"line":77,"column":2},"end":{"line":77,"column":null}},"17":{"start":{"line":82,"column":2},"end":{"line":82,"column":null}},"18":{"start":{"line":83,"column":2},"end":{"line":83,"column":null}},"19":{"start":{"line":83,"column":8},"end":{"line":83,"column":61}},"20":{"start":{"line":92,"column":2},"end":{"line":92,"column":null}},"21":{"start":{"line":100,"column":2},"end":{"line":100,"column":null}}},"fnMap":{"0":{"name":"(anonymous_0)","decl":{"start":{"line":27,"column":1},"end":{"line":27,"column":13}},"loc":{"start":{"line":27,"column":65},"end":{"line":33,"column":null}},"line":27},"1":{"name":"(anonymous_1)","decl":{"start":{"line":39,"column":15},"end":{"line":39,"column":64}},"loc":{"start":{"line":39,"column":64},"end":{"line":49,"column":null}},"line":39},"2":{"name":"(anonymous_2)","decl":{"start":{"line":58,"column":7},"end":{"line":58,"column":15}},"loc":{"start":{"line":58,"column":70},"end":{"line":69,"column":null}},"line":58},"3":{"name":"(anonymous_3)","decl":{"start":{"line":76,"column":7},"end":{"line":76,"column":12}},"loc":{"start":{"line":76,"column":75},"end":{"line":78,"column":null}},"line":76},"4":{"name":"(anonymous_4)","decl":{"start":{"line":81,"column":1},"end":{"line":81,"column":20}},"loc":{"start":{"line":81,"column":20},"end":{"line":84,"column":null}},"line":81},"5":{"name":"(anonymous_5)","decl":{"start":{"line":91,"column":1},"end":{"line":91,"column":17}},"loc":{"start":{"line":91,"column":50},"end":{"line":93,"column":null}},"line":91},"6":{"name":"(anonymous_6)","decl":{"start":{"line":99,"column":6},"end":{"line":99,"column":24}},"loc":{"start":{"line":99,"column":36},"end":{"line":101,"column":null}},"line":99}},"branchMap":{"0":{"loc":{"start":{"line":44,"column":10},"end":{"line":44,"column":null}},"type":"cond-expr","locations":[{"start":{"line":44,"column":38},"end":{"line":44,"column":46}},{"start":{"line":44,"column":46},"end":{"line":44,"column":null}}],"line":44},"1":{"loc":{"start":{"line":60,"column":2},"end":{"line":60,"column":null}},"type":"if","locations":[{"start":{"line":60,"column":2},"end":{"line":60,"column":null}},{"start":{},"end":{}}],"line":60},"2":{"loc":{"start":{"line":64,"column":2},"end":{"line":64,"column":null}},"type":"if","locations":[{"start":{"line":64,"column":2},"end":{"line":64,"column":null}},{"start":{},"end":{}}],"line":64}},"s":{"0":66,"1":66,"2":66,"3":66,"4":66,"5":66,"6":66,"7":11,"8":53,"9":49,"10":1,"11":48,"12":48,"13":38,"14":10,"15":13,"16":35,"17":1,"18":1,"19":1,"20":46,"21":1},"f":{"0":66,"1":66,"2":49,"3":35,"4":1,"5":46,"6":1},"b":{"0":[11,0],"1":[1,48],"2":[38,10]},"meta":{"lastBranch":3,"lastFunction":7,"lastStatement":22,"seen":{"s:20:23:20:Infinity":0,"f:27:1:27:13":0,"s:28:2:28:Infinity":1,"s:29:2:29:Infinity":2,"s:30:2:30:Infinity":3,"s:32:2:32:Infinity":4,"f:39:15:39:64":1,"s:40:2:48:Infinity":5,"s:41:17:41:Infinity":6,"s:44:3:44:Infinity":7,"b:44:38:44:46:44:46:44:Infinity":0,"s:47:3:47:Infinity":8,"f:58:7:58:15":2,"b:60:2:60:Infinity:undefined:undefined:undefined:undefined":1,"s:60:2:60:Infinity":9,"s:60:26:60:33":10,"s:62:16:62:Infinity":11,"b:64:2:64:Infinity:undefined:undefined:undefined:undefined":2,"s:64:2:64:Infinity":12,"s:64:29:64:36":13,"s:66:2:68:Infinity":14,"s:67:3:67:Infinity":15,"f:76:7:76:12":3,"s:77:2:77:Infinity":16,"f:81:1:81:20":4,"s:82:2:82:Infinity":17,"s:83:2:83:Infinity":18,"s:83:8:83:61":19,"f:91:1:91:17":5,"s:92:2:92:Infinity":20,"f:99:6:99:24":6,"s:100:2:100:Infinity":21}}}
,"/home/d1g1tal/development/projects/tsbuild/src/json.ts": {"path":"/home/d1g1tal/development/projects/tsbuild/src/json.ts","statementMap":{"0":{"start":{"line":13,"column":2},"end":{"line":13,"column":null}},"1":{"start":{"line":22,"column":2},"end":{"line":22,"column":null}}},"fnMap":{"0":{"name":"(anonymous_0)","decl":{"start":{"line":12,"column":8},"end":{"line":12,"column":17}},"loc":{"start":{"line":12,"column":47},"end":{"line":14,"column":null}},"line":12},"1":{"name":"(anonymous_1)","decl":{"start":{"line":21,"column":8},"end":{"line":21,"column":21}},"loc":{"start":{"line":21,"column":45},"end":{"line":23,"column":null}},"line":21}},"branchMap":{},"s":{"0":1,"1":2},"f":{"0":20,"1":20},"b":{},"meta":{"lastBranch":0,"lastFunction":2,"lastStatement":2,"seen":{"f:12:8:12:17":0,"s:13:2:13:Infinity":0,"f:21:8:21:21":1,"s:22:2:22:Infinity":1}}}
,"/home/d1g1tal/development/projects/tsbuild/src/logger.ts": {"path":"/home/d1g1tal/development/projects/tsbuild/src/logger.ts","statementMap":{"0":{"start":{"line":11,"column":30},"end":{"line":17,"column":null}},"1":{"start":{"line":12,"column":1},"end":{"line":12,"column":null}},"2":{"start":{"line":12,"column":29},"end":{"line":12,"column":42}},"3":{"start":{"line":14,"column":1},"end":{"line":16,"column":null}},"4":{"start":{"line":15,"column":2},"end":{"line":15,"column":null}},"5":{"start":{"line":27,"column":24},"end":{"line":36,"column":null}},"6":{"start":{"line":28,"column":1},"end":{"line":28,"column":null}},"7":{"start":{"line":28,"column":65},"end":{"line":28,"column":77}},"8":{"start":{"line":30,"column":1},"end":{"line":35,"column":null}},"9":{"start":{"line":31,"column":15},"end":{"line":31,"column":null}},"10":{"start":{"line":32,"column":16},"end":{"line":32,"column":null}},"11":{"start":{"line":33,"column":15},"end":{"line":33,"column":null}},"12":{"start":{"line":34,"column":11},"end":{"line":34,"column":null}},"13":{"start":{"line":44,"column":27},"end":{"line":50,"column":null}},"14":{"start":{"line":45,"column":1},"end":{"line":45,"column":null}},"15":{"start":{"line":45,"column":20},"end":{"line":45,"column":53}},"16":{"start":{"line":47,"column":13},"end":{"line":47,"column":null}},"17":{"start":{"line":49,"column":1},"end":{"line":49,"column":null}},"18":{"start":{"line":56,"column":29},"end":{"line":62,"column":null}},"19":{"start":{"line":66,"column":2},"end":{"line":66,"column":null}},"20":{"start":{"line":74,"column":21},"end":{"line":74,"column":null}},"21":{"start":{"line":75,"column":2},"end":{"line":75,"column":null}},"22":{"start":{"line":83,"column":2},"end":{"line":83,"column":null}},"23":{"start":{"line":92,"column":17},"end":{"line":92,"column":null}},"24":{"start":{"line":93,"column":2},"end":{"line":93,"column":null}},"25":{"start":{"line":103,"column":2},"end":{"line":103,"column":null}},"26":{"start":{"line":113,"column":2},"end":{"line":113,"column":null}},"27":{"start":{"line":123,"column":2},"end":{"line":123,"column":null}},"28":{"start":{"line":133,"column":2},"end":{"line":133,"column":null}},"29":{"start":{"line":143,"column":2},"end":{"line":155,"column":null}},"30":{"start":{"line":144,"column":3},"end":{"line":152,"column":null}},"31":{"start":{"line":146,"column":4},"end":{"line":148,"column":null}},"32":{"start":{"line":147,"column":5},"end":{"line":147,"column":null}},"33":{"start":{"line":149,"column":4},"end":{"line":149,"column":null}},"34":{"start":{"line":151,"column":4},"end":{"line":151,"column":null}},"35":{"start":{"line":154,"column":3},"end":{"line":154,"column":null}},"36":{"start":{"line":164,"column":24},"end":{"line":164,"column":null}},"37":{"start":{"line":164,"column":64},"end":{"line":164,"column":92}},"38":{"start":{"line":165,"column":20},"end":{"line":165,"column":null}},"39":{"start":{"line":165,"column":51},"end":{"line":165,"column":82}},"40":{"start":{"line":166,"column":25},"end":{"line":166,"column":null}},"41":{"start":{"line":166,"column":70},"end":{"line":166,"column":99}},"42":{"start":{"line":167,"column":24},"end":{"line":167,"column":null}},"43":{"start":{"line":167,"column":68},"end":{"line":167,"column":96}},"44":{"start":{"line":169,"column":2},"end":{"line":177,"column":null}},"45":{"start":{"line":169,"column":15},"end":{"line":169,"column":18}},"46":{"start":{"line":169,"column":27},"end":{"line":169,"column":45}},"47":{"start":{"line":170,"column":33},"end":{"line":170,"column":null}},"48":{"start":{"line":171,"column":22},"end":{"line":171,"column":null}},"49":{"start":{"line":172,"column":23},"end":{"line":172,"column":null}},"50":{"start":{"line":173,"column":22},"end":{"line":173,"column":null}},"51":{"start":{"line":175,"column":18},"end":{"line":175,"column":null}},"52":{"start":{"line":176,"column":3},"end":{"line":176,"column":null}}},"fnMap":{"0":{"name":"(anonymous_0)","decl":{"start":{"line":11,"column":30},"end":{"line":11,"column":31}},"loc":{"start":{"line":11,"column":74},"end":{"line":17,"column":null}},"line":11},"1":{"name":"(anonymous_1)","decl":{"start":{"line":14,"column":19},"end":{"line":14,"column":20}},"loc":{"start":{"line":14,"column":45},"end":{"line":16,"column":2}},"line":14},"2":{"name":"(anonymous_2)","decl":{"start":{"line":27,"column":24},"end":{"line":27,"column":25}},"loc":{"start":{"line":27,"column":93},"end":{"line":36,"column":null}},"line":27},"3":{"name":"(anonymous_3)","decl":{"start":{"line":44,"column":27},"end":{"line":44,"column":28}},"loc":{"start":{"line":44,"column":79},"end":{"line":50,"column":null}},"line":44},"4":{"name":"(anonymous_4)","decl":{"start":{"line":54,"column":9},"end":{"line":54,"column":23}},"loc":{"start":{"line":54,"column":23},"end":{"line":54,"column":null}},"line":54},"5":{"name":"(anonymous_5)","decl":{"start":{"line":65,"column":8},"end":{"line":65,"column":22}},"loc":{"start":{"line":65,"column":22},"end":{"line":67,"column":null}},"line":65},"6":{"name":"(anonymous_6)","decl":{"start":{"line":73,"column":8},"end":{"line":73,"column":15}},"loc":{"start":{"line":73,"column":38},"end":{"line":76,"column":null}},"line":73},"7":{"name":"(anonymous_7)","decl":{"start":{"line":82,"column":8},"end":{"line":82,"column":18}},"loc":{"start":{"line":82,"column":44},"end":{"line":84,"column":null}},"line":82},"8":{"name":"(anonymous_8)","decl":{"start":{"line":91,"column":8},"end":{"line":91,"column":13}},"loc":{"start":{"line":91,"column":61},"end":{"line":94,"column":null}},"line":91},"9":{"name":"(anonymous_9)","decl":{"start":{"line":102,"column":8},"end":{"line":102,"column":46}},"loc":{"start":{"line":102,"column":84},"end":{"line":104,"column":null}},"line":102},"10":{"name":"(anonymous_10)","decl":{"start":{"line":112,"column":8},"end":{"line":112,"column":43}},"loc":{"start":{"line":112,"column":81},"end":{"line":114,"column":null}},"line":112},"11":{"name":"(anonymous_11)","decl":{"start":{"line":122,"column":8},"end":{"line":122,"column":44}},"loc":{"start":{"line":122,"column":82},"end":{"line":124,"column":null}},"line":122},"12":{"name":"(anonymous_12)","decl":{"start":{"line":132,"column":8},"end":{"line":132,"column":43}},"loc":{"start":{"line":132,"column":81},"end":{"line":134,"column":null}},"line":132},"13":{"name":"(anonymous_13)","decl":{"start":{"line":142,"column":8},"end":{"line":142,"column":12}},"loc":{"start":{"line":142,"column":75},"end":{"line":156,"column":null}},"line":142},"14":{"name":"(anonymous_14)","decl":{"start":{"line":163,"column":16},"end":{"line":163,"column":22}},"loc":{"start":{"line":163,"column":50},"end":{"line":178,"column":null}},"line":163},"15":{"name":"(anonymous_15)","decl":{"start":{"line":164,"column":37},"end":{"line":164,"column":38}},"loc":{"start":{"line":164,"column":64},"end":{"line":164,"column":92}},"line":164},"16":{"name":"(anonymous_16)","decl":{"start":{"line":165,"column":30},"end":{"line":165,"column":31}},"loc":{"start":{"line":165,"column":51},"end":{"line":165,"column":82}},"line":165},"17":{"name":"(anonymous_17)","decl":{"start":{"line":166,"column":42},"end":{"line":166,"column":43}},"loc":{"start":{"line":166,"column":70},"end":{"line":166,"column":99}},"line":166},"18":{"name":"(anonymous_18)","decl":{"start":{"line":167,"column":41},"end":{"line":167,"column":42}},"loc":{"start":{"line":167,"column":68},"end":{"line":167,"column":96}},"line":167}},"branchMap":{"0":{"loc":{"start":{"line":12,"column":1},"end":{"line":12,"column":null}},"type":"if","locations":[{"start":{"line":12,"column":1},"end":{"line":12,"column":null}},{"start":{},"end":{}}],"line":12},"1":{"loc":{"start":{"line":15,"column":9},"end":{"line":15,"column":null}},"type":"binary-expr","locations":[{"start":{"line":15,"column":9},"end":{"line":15,"column":33}},{"start":{"line":15,"column":33},"end":{"line":15,"column":68}},{"start":{"line":15,"column":68},"end":{"line":15,"column":93}},{"start":{"line":15,"column":93},"end":{"line":15,"column":null}}],"line":15},"2":{"loc":{"start":{"line":27,"column":59},"end":{"line":27,"column":93}},"type":"default-arg","locations":[{"start":{"line":27,"column":75},"end":{"line":27,"column":93}}],"line":27},"3":{"loc":{"start":{"line":28,"column":1},"end":{"line":28,"column":null}},"type":"if","locations":[{"start":{"line":28,"column":1},"end":{"line":28,"column":null}},{"start":{},"end":{}}],"line":28},"4":{"loc":{"start":{"line":28,"column":5},"end":{"line":28,"column":63}},"type":"binary-expr","locations":[{"start":{"line":28,"column":5},"end":{"line":28,"column":23}},{"start":{"line":28,"column":23},"end":{"line":28,"column":42}},{"start":{"line":28,"column":42},"end":{"line":28,"column":63}}],"line":28},"5":{"loc":{"start":{"line":30,"column":1},"end":{"line":35,"column":null}},"type":"switch","locations":[{"start":{"line":31,"column":2},"end":{"line":31,"column":null}},{"start":{"line":32,"column":2},"end":{"line":32,"column":null}},{"start":{"line":33,"column":2},"end":{"line":33,"column":null}},{"start":{"line":34,"column":2},"end":{"line":34,"column":null}}],"line":30},"6":{"loc":{"start":{"line":45,"column":1},"end":{"line":45,"column":null}},"type":"if","locations":[{"start":{"line":45,"column":1},"end":{"line":45,"column":null}},{"start":{},"end":{}}],"line":45},"7":{"loc":{"start":{"line":82,"column":18},"end":{"line":82,"column":44}},"type":"default-arg","locations":[{"start":{"line":82,"column":34},"end":{"line":82,"column":44}}],"line":82},"8":{"loc":{"start":{"line":91,"column":30},"end":{"line":91,"column":61}},"type":"default-arg","locations":[{"start":{"line":91,"column":48},"end":{"line":91,"column":61}}],"line":91},"9":{"loc":{"start":{"line":92,"column":17},"end":{"line":92,"column":null}},"type":"cond-expr","locations":[{"start":{"line":92,"column":26},"end":{"line":92,"column":35}},{"start":{"line":92,"column":35},"end":{"line":92,"column":null}}],"line":92},"10":{"loc":{"start":{"line":143,"column":2},"end":{"line":155,"column":null}},"type":"if","locations":[{"start":{"line":143,"column":2},"end":{"line":155,"column":null}},{"start":{"line":153,"column":9},"end":{"line":155,"column":null}}],"line":143},"11":{"loc":{"start":{"line":144,"column":3},"end":{"line":152,"column":null}},"type":"if","locations":[{"start":{"line":144,"column":3},"end":{"line":152,"column":null}},{"start":{"line":150,"column":10},"end":{"line":152,"column":null}}],"line":144},"12":{"loc":{"start":{"line":146,"column":4},"end":{"line":148,"column":null}},"type":"if","locations":[{"start":{"line":146,"column":4},"end":{"line":148,"column":null}},{"start":{},"end":{}}],"line":146},"13":{"loc":{"start":{"line":175,"column":18},"end":{"line":175,"column":null}},"type":"cond-expr","locations":[{"start":{"line":175,"column":37},"end":{"line":175,"column":46}},{"start":{"line":175,"column":46},"end":{"line":175,"column":null}}],"line":175}},"s":{"0":24,"1":22,"2":1,"3":21,"4":24,"5":24,"6":31,"7":14,"8":17,"9":2,"10":5,"11":6,"12":4,"13":24,"14":22,"15":1,"16":21,"17":21,"18":24,"19":1,"20":0,"21":0,"22":0,"23":2,"24":2,"25":2,"26":2,"27":2,"28":3,"29":20,"30":13,"31":7,"32":7,"33":7,"34":6,"35":7,"36":7,"37":9,"38":7,"39":9,"40":7,"41":9,"42":7,"43":9,"44":7,"45":7,"46":7,"47":9,"48":9,"49":9,"50":9,"51":9,"52":9},"f":{"0":22,"1":24,"2":31,"3":22,"4":0,"5":24,"6":24,"7":24,"8":24,"9":24,"10":24,"11":24,"12":24,"13":24,"14":24,"15":9,"16":9,"17":9,"18":9},"b":{"0":[1,21],"1":[24,23,19,15],"2":[31],"3":[14,17],"4":[31,25,18],"5":[17,5,6,4],"6":[1,21],"7":[0],"8":[2],"9":[1,1],"10":[13,7],"11":[7,6],"12":[7,0],"13":[7,2]},"meta":{"lastBranch":14,"lastFunction":19,"lastStatement":53,"seen":{"s:11:30:17:Infinity":0,"f:11:30:11:31":0,"b:12:1:12:Infinity:undefined:undefined:undefined:undefined":0,"s:12:1:12:Infinity":1,"s:12:29:12:42":2,"s:14:1:16:Infinity":3,"f:14:19:14:20":1,"s:15:2:15:Infinity":4,"b:15:9:15:33:15:33:15:68:15:68:15:93:15:93:15:Infinity":1,"s:27:24:36:Infinity":5,"f:27:24:27:25":2,"b:27:75:27:93":2,"b:28:1:28:Infinity:undefined:undefined:undefined:undefined":3,"s:28:1:28:Infinity":6,"b:28:5:28:23:28:23:28:42:28:42:28:63":4,"s:28:65:28:77":7,"b:31:2:31:Infinity:32:2:32:Infinity:33:2:33:Infinity:34:2:34:Infinity":5,"s:30:1:35:Infinity":8,"s:31:15:31:Infinity":9,"s:32:16:32:Infinity":10,"s:33:15:33:Infinity":11,"s:34:11:34:Infinity":12,"s:44:27:50:Infinity":13,"f:44:27:44:28":3,"b:45:1:45:Infinity:undefined:undefined:undefined:undefined":6,"s:45:1:45:Infinity":14,"s:45:20:45:53":15,"s:47:13:47:Infinity":16,"s:49:1:49:Infinity":17,"s:56:29:62:Infinity":18,"f:54:9:54:23":4,"f:65:8:65:22":5,"s:66:2:66:Infinity":19,"f:73:8:73:15":6,"s:74:21:74:Infinity":20,"s:75:2:75:Infinity":21,"f:82:8:82:18":7,"b:82:34:82:44":7,"s:83:2:83:Infinity":22,"f:91:8:91:13":8,"b:91:48:91:61":8,"s:92:17:92:Infinity":23,"b:92:26:92:35:92:35:92:Infinity":9,"s:93:2:93:Infinity":24,"f:102:8:102:46":9,"s:103:2:103:Infinity":25,"f:112:8:112:43":10,"s:113:2:113:Infinity":26,"f:122:8:122:44":11,"s:123:2:123:Infinity":27,"f:132:8:132:43":12,"s:133:2:133:Infinity":28,"f:142:8:142:12":13,"b:143:2:155:Infinity:153:9:155:Infinity":10,"s:143:2:155:Infinity":29,"b:144:3:152:Infinity:150:10:152:Infinity":11,"s:144:3:152:Infinity":30,"b:146:4:148:Infinity:undefined:undefined:undefined:undefined":12,"s:146:4:148:Infinity":31,"s:147:5:147:Infinity":32,"s:149:4:149:Infinity":33,"s:151:4:151:Infinity":34,"s:154:3:154:Infinity":35,"f:163:16:163:22":14,"s:164:24:164:Infinity":36,"f:164:37:164:38":15,"s:164:64:164:92":37,"s:165:20:165:Infinity":38,"f:165:30:165:31":16,"s:165:51:165:82":39,"s:166:25:166:Infinity":40,"f:166:42:166:43":17,"s:166:70:166:99":41,"s:167:24:167:Infinity":42,"f:167:41:167:42":18,"s:167:68:167:96":43,"s:169:2:177:Infinity":44,"s:169:15:169:18":45,"s:169:27:169:45":46,"s:170:33:170:Infinity":47,"s:171:22:171:Infinity":48,"s:172:23:172:Infinity":49,"s:173:22:173:Infinity":50,"s:175:18:175:Infinity":51,"b:175:37:175:46:175:46:175:Infinity":13,"s:176:3:176:Infinity":52}}}
,"/home/d1g1tal/development/projects/tsbuild/src/paths.ts": {"path":"/home/d1g1tal/development/projects/tsbuild/src/paths.ts","statementMap":{"0":{"start":{"line":17,"column":2},"end":{"line":17,"column":null}},"1":{"start":{"line":27,"column":2},"end":{"line":27,"column":null}},"2":{"start":{"line":36,"column":2},"end":{"line":36,"column":null}},"3":{"start":{"line":45,"column":2},"end":{"line":45,"column":null}},"4":{"start":{"line":54,"column":2},"end":{"line":54,"column":null}},"5":{"start":{"line":64,"column":2},"end":{"line":64,"column":null}},"6":{"start":{"line":64,"column":27},"end":{"line":64,"column":40}},"7":{"start":{"line":66,"column":25},"end":{"line":66,"column":null}},"8":{"start":{"line":69,"column":2},"end":{"line":69,"column":null}},"9":{"start":{"line":69,"column":31},"end":{"line":69,"column":43}},"10":{"start":{"line":72,"column":2},"end":{"line":83,"column":null}},"11":{"start":{"line":74,"column":3},"end":{"line":74,"column":null}},"12":{"start":{"line":74,"column":28},"end":{"line":74,"column":40}},"13":{"start":{"line":76,"column":14},"end":{"line":76,"column":null}},"14":{"start":{"line":78,"column":3},"end":{"line":78,"column":null}},"15":{"start":{"line":78,"column":20},"end":{"line":78,"column":32}},"16":{"start":{"line":80,"column":3},"end":{"line":80,"column":null}},"17":{"start":{"line":80,"column":20},"end":{"line":80,"column":74}},"18":{"start":{"line":82,"column":3},"end":{"line":82,"column":null}},"19":{"start":{"line":86,"column":2},"end":{"line":90,"column":null}},"20":{"start":{"line":87,"column":14},"end":{"line":87,"column":null}},"21":{"start":{"line":89,"column":3},"end":{"line":89,"column":null}},"22":{"start":{"line":92,"column":2},"end":{"line":92,"column":null}},"23":{"start":{"line":104,"column":2},"end":{"line":104,"column":null}}},"fnMap":{"0":{"name":"(anonymous_0)","decl":{"start":{"line":9,"column":9},"end":{"line":9,"column":23}},"loc":{"start":{"line":9,"column":23},"end":{"line":9,"column":null}},"line":9},"1":{"name":"(anonymous_1)","decl":{"start":{"line":16,"column":8},"end":{"line":16,"column":20}},"loc":{"start":{"line":16,"column":60},"end":{"line":18,"column":null}},"line":16},"2":{"name":"(anonymous_2)","decl":{"start":{"line":26,"column":8},"end":{"line":26,"column":17}},"loc":{"start":{"line":26,"column":57},"end":{"line":28,"column":null}},"line":26},"3":{"name":"(anonymous_3)","decl":{"start":{"line":35,"column":8},"end":{"line":35,"column":14}},"loc":{"start":{"line":35,"column":40},"end":{"line":37,"column":null}},"line":35},"4":{"name":"(anonymous_4)","decl":{"start":{"line":44,"column":14},"end":{"line":44,"column":42}},"loc":{"start":{"line":44,"column":78},"end":{"line":46,"column":null}},"line":44},"5":{"name":"(anonymous_5)","decl":{"start":{"line":53,"column":14},"end":{"line":53,"column":37}},"loc":{"start":{"line":53,"column":73},"end":{"line":55,"column":null}},"line":53},"6":{"name":"(anonymous_6)","decl":{"start":{"line":63,"column":8},"end":{"line":63,"column":31}},"loc":{"start":{"line":63,"column":60},"end":{"line":93,"column":null}},"line":63},"7":{"name":"(anonymous_7)","decl":{"start":{"line":103,"column":8},"end":{"line":103,"column":38}},"loc":{"start":{"line":103,"column":96},"end":{"line":105,"column":null}},"line":103}},"branchMap":{"0":{"loc":{"start":{"line":64,"column":2},"end":{"line":64,"column":null}},"type":"if","locations":[{"start":{"line":64,"column":2},"end":{"line":64,"column":null}},{"start":{},"end":{}}],"line":64},"1":{"loc":{"start":{"line":69,"column":2},"end":{"line":69,"column":null}},"type":"if","locations":[{"start":{"line":69,"column":2},"end":{"line":69,"column":null}},{"start":{},"end":{}}],"line":69},"2":{"loc":{"start":{"line":72,"column":2},"end":{"line":83,"column":null}},"type":"if","locations":[{"start":{"line":72,"column":2},"end":{"line":83,"column":null}},{"start":{},"end":{}}],"line":72},"3":{"loc":{"start":{"line":74,"column":3},"end":{"line":74,"column":null}},"type":"if","locations":[{"start":{"line":74,"column":3},"end":{"line":74,"column":null}},{"start":{},"end":{}}],"line":74},"4":{"loc":{"start":{"line":78,"column":3},"end":{"line":78,"column":null}},"type":"if","locations":[{"start":{"line":78,"column":3},"end":{"line":78,"column":null}},{"start":{},"end":{}}],"line":78},"5":{"loc":{"start":{"line":80,"column":3},"end":{"line":80,"column":null}},"type":"if","locations":[{"start":{"line":80,"column":3},"end":{"line":80,"column":null}},{"start":{},"end":{}}],"line":80},"6":{"loc":{"start":{"line":80,"column":27},"end":{"line":80,"column":74}},"type":"binary-expr","locations":[{"start":{"line":80,"column":27},"end":{"line":80,"column":48}},{"start":{"line":80,"column":48},"end":{"line":80,"column":74}}],"line":80},"7":{"loc":{"start":{"line":86,"column":2},"end":{"line":90,"column":null}},"type":"if","locations":[{"start":{"line":86,"column":2},"end":{"line":90,"column":null}},{"start":{},"end":{}}],"line":86},"8":{"loc":{"start":{"line":86,"column":6},"end":{"line":86,"column":101}},"type":"binary-expr","locations":[{"start":{"line":86,"column":6},"end":{"line":86,"column":30}},{"start":{"line":86,"column":30},"end":{"line":86,"column":54}},{"start":{"line":86,"column":54},"end":{"line":86,"column":74}},{"start":{"line":86,"column":74},"end":{"line":86,"column":101}}],"line":86},"9":{"loc":{"start":{"line":89,"column":10},"end":{"line":89,"column":null}},"type":"binary-expr","locations":[{"start":{"line":89,"column":10},"end":{"line":89,"column":23}},{"start":{"line":89,"column":23},"end":{"line":89,"column":null}}],"line":89}},"s":{"0":80,"1":43,"2":0,"3":41,"4":0,"5":29,"6":1,"7":28,"8":28,"9":4,"10":24,"11":10,"12":1,"13":9,"14":9,"15":3,"16":6,"17":5,"18":1,"19":14,"20":6,"21":6,"22":8,"23":274},"f":{"0":0,"1":27,"2":27,"3":27,"4":27,"5":27,"6":27,"7":27},"b":{"0":[1,28],"1":[4,24],"2":[10,14],"3":[1,9],"4":[3,6],"5":[5,1],"6":[5,4],"7":[6,8],"8":[14,12,6,6],"9":[6,4]},"meta":{"lastBranch":10,"lastFunction":8,"lastStatement":24,"seen":{"f:9:9:9:23":0,"f:16:8:16:20":1,"s:17:2:17:Infinity":0,"f:26:8:26:17":2,"s:27:2:27:Infinity":1,"f:35:8:35:14":3,"s:36:2:36:Infinity":2,"f:44:14:44:42":4,"s:45:2:45:Infinity":3,"f:53:14:53:37":5,"s:54:2:54:Infinity":4,"f:63:8:63:31":6,"b:64:2:64:Infinity:undefined:undefined:undefined:undefined":0,"s:64:2:64:Infinity":5,"s:64:27:64:40":6,"s:66:25:66:Infinity":7,"b:69:2:69:Infinity:undefined:undefined:undefined:undefined":1,"s:69:2:69:Infinity":8,"s:69:31:69:43":9,"b:72:2:83:Infinity:undefined:undefined:undefined:undefined":2,"s:72:2:83:Infinity":10,"b:74:3:74:Infinity:undefined:undefined:undefined:undefined":3,"s:74:3:74:Infinity":11,"s:74:28:74:40":12,"s:76:14:76:Infinity":13,"b:78:3:78:Infinity:undefined:undefined:undefined:undefined":4,"s:78:3:78:Infinity":14,"s:78:20:78:32":15,"b:80:3:80:Infinity:undefined:undefined:undefined:undefined":5,"s:80:3:80:Infinity":16,"s:80:20:80:74":17,"b:80:27:80:48:80:48:80:74":6,"s:82:3:82:Infinity":18,"b:86:2:90:Infinity:undefined:undefined:undefined:undefined":7,"s:86:2:90:Infinity":19,"b:86:6:86:30:86:30:86:54:86:54:86:74:86:74:86:101":8,"s:87:14:87:Infinity":20,"s:89:3:89:Infinity":21,"b:89:10:89:23:89:23:89:Infinity":9,"s:92:2:92:Infinity":22,"f:103:8:103:38":7,"s:104:2:104:Infinity":23}}}
,"/home/d1g1tal/development/projects/tsbuild/src/process-manager.ts": {"path":"/home/d1g1tal/development/projects/tsbuild/src/process-manager.ts","statementMap":{"0":{"start":{"line":4,"column":21},"end":{"line":8,"column":null}},"1":{"start":{"line":12,"column":26},"end":{"line":12,"column":null}},"2":{"start":{"line":13,"column":49},"end":{"line":13,"column":null}},"3":{"start":{"line":38,"column":22},"end":{"line":42,"column":null}},"4":{"start":{"line":45,"column":23},"end":{"line":57,"column":null}},"5":{"start":{"line":63,"column":35},"end":{"line":66,"column":null}},"6":{"start":{"line":16,"column":2},"end":{"line":16,"column":null}},"7":{"start":{"line":17,"column":2},"end":{"line":17,"column":null}},"8":{"start":{"line":18,"column":2},"end":{"line":18,"column":null}},"9":{"start":{"line":26,"column":2},"end":{"line":26,"column":null}},"10":{"start":{"line":31,"column":2},"end":{"line":31,"column":null}},"11":{"start":{"line":32,"column":2},"end":{"line":32,"column":null}},"12":{"start":{"line":33,"column":2},"end":{"line":33,"column":null}},"13":{"start":{"line":34,"column":2},"end":{"line":34,"column":null}},"14":{"start":{"line":39,"column":2},"end":{"line":39,"column":null}},"15":{"start":{"line":39,"column":29},"end":{"line":39,"column":36}},"16":{"start":{"line":40,"column":2},"end":{"line":40,"column":null}},"17":{"start":{"line":40,"column":51},"end":{"line":40,"column":69}},"18":{"start":{"line":41,"column":2},"end":{"line":41,"column":null}},"19":{"start":{"line":46,"column":2},"end":{"line":46,"column":null}},"20":{"start":{"line":47,"column":2},"end":{"line":47,"column":null}},"21":{"start":{"line":50,"column":2},"end":{"line":50,"column":null}},"22":{"start":{"line":50,"column":51},"end":{"line":50,"column":69}},"23":{"start":{"line":52,"column":2},"end":{"line":52,"column":null}},"24":{"start":{"line":56,"column":2},"end":{"line":56,"column":null}},"25":{"start":{"line":64,"column":2},"end":{"line":64,"column":null}},"26":{"start":{"line":65,"column":2},"end":{"line":65,"column":null}},"27":{"start":{"line":69,"column":39},"end":{"line":69,"column":null}}},"fnMap":{"0":{"name":"(anonymous_0)","decl":{"start":{"line":15,"column":1},"end":{"line":15,"column":15}},"loc":{"start":{"line":15,"column":15},"end":{"line":19,"column":null}},"line":15},"1":{"name":"(anonymous_1)","decl":{"start":{"line":25,"column":1},"end":{"line":25,"column":14}},"loc":{"start":{"line":25,"column":41},"end":{"line":27,"column":null}},"line":25},"2":{"name":"(anonymous_2)","decl":{"start":{"line":30,"column":1},"end":{"line":30,"column":15}},"loc":{"start":{"line":30,"column":15},"end":{"line":35,"column":null}},"line":30},"3":{"name":"(anonymous_3)","decl":{"start":{"line":38,"column":22},"end":{"line":38,"column":34}},"loc":{"start":{"line":38,"column":34},"end":{"line":42,"column":null}},"line":38},"4":{"name":"(anonymous_4)","decl":{"start":{"line":45,"column":23},"end":{"line":45,"column":35}},"loc":{"start":{"line":45,"column":35},"end":{"line":57,"column":null}},"line":45},"5":{"name":"(anonymous_5)","decl":{"start":{"line":63,"column":35},"end":{"line":63,"column":36}},"loc":{"start":{"line":63,"column":55},"end":{"line":66,"column":null}},"line":63}},"branchMap":{"0":{"loc":{"start":{"line":39,"column":2},"end":{"line":39,"column":null}},"type":"if","locations":[{"start":{"line":39,"column":2},"end":{"line":39,"column":null}},{"start":{},"end":{}}],"line":39}},"s":{"0":69,"1":69,"2":69,"3":8,"4":7,"5":4,"6":69,"7":69,"8":69,"9":96,"10":81,"11":81,"12":81,"13":81,"14":8,"15":0,"16":8,"17":11,"18":8,"19":7,"20":7,"21":7,"22":5,"23":7,"24":7,"25":4,"26":4,"27":69},"f":{"0":69,"1":96,"2":81,"3":8,"4":7,"5":4},"b":{"0":[0,8]},"meta":{"lastBranch":1,"lastFunction":6,"lastStatement":28,"seen":{"s:4:21:8:Infinity":0,"s:12:26:12:Infinity":1,"s:13:49:13:Infinity":2,"s:38:22:42:Infinity":3,"s:45:23:57:Infinity":4,"s:63:35:66:Infinity":5,"f:15:1:15:15":0,"s:16:2:16:Infinity":6,"s:17:2:17:Infinity":7,"s:18:2:18:Infinity":8,"f:25:1:25:14":1,"s:26:2:26:Infinity":9,"f:30:1:30:15":2,"s:31:2:31:Infinity":10,"s:32:2:32:Infinity":11,"s:33:2:33:Infinity":12,"s:34:2:34:Infinity":13,"f:38:22:38:34":3,"b:39:2:39:Infinity:undefined:undefined:undefined:undefined":0,"s:39:2:39:Infinity":14,"s:39:29:39:36":15,"s:40:2:40:Infinity":16,"s:40:51:40:69":17,"s:41:2:41:Infinity":18,"f:45:23:45:35":4,"s:46:2:46:Infinity":19,"s:47:2:47:Infinity":20,"s:50:2:50:Infinity":21,"s:50:51:50:69":22,"s:52:2:52:Infinity":23,"s:56:2:56:Infinity":24,"f:63:35:63:36":5,"s:64:2:64:Infinity":25,"s:65:2:65:Infinity":26,"s:69:39:69:Infinity":27}}}
,"/home/d1g1tal/development/projects/tsbuild/src/text-formatter.ts": {"path":"/home/d1g1tal/development/projects/tsbuild/src/text-formatter.ts","statementMap":{"0":{"start":{"line":4,"column":36},"end":{"line":4,"column":null}},"1":{"start":{"line":5,"column":23},"end":{"line":5,"column":null}},"2":{"start":{"line":6,"column":6},"end":{"line":6,"column":null}},"3":{"start":{"line":7,"column":25},"end":{"line":7,"column":null}},"4":{"start":{"line":20,"column":21},"end":{"line":23,"column":null}},"5":{"start":{"line":22,"column":1},"end":{"line":22,"column":null}},"6":{"start":{"line":34,"column":19},"end":{"line":36,"column":null}},"7":{"start":{"line":35,"column":1},"end":{"line":35,"column":null}},"8":{"start":{"line":47,"column":20},"end":{"line":49,"column":null}},"9":{"start":{"line":48,"column":1},"end":{"line":48,"column":null}},"10":{"start":{"line":48,"column":34},"end":{"line":48,"column":null}},"11":{"start":{"line":58,"column":30},"end":{"line":58,"column":null}},"12":{"start":{"line":58,"column":97},"end":{"line":58,"column":null}},"13":{"start":{"line":66,"column":57},"end":{"line":66,"column":null}},"14":{"start":{"line":67,"column":41},"end":{"line":67,"column":null}},"15":{"start":{"line":68,"column":40},"end":{"line":68,"column":null}},"16":{"start":{"line":69,"column":39},"end":{"line":69,"column":null}},"17":{"start":{"line":70,"column":42},"end":{"line":70,"column":null}},"18":{"start":{"line":71,"column":45},"end":{"line":71,"column":null}},"19":{"start":{"line":72,"column":43},"end":{"line":72,"column":null}},"20":{"start":{"line":73,"column":42},"end":{"line":73,"column":null}},"21":{"start":{"line":74,"column":49},"end":{"line":74,"column":null}},"22":{"start":{"line":75,"column":41},"end":{"line":75,"column":null}},"23":{"start":{"line":76,"column":39},"end":{"line":76,"column":null}},"24":{"start":{"line":77,"column":41},"end":{"line":77,"column":null}},"25":{"start":{"line":78,"column":42},"end":{"line":78,"column":null}},"26":{"start":{"line":79,"column":40},"end":{"line":79,"column":null}},"27":{"start":{"line":80,"column":43},"end":{"line":80,"column":null}},"28":{"start":{"line":81,"column":40},"end":{"line":81,"column":null}},"29":{"start":{"line":82,"column":41},"end":{"line":82,"column":null}},"30":{"start":{"line":83,"column":40},"end":{"line":83,"column":null}},"31":{"start":{"line":84,"column":43},"end":{"line":84,"column":null}},"32":{"start":{"line":85,"column":41},"end":{"line":85,"column":null}},"33":{"start":{"line":86,"column":43},"end":{"line":86,"column":null}},"34":{"start":{"line":87,"column":44},"end":{"line":87,"column":null}},"35":{"start":{"line":88,"column":42},"end":{"line":88,"column":null}},"36":{"start":{"line":89,"column":45},"end":{"line":89,"column":null}},"37":{"start":{"line":90,"column":42},"end":{"line":90,"column":null}},"38":{"start":{"line":91,"column":43},"end":{"line":91,"column":null}},"39":{"start":{"line":92,"column":47},"end":{"line":92,"column":null}},"40":{"start":{"line":93,"column":45},"end":{"line":93,"column":null}},"41":{"start":{"line":94,"column":47},"end":{"line":94,"column":null}},"42":{"start":{"line":95,"column":48},"end":{"line":95,"column":null}},"43":{"start":{"line":96,"column":46},"end":{"line":96,"column":null}},"44":{"start":{"line":97,"column":49},"end":{"line":97,"column":null}},"45":{"start":{"line":98,"column":46},"end":{"line":98,"column":null}},"46":{"start":{"line":99,"column":47},"end":{"line":99,"column":null}},"47":{"start":{"line":100,"column":49},"end":{"line":100,"column":null}},"48":{"start":{"line":101,"column":47},"end":{"line":101,"column":null}},"49":{"start":{"line":102,"column":49},"end":{"line":102,"column":null}},"50":{"start":{"line":103,"column":50},"end":{"line":103,"column":null}},"51":{"start":{"line":104,"column":48},"end":{"line":104,"column":null}},"52":{"start":{"line":105,"column":51},"end":{"line":105,"column":null}},"53":{"start":{"line":106,"column":48},"end":{"line":106,"column":null}},"54":{"start":{"line":107,"column":49},"end":{"line":107,"column":null}}},"fnMap":{"0":{"name":"(anonymous_0)","decl":{"start":{"line":20,"column":21},"end":{"line":20,"column":22}},"loc":{"start":{"line":20,"column":216},"end":{"line":23,"column":null}},"line":20},"1":{"name":"(anonymous_1)","decl":{"start":{"line":34,"column":19},"end":{"line":34,"column":20}},"loc":{"start":{"line":34,"column":108},"end":{"line":36,"column":null}},"line":34},"2":{"name":"(anonymous_2)","decl":{"start":{"line":47,"column":20},"end":{"line":47,"column":21}},"loc":{"start":{"line":47,"column":123},"end":{"line":49,"column":null}},"line":47},"3":{"name":"(anonymous_3)","decl":{"start":{"line":48,"column":8},"end":{"line":48,"column":9}},"loc":{"start":{"line":48,"column":34},"end":{"line":48,"column":null}},"line":48},"4":{"name":"(anonymous_4)","decl":{"start":{"line":58,"column":30},"end":{"line":58,"column":31}},"loc":{"start":{"line":58,"column":97},"end":{"line":58,"column":null}},"line":58}},"branchMap":{"0":{"loc":{"start":{"line":4,"column":8},"end":{"line":4,"column":18}},"type":"default-arg","locations":[{"start":{"line":4,"column":14},"end":{"line":4,"column":18}}],"line":4},"1":{"loc":{"start":{"line":4,"column":18},"end":{"line":4,"column":32}},"type":"default-arg","locations":[{"start":{"line":4,"column":29},"end":{"line":4,"column":32}}],"line":4},"2":{"loc":{"start":{"line":6,"column":6},"end":{"line":6,"column":null}},"type":"binary-expr","locations":[{"start":{"line":6,"column":6},"end":{"line":6,"column":42}},{"start":{"line":6,"column":42},"end":{"line":6,"column":54}},{"start":{"line":6,"column":54},"end":{"line":6,"column":null}}],"line":6},"3":{"loc":{"start":{"line":7,"column":25},"end":{"line":7,"column":null}},"type":"binary-expr","locations":[{"start":{"line":7,"column":25},"end":{"line":7,"column":50}},{"start":{"line":7,"column":50},"end":{"line":7,"column":75}},{"start":{"line":7,"column":75},"end":{"line":7,"column":99}},{"start":{"line":7,"column":99},"end":{"line":7,"column":119}},{"start":{"line":7,"column":119},"end":{"line":7,"column":null}}],"line":7},"4":{"loc":{"start":{"line":20,"column":85},"end":{"line":20,"column":130}},"type":"default-arg","locations":[{"start":{"line":20,"column":92},"end":{"line":20,"column":130}}],"line":20},"5":{"loc":{"start":{"line":20,"column":130},"end":{"line":20,"column":177}},"type":"default-arg","locations":[{"start":{"line":20,"column":137},"end":{"line":20,"column":177}}],"line":20},"6":{"loc":{"start":{"line":20,"column":177},"end":{"line":20,"column":216}},"type":"default-arg","locations":[{"start":{"line":20,"column":184},"end":{"line":20,"column":216}}],"line":20},"7":{"loc":{"start":{"line":22,"column":16},"end":{"line":22,"column":null}},"type":"cond-expr","locations":[{"start":{"line":22,"column":27},"end":{"line":22,"column":34}},{"start":{"line":22,"column":34},"end":{"line":22,"column":null}}],"line":22},"8":{"loc":{"start":{"line":35,"column":8},"end":{"line":35,"column":null}},"type":"cond-expr","locations":[{"start":{"line":35,"column":20},"end":{"line":35,"column":49}},{"start":{"line":35,"column":49},"end":{"line":35,"column":null}}],"line":35},"9":{"loc":{"start":{"line":47,"column":50},"end":{"line":47,"column":74}},"type":"default-arg","locations":[{"start":{"line":47,"column":68},"end":{"line":47,"column":74}}],"line":47},"10":{"loc":{"start":{"line":47,"column":74},"end":{"line":47,"column":123}},"type":"default-arg","locations":[{"start":{"line":47,"column":87},"end":{"line":47,"column":123}}],"line":47},"11":{"loc":{"start":{"line":48,"column":34},"end":{"line":48,"column":null}},"type":"cond-expr","locations":[{"start":{"line":48,"column":48},"end":{"line":48,"column":114}},{"start":{"line":48,"column":114},"end":{"line":48,"column":null}}],"line":48}},"s":{"0":71,"1":71,"2":71,"3":71,"4":71,"5":4,"6":71,"7":844,"8":71,"9":2911,"10":847,"11":71,"12":2911,"13":71,"14":71,"15":71,"16":71,"17":71,"18":71,"19":71,"20":71,"21":71,"22":71,"23":71,"24":71,"25":71,"26":71,"27":71,"28":71,"29":71,"30":71,"31":71,"32":71,"33":71,"34":71,"35":71,"36":71,"37":71,"38":71,"39":71,"40":71,"41":71,"42":71,"43":71,"44":71,"45":71,"46":71,"47":71,"48":71,"49":71,"50":71,"51":71,"52":71,"53":71,"54":71},"f":{"0":4,"1":844,"2":2911,"3":847,"4":2911},"b":{"0":[71],"1":[71],"2":[71,3,3],"3":[71,70,69,2,68],"4":[4],"5":[4],"6":[4],"7":[4,0],"8":[840,4],"9":[2911],"10":[2911],"11":[844,3]},"meta":{"lastBranch":12,"lastFunction":5,"lastStatement":55,"seen":{"s:4:36:4:Infinity":0,"b:4:14:4:18":0,"b:4:29:4:32":1,"s:5:23:5:Infi
[...]
"197":726,"198":5,"199":7,"200":3,"201":3,"202":2,"203":726,"204":41,"205":41},"f":{"0":0,"1":30,"2":174,"3":88,"4":86,"5":218,"6":83,"7":881,"8":5,"9":1,"10":1,"11":4,"12":88,"13":88,"14":3,"15":93,"16":82,"17":49,"18":92,"19":6,"20":76,"21":30,"22":730},"b":{"0":[35,53],"1":[42,44],"2":[3,0],"3":[1,880],"4":[0,1],"5":[1,1],"6":[5,4],"7":[0,1],"8":[1,0],"9":[6,2],"10":[8,6,2,0,2,0,2,2],"11":[88,0],"12":[0,0],"13":[0,88],"14":[88,1],"15":[88,41],"16":[129,124],"17":[41,0],"18":[88,87,73,70,67],"19":[26,62],"20":[88,67],"21":[0,3],"22":[3,3],"23":[1,3],"24":[4,1,1],"25":[1,0],"26":[94,93],"27":[187,94,94,93],"28":[30,114],"29":[4,26],"30":[4,0],"31":[14,100],"32":[3,11],"33":[14,14,14,3],"34":[2,9],"35":[2,0,0],"36":[2,0],"37":[42,58],"38":[100,99,96,84,70,61],"39":[39,3],"40":[2,37],"41":[35,2],"42":[39,0],"43":[3,39],"44":[46,12],"45":[49,0],"46":[0,49],"47":[46,3],"48":[44,2],"49":[44,0],"50":[3,0],"51":[1,45],"52":[44,1],"53":[46,0],"54":[3,49],"55":[3,46],"56":[2,1],"57":[3,141],"58":[144,141,17],"59":[3,0],"60":[6,4],"61":[2,1],"62":[3,3],"63":[1,1],"64":[5,104],"65":[70,39],"66":[4,726],"67":[14,712],"68":[726,715,55,14],"69":[6,8],"70":[14,8],"71":[0,6],"72":[5,721],"73":[726,5,5],"74":[3,4],"75":[7,3,3],"76":[2,1],"77":[3,3,3,3]},"meta":{"lastBranch":78,"lastFunction":23,"lastStatement":206,"seen":{"s:497:34:497:Infinity":0,"f:53:9:53:23":0,"f:71:8:71:19":1,"s:72:15:72:Infinity":1,"s:74:24:74:Infinity":2,"s:76:24:76:Infinity":3,"s:78:22:78:Infinity":4,"s:80:24:80:Infinity":5,"s:82:21:82:Infinity":6,"f:90:11:90:21":2,"s:91:3:91:Infinity":7,"f:99:11:99:20":3,"s:100:17:100:Infinity":8,"s:101:3:101:Infinity":9,"b:101:44:101:48:101:48:101:Infinity":0,"f:109:11:109:18":4,"s:110:15:110:Infinity":10,"s:111:3:111:Infinity":11,"b:111:40:111:44:111:44:111:Infinity":1,"f:119:11:119:36":5,"s:120:31:120:Infinity":12,"s:121:22:121:Infinity":13,"s:123:3:130:Infinity":14,"s:124:4:124:Infinity":15,"s:126:14:126:Infinity":16,"b:127:4:127:Infinity:undefined:undefined:undefined:undefined":2,"s:127:4:127:Infinity":17,"s:127:48:127:57":18,"s:129:4:129:Infinity":19,"s:132:3:132:Infinity":20,"f:140:11:140:27":6,"s:141:3:141:Infinity":21,"f:148:11:148:29":7,"s:149:3:149:Infinity":22,"b:151:3:160:Infinity:undefined:undefined:undefined:undefined":3,"s:151:3:160:Infinity":23,"b:152:4:154:Infinity:undefined:undefined:undefined:undefined":4,"s:152:4:154:Infinity":24,"b:152:8:152:45:152:45:152:86":5,"s:153:5:153:Infinity":25,"s:156:21:156:Infinity":26,"s:157:18:157:Infinity":27,"f:157:32:157:33":8,"s:157:46:157:111":28,"b:157:46:157:78:157:78:157:111":6,"s:159:4:159:Infinity":29,"f:159:33:159:34":9,"s:159:47:159:80":30,"b:159:117:159:133:159:133:159:151":7,"f:168:11:168:33":10,"s:169:20:169:Infinity":31,"b:171:3:186:Infinity:undefined:undefined:undefined:undefined":8,"s:171:3:186:Infinity":32,"s:173:20:173:Infinity":33,"s:174:4:183:Infinity":34,"s:174:17:174:20":35,"s:175:18:175:Infinity":36,"s:176:18:176:Infinity":37,"b:178:5:182:Infinity:180:12:182:Infinity":9,"s:178:5:182:Infinity":38,"b:178:10:178:24:178:24:178:41:178:41:178:55:178:55:178:71:178:71:178:85:178:85:178:100:178:100:178:115:178:115:178:128":10,"s:179:6:179:Infinity":39,"s:181:6:181:Infinity":40,"s:184:4:184:Infinity":41,"s:185:4:185:Infinity":42,"s:188:3:188:Infinity":43,"f:196:11:196:30":11,"s:197:3:197:Infinity":44,"s:197:37:197:55":45,"s:199:3:199:Infinity":46,"s:201:3:201:Infinity":47,"f:209:11:209:25":12,"s:210:17:210:Infinity":48,"b:212:3:221:Infinity:214:10:221:Infinity":11,"s:212:3:221:Infinity":49,"s:213:4:213:Infinity":50,"s:215:17:215:Infinity":51,"b:216:4:220:Infinity:218:11:220:Infinity":12,"s:216:4:220:Infinity":52,"s:217:5:217:Infinity":53,"s:219:5:219:Infinity":54,"f:228:11:228:24":13,"b:230:3:230:Infinity:undefined:undefined:undefined:undefined":13,"s:230:3:230:Infinity":55,"s:230:34:230:41":56,"s:232:20:232:Infinity":57,"s:234:3:240:Infinity":58,"b:234:26:234:44:234:44:234:48":14,"b:235:4:239:Infinity:237:4:239:Infinity":15,"s:235:4:239:Infinity":59,"b:235:8:235:55:235:55:235:99":16,"s:236:5:236:Infinity":60,"b:237:4:239:Infinity:undefined:undefined:undefined:undefined":17,"s:237:4:239:Infinity":61,"s:238:5:238:Infinity":62,"s:242:9:242:Infinity":63,"b:242:9:242:51:242:46:242:79:242:74:242:110:242:105:242:139:242:134:242:Infinity":18,"b:244:3:246:Infinity:undefined:undefined:undefined:undefined":19,"s:244:3:246:Infinity":64,"b:244:7:244:23:244:23:244:36":20,"s:245:4:245:Infinity":65,"f:253:11:253:28":14,"b:254:3:254:Infinity:undefined:undefined:undefined:undefined":21,"s:254:3:254:Infinity":66,"b:254:7:254:23:254:23:254:52":22,"s:254:54:254:61":67,"s:256:3:264:Infinity":68,"b:257:4:263:Infinity:undefined:undefined:undefined:undefined":23,"s:257:4:263:Infinity":69,"b:257:4:257:37:257:37:257:58:257:58:257:97":24,"s:258:5:262:Infinity":70,"b:259:6:261:Infinity:undefined:undefined:undefined:undefined":25,"s:259:6:261:Infinity":71,"s:260:7:260:Infinity":72,"f:273:11:273:39":15,"s:274:16:274:Infinity":73,"s:275:3:282:Infinity":74,"s:276:17:276:Infinity":75,"b:277:4:281:Infinity:279:11:281:Infinity":26,"s:277:4:281:Infinity":76,"b:277:8:277:24:277:24:277:41:277:41:277:61:277:61:277:76":27,"s:278:5:278:Infinity":77,"s:280:5:280:Infinity":78,"s:283:3:283:Infinity":79,"s:287:2:431:Infinity":80,"b:288:3:430:Infinity:324:3:430:Infinity":28,"s:288:3:430:Infinity":81,"b:290:4:323:Infinity:304:11:323:Infinity":29,"s:290:4:323:Infinity":82,"s:292:30:292:Infinity":83,"s:294:23:294:Infinity":84,"b:296:5:303:Infinity:undefined:undefined:undefined:undefined":30,"s:296:5:303:Infinity":85,"s:297:31:297:Infinity":86,"s:298:29:298:Infinity":87,"s:302:6:302:Infinity":88,"s:308:5:308:Infinity":89,"s:310:65:310:Infinity":90,"s:312:5:317:Infinity":91,"s:313:31:313:Infinity":92,"s:314:29:314:Infinity":93,"s:316:6:316:Infinity":94,"s:320:5:322:Infinity":95,"s:320:18:320:43":96,"s:321:6:321:Infinity":97,"b:324:3:430:Infinity:347:3:430:Infinity":31,"s:324:3:430:Infinity":98,"b:328:4:346:Infinity:331:4:346:Infinity":32,"s:328:4:346:Infinity":99,"b:328:8:328:29:328:13:328:66:328:66:328:109:328:109:328:132":33,"s:330:5:330:Infinity":100,"b:331:4:346:Infinity:undefined:undefined:undefined:undefined":34,"s:331:4:346:Infinity":101,"s:335:30:335:Infinity":102,"s:336:28:336:Infinity":103,"b:336:28:336:61:336:61:336:97:336:97:336:Infinity":35,"s:337:23:337:Infinity":104,"b:339:5:345:Infinity:undefined:undefined:undefined:undefined":36,"s:339:5:345:Infinity":105,"s:340:31:340:Infinity":106,"s:341:29:341:Infinity":107,"s:343:24:343:Infinity":108,"s:344:6:344:Infinity":109,"b:347:3:430:Infinity:369:3:430:Infinity":37,"s:347:3:430:Infinity":110,"b:347:3:347:41:347:36:347:72:347:67:347:104:347:99:347:132:347:127:347:164:347:159:347:191":38,"b:349:4:363:Infinity:undefined:undefined:undefined:undefined":39,"s:349:4:363:Infinity":111,"s:350:18:350:Infinity":112,"s:351:5:351:Infinity":113,"b:354:5:358:Infinity:356:5:358:Infinity":40,"s:354:5:358:Infinity":114,"s:355:6:355:Infinity":115,"b:356:5:358:Infinity:undefined:undefined:undefined:undefined":41,"s:356:5:358:Infinity":116,"s:357:6:357:Infinity":117,"b:360:5:362:Infinity:undefined:undefined:undefined:undefined":42,"s:360:5:362:Infinity":118,"s:361:6:361:Infinity":119,"b:366:4:366:Infinity:undefined:undefined:undefined:undefined":43,"s:366:4:366:Infinity":120,"s:366:37:366:60":121,"s:368:4:368:Infinity":122,"b:369:3:430:Infinity:undefined:undefined:undefined:undefined":44,"s:369:3:430:Infinity":123,"s:371:4:385:Infinity":124,"b:372:5:384:Infinity:undefined:undefined:undefined:undefined":45,"s:372:5:384:Infinity":125,"s:373:23:373:Infinity":126,"s:374:6:374:Infinity":127,"b:378:6:383:Infinity:381:6:383:Infinity":46,"s:378:6:383:Infinity":128,"f:378:31:378:32":16,"s:378:45:378:88":129,"s:380:7:380:Infinity":130,"b:381:6:383:Infinity:undefined:undefined:undefined:undefined":47,"s:381:6:383:Infinity":131,"f:381:38:381:39":17,"s:381:52:381:94":132,"s:382:7:382:Infinity":133,"s:387:4:387:Infinity":134,"s:389:29:389:Infinity":135,"b:392:4:407:Infinity:397:11:407:Infinity":48,"s:392:4:407:Infinity":136,"s:393:24:393:Infinity":137,"b:394:5:396:Infinity:undefined:undefined:undefined:undefined":49,"s:394:5:396:Infinity":138,"s:395:6:395:Infinity":139,"s:399:19:399:Infinity":140,"s:400:19:400:Infinity":141,"s:401:5:401:Infinity":142,"s:402:5:406:Infinity":143,"b:403:6:405:Infinity:undefined:undefined:undefined:undefined":50,"s:403:6:405:Infinity":144,"s:404:7:404:Infinity":145,"s:410:22:410:Infinity":146,"s:411:19:411:Infinity":147,"b:411:54:411:62:411:62:411:103":51,"b:411:88:411:98:411:98:411:103":52,"s:413:19:413:Infinity":148,"s:414:4:429:Infinity":149,"b:414:34:414:133:414:133:414:137":53,"f:414:74:414:75":18,"s:414:81:414:113":150,"b:415:5:428:Infinity:417:5:428:Infinity":54,"s:415:5:428:Infinity":151,"s:416:6:416:Infinity":152,"b:417:5:428:Infinity:undefined:undefined:undefined:undefined":55,"s:417:5:428:Infinity":153,"s:418:6:418:Infinity":154,"s:419:20:419:Infinity":155,"s:420:20:420:Infinity":156,"s:421:25:421:Infinity":157,"b:423:6:427:Infinity:425:13:427:Infinity":56,"s:423:6:427:Infinity":158,"s:424:7:424:Infinity":159,"s:426:7:426:Infinity":160,"s:442:2:461:Infinity":161,"s:444:3:444:Infinity":162,"b:447:3:460:Infinity:undefined:undefined:undefined:undefined":57,"s:447:3:460:Infinity":163,"b:447:3:447:39:447:34:447:68:447:68:447:80":58,"b:448:4:448:Infinity:undefined:undefined:undefined:undefined":59,"s:448:4:448:Infinity":164,"s:448:32:448:85":165,"s:450:21:450:Infinity":166,"s:451:18:451:Infinity":167,"f:451:37:451:38":19,"s:451:47:451:128":168,"b:451:47:451:88:451:88:451:128":60,"s:452:18:452:Infinity":169,"s:453:22:453:Infinity":170,"b:455:4:459:Infinity:457:11:459:Infinity":61,"s:455:4:459:Infinity":171,"b:455:8:455:57:455:57:455:103":62,"s:456:5:456:Infinity":172,"b:456:105:456:111:456:111:456:113":63,"s:458:5:458:Infinity":173,"s:464:2:469:Infinity":174,"s:467:21:467:Infinity":175,"s:468:3:468:Infinity":176,"s:468:55:468:94":177,"b:472:2:472:Infinity:undefined:undefined:undefined:undefined":64,"s:472:2:472:Infinity":178,"s:472:30:472:98":179,"b:474:2:476:Infinity:undefined:undefined:undefined:undefined":65,"s:474:2:476:Infinity":180,"s:475:3:475:Infinity":181,"s:478:2:480:Infinity":182,"s:479:3:479:Infinity":183,"s:483:25:483:Infinity":184,"s:486:25:486:Infinity":185,"s:488:2:488:Infinity":186,"f:497:34:497:35":20,"s:497:54:497:Infinity":187,"f:505:8:505:20":21,"s:506:16:506:Infinity":188,"f:513:11:513:21":22,"b:515:3:518:Infinity:undefined:undefined:undefined:undefined":66,"s:515:3:518:Infinity":189,"s:516:4:516:Infinity":190,"s:517:4:517:Infinity":191,"b:521:3:528:Infinity:undefined:undefined:undefined:undefined":67,"s:521:3:528:Infinity":192,"b:521:3:521:37:521:32:521:67:521:67:521:91:521:72:521:130":68,"s:522:21:522:Infinity":193,"b:523:4:527:Infinity:undefined:undefined:undefined:undefined":69,"s:523:4:527:Infinity":194,"b:523:8:523:32:523:32:523:66":70,"s:525:25:525:Infinity":195,"b:525:51:525:90:525:90:525:Infinity":71,"s:526:5:526:Infinity":196,"b:531:3:541:Infinity:undefined:undefined:undefined:undefined":72,"s:531:3:541:Infinity":197,"b:531:3:531:36:531:36:531:49:531:41:531:75":73,"s:532:4:540:Infinity":198,"b:533:5:539:Infinity:undefined:undefined:undefined:undefined":74,"s:533:5:539:Infinity":199,"b:533:5:533:47:533:47:533:77:533:77:533:125":75,"s:534:6:538:Infinity":200,"b:535:7:537:Infinity:undefined:undefined:undefined:undefined":76,"s:535:7:537:Infinity":201,"b:535:11:535:27:535:11:535:57:535:52:535:79:535:79:535:122":77,"s:536:8:536:Infinity":202,"s:544:3:544:Infinity":203,"s:547:2:547:Infinity":204,"s:549:2:549:Infinity":205}}}
,"/home/d1g1tal/development/projects/tsbuild/src/plugins/decorator-metadata.ts": {"path":"/home/d1g1tal/development/projects/tsbuild/src/plugins/decorator-metadata.ts","statementMap":{"0":{"start":{"line":9,"column":31},"end":{"line":19,"column":null}},"1":{"start":{"line":22,"column":50},"end":{"line":48,"column":null}},"2":{"start":{"line":32,"column":2},"end":{"line":32,"column":null}},"3":{"start":{"line":33,"column":2},"end":{"line":46,"column":null}},"4":{"start":{"line":34,"column":18},"end":{"line":34,"column":null}},"5":{"start":{"line":36,"column":3},"end":{"line":43,"column":null}},"6":{"start":{"line":37,"column":36},"end":{"line":37,"column":null}},"7":{"start":{"line":39,"column":4},"end":{"line":41,"column":null}},"8":{"start":{"line":40,"column":5},"end":{"line":40,"column":null}},"9":{"start":{"line":42,"column":4},"end":{"line":42,"column":null}},"10":{"start":{"line":45,"column":3},"end":{"line":45,"column":null}}},"fnMap":{"0":{"name":"(anonymous_0)","decl":{"start":{"line":30,"column":1},"end":{"line":30,"column":7}},"loc":{"start":{"line":30,"column":20},"end":{"line":47,"column":null}},"line":30},"1":{"name":"(anonymous_1)","decl":{"start":{"line":33,"column":27},"end":{"line":33,"column":34}},"loc":{"start":{"line":33,"column":70},"end":{"line":46,"column":3}},"line":33}},"branchMap":{"0":{"loc":{"start":{"line":36,"column":3},"end":{"line":43,"column":null}},"type":"if","locations":[{"start":{"line":36,"column":3},"end":{"line":43,"column":null}},{"start":{},"end":{}}],"line":36}},"s":{"0":1,"1":1,"2":3,"3":3,"4":2,"5":2,"6":1,"7":1,"8":2,"9":1,"10":2},"f":{"0":3,"1":2},"b":{"0":[1,1]},"meta":{"lastBranch":1,"lastFunction":2,"lastStatement":11,"seen":{"s:9:31:19:Infinity":0,"s:22:50:48:Infinity":1,"f:30:1:30:7":0,"s:32:2:32:Infinity":2,"s:33:2:46:Infinity":3,"f:33:27:33:34":1,"s:34:18:34:Infinity":4,"b:36:3:43:Infinity:undefined:undefined:undefined:undefined":0,"s:36:3:43:Infinity":5,"s:37:36:37:Infinity":6,"s:39:4:41:Infinity":7,"s:40:5:40:Infinity":8,"s:42:4:42:Infinity":9,"s:45:3:45:Infinity":10}}}
,"/home/d1g1tal/development/projects/tsbuild/src/plugins/external-modules.ts": {"path":"/home/d1g1tal/development/projects/tsbuild/src/plugins/external-modules.ts","statementMap":{"0":{"start":{"line":7,"column":14},"end":{"line":9,"column":null}},"1":{"start":{"line":8,"column":1},"end":{"line":8,"column":null}},"2":{"start":{"line":8,"column":35},"end":{"line":8,"column":128}},"3":{"start":{"line":11,"column":37},"end":{"line":30,"column":null}},"4":{"start":{"line":12,"column":1},"end":{"line":29,"column":null}},"5":{"start":{"line":19,"column":20},"end":{"line":19,"column":null}},"6":{"start":{"line":20,"column":3},"end":{"line":27,"column":null}},"7":{"start":{"line":21,"column":4},"end":{"line":26,"column":null}},"8":{"start":{"line":22,"column":35},"end":{"line":22,"column":null}},"9":{"start":{"line":23,"column":37},"end":{"line":23,"column":null}},"10":{"start":{"line":24,"column":31},"end":{"line":24,"column":null}},"11":{"start":{"line":25,"column":14},"end":{"line":25,"column":null}}},"fnMap":{"0":{"name":"(anonymous_0)","decl":{"start":{"line":7,"column":14},"end":{"line":7,"column":15}},"loc":{"start":{"line":7,"column":60},"end":{"line":9,"column":null}},"line":7},"1":{"name":"(anonymous_1)","decl":{"start":{"line":8,"column":22},"end":{"line":8,"column":23}},"loc":{"start":{"line":8,"column":35},"end":{"line":8,"column":128}},"line":8},"2":{"name":"(anonymous_2)","decl":{"start":{"line":11,"column":37},"end":{"line":11,"column":38}},"loc":{"start":{"line":11,"column":119},"end":{"line":30,"column":null}},"line":11},"3":{"name":"(anonymous_3)","decl":{"start":{"line":18,"column":2},"end":{"line":18,"column":8}},"loc":{"start":{"line":18,"column":21},"end":{"line":28,"column":null}},"line":18},"4":{"name":"(anonymous_4)","decl":{"start":{"line":20,"column":37},"end":{"line":20,"column":38}},"loc":{"start":{"line":20,"column":80},"end":{"line":27,"column":4}},"line":20}},"branchMap":{"0":{"loc":{"start":{"line":8,"column":35},"end":{"line":8,"column":128}},"type":"cond-expr","locations":[{"start":{"line":8,"column":63},"end":{"line":8,"column":82}},{"start":{"line":8,"column":82},"end":{"line":8,"column":128}}],"line":8},"1":{"loc":{"start":{"line":8,"column":82},"end":{"line":8,"column":128}},"type":"binary-expr","locations":[{"start":{"line":8,"column":82},"end":{"line":8,"column":100}},{"start":{"line":8,"column":100},"end":{"line":8,"column":128}}],"line":8},"2":{"loc":{"start":{"line":11,"column":40},"end":{"line":11,"column":59}},"type":"default-arg","locations":[{"start":{"line":11,"column":55},"end":{"line":11,"column":59}}],"line":11},"3":{"loc":{"start":{"line":11,"column":59},"end":{"line":11,"column":75}},"type":"default-arg","locations":[{"start":{"line":11,"column":72},"end":{"line":11,"column":75}}],"line":11},"4":{"loc":{"start":{"line":21,"column":4},"end":{"line":26,"column":null}},"type":"switch","locations":[{"start":{"line":22,"column":5},"end":{"line":22,"column":null}},{"start":{"line":23,"column":5},"end":{"line":23,"column":null}},{"start":{"line":24,"column":5},"end":{"line":24,"column":null}},{"start":{"line":25,"column":5},"end":{"line":25,"column":null}}],"line":21}},"s":{"0":20,"1":25,"2":11,"3":20,"4":11,"5":10,"6":10,"7":15,"8":5,"9":3,"10":3,"11":4},"f":{"0":25,"1":11,"2":11,"3":10,"4":15},"b":{"0":[2,9],"1":[9,5],"2":[11],"3":[11],"4":[5,3,3,4]},"meta":{"lastBranch":5,"lastFunction":5,"lastStatement":12,"seen":{"s:7:14:9:Infinity":0,"f:7:14:7:15":0,"s:8:1:8:Infinity":1,"f:8:22:8:23":1,"s:8:35:8:128":2,"b:8:63:8:82:8:82:8:128":0,"b:8:82:8:100:8:100:8:128":1,"s:11:37:30:Infinity":3,"f:11:37:11:38":2,"b:11:55:11:59":2,"b:11:72:11:75":3,"s:12:1:29:Infinity":4,"f:18:2:18:8":3,"s:19:20:19:Infinity":5,"s:20:3:27:Infinity":6,"f:20:37:20:38":4,"b:22:5:22:Infinity:23:5:23:Infinity:24:5:24:Infinity:25:5:25:Infinity":4,"s:21:4:26:Infinity":7,"s:22:35:22:Infinity":8,"s:23:37:23:Infinity":9,"s:24:31:24:Infinity":10,"s:25:14:25:Infinity":11}}}
,"/home/d1g1tal/development/projects/tsbuild/src/plugins/output.ts": {"path":"/home/d1g1tal/development/projects/tsbuild/src/plugins/output.ts","statementMap":{"0":{"start":{"line":8,"column":17},"end":{"line":8,"column":null}},"1":{"start":{"line":17,"column":7},"end":{"line":17,"column":null}},"2":{"start":{"line":19,"column":1},"end":{"line":19,"column":null}},"3":{"start":{"line":26,"column":28},"end":{"line":37,"column":null}},"4":{"start":{"line":27,"column":1},"end":{"line":36,"column":null}},"5":{"start":{"line":34,"column":3},"end":{"line":34,"column":null}},"6":{"start":{"line":34,"column":85},"end":{"line":34,"column":136}}},"fnMap":{"0":{"name":"fileMapper","decl":{"start":{"line":15,"column":15},"end":{"line":15,"column":26}},"loc":{"start":{"line":15,"column":73},"end":{"line":20,"column":null}},"line":15},"1":{"name":"(anonymous_1)","decl":{"start":{"line":26,"column":28},"end":{"line":26,"column":42}},"loc":{"start":{"line":26,"column":42},"end":{"line":37,"column":null}},"line":26},"2":{"name":"(anonymous_2)","decl":{"start":{"line":33,"column":2},"end":{"line":33,"column":8}},"loc":{"start":{"line":33,"column":21},"end":{"line":35,"column":null}},"line":33},"3":{"name":"(anonymous_3)","decl":{"start":{"line":34,"column":15},"end":{"line":34,"column":22}},"loc":{"start":{"line":34,"column":85},"end":{"line":34,"column":136}},"line":34}},"branchMap":{"0":{"loc":{"start":{"line":17,"column":7},"end":{"line":17,"column":null}},"type":"cond-expr","locations":[{"start":{"line":17,"column":99},"end":{"line":17,"column":129}},{"start":{"line":17,"column":129},"end":{"line":17,"column":null}}],"line":17},"1":{"loc":{"start":{"line":17,"column":7},"end":{"line":17,"column":99}},"type":"binary-expr","locations":[{"start":{"line":17,"column":7},"end":{"line":17,"column":52}},{"start":{"line":17,"column":52},"end":{"line":17,"column":76}},{"start":{"line":17,"column":76},"end":{"line":17,"column":99}}],"line":17}},"s":{"0":20,"1":39,"2":39,"3":20,"4":31,"5":30,"6":28},"f":{"0":39,"1":31,"2":30,"3":28},"b":{"0":[3,36],"1":[39,34,3]},"meta":{"lastBranch":2,"lastFunction":4,"lastStatement":7,"seen":{"s:8:17:8:Infinity":0,"f:15:15:15:26":0,"s:17:7:17:Infinity":1,"b:17:99:17:129:17:129:17:Infinity":0,"b:17:7:17:52:17:52:17:76:17:76:17:99":1,"s:19:1:19:Infinity":2,"s:26:28:37:Infinity":3,"f:26:28:26:42":1,"s:27:1:36:Infinity":4,"f:33:2:33:8":2,"s:34:3:34:Infinity":5,"f:34:15:34:22":3,"s:34:85:34:136":6}}}
}
